FeatureEnvyDetector	WARN	Finded Feature Envy
FeatureEnvyDetector	WARN	at C:\Users\User\Documents\大學三年級\111-1-Windows-Programming\HW1\HW1\Form1.cs Line 36
FeatureEnvyDetector	WARN	 Library109590004.Form1 envy Library109590004.Library
FeatureEnvyDetector	WARN	use list:
FeatureEnvyDetector	WARN		GetCategories
FeatureEnvyDetector	WARN		GetCategories
FeatureEnvyDetector	WARN	Finded Feature Envy
FeatureEnvyDetector	WARN	at C:\Users\User\Documents\大學三年級\111-1-Windows-Programming\HW1\HW1\Form1.cs Line 36
FeatureEnvyDetector	WARN	 Library109590004.Form1 envy Library109590004.Library
FeatureEnvyDetector	WARN	use list:
FeatureEnvyDetector	WARN		GetCategories
FeatureEnvyDetector	WARN		GetCategories
FeatureEnvyDetector	WARN	Finded Feature Envy
FeatureEnvyDetector	WARN	at C:\Users\User\Documents\大學三年級\111-1-Windows-Programming\HW1\HW1\Form1.cs Line 38
FeatureEnvyDetector	WARN	 Library109590004.Form1 envy Library109590004.Library
FeatureEnvyDetector	WARN	use list:
FeatureEnvyDetector	WARN		GetCategories
FeatureEnvyDetector	WARN		GetCategories
FeatureEnvyDetector	WARN	Finded Feature Envy
FeatureEnvyDetector	WARN	at C:\Users\User\Documents\大學三年級\111-1-Windows-Programming\HW1\HW1\Form1.cs Line 38
FeatureEnvyDetector	WARN	 Library109590004.Form1 envy Library109590004.Library
FeatureEnvyDetector	WARN	use list:
FeatureEnvyDetector	WARN		GetCategories
FeatureEnvyDetector	WARN		GetCategories
FeatureEnvyDetector	WARN	Finded Feature Envy
FeatureEnvyDetector	WARN	at C:\Users\User\Documents\大學三年級\111-1-Windows-Programming\HW1\HW1\Form1.cs Line 36
FeatureEnvyDetector	WARN	 Library109590004.Form1 envy Library109590004.Library
FeatureEnvyDetector	WARN	use list:
FeatureEnvyDetector	WARN		GetCategories
FeatureEnvyDetector	WARN		GetCategories
FeatureEnvyDetector	WARN	Finded Feature Envy
FeatureEnvyDetector	WARN	at C:\Users\User\Documents\大學三年級\111-1-Windows-Programming\HW1\HW1\Form1.cs Line 37
FeatureEnvyDetector	WARN	 Library109590004.Form1 envy Library109590004.Library
FeatureEnvyDetector	WARN	use list:
FeatureEnvyDetector	WARN		GetCategories
FeatureEnvyDetector	WARN		GetCategories
FeatureEnvyDetector	WARN	Finded Feature Envy
FeatureEnvyDetector	WARN	at C:\Users\User\Documents\大學三年級\111-1-Windows-Programming\HW1\HW1\Form1.cs Line 40
FeatureEnvyDetector	WARN	 Library109590004.Form1 envy Library109590004.Library
FeatureEnvyDetector	WARN	use list:
FeatureEnvyDetector	WARN		GetCategories
FeatureEnvyDetector	WARN		GetCategories
FeatureEnvyDetector	WARN	Finded Feature Envy
FeatureEnvyDetector	WARN	at C:\Users\User\Documents\大學三年級\111-1-Windows-Programming\HW1\HW1\Form1.cs Line 40
FeatureEnvyDetector	WARN	 Library109590004.Form1 envy Library109590004.Library
FeatureEnvyDetector	WARN	use list:
FeatureEnvyDetector	WARN		GetCategories
FeatureEnvyDetector	WARN		GetCategories
