Entering constructor for: ReviewPal.ReviewPal2013.DrSmellPackage
Entering Initialize() of: ReviewPal.ReviewPal2013.DrSmellPackage
2022-09-23 01:40:47Z : PB = 247623680 : In   : ---------------------------- StyleCop.StyleCopCore..ctor(environment=<null>, hostTag=<null>)
2022-09-23 01:40:47Z : PB = 247664640 : Out  : ---------------------------- StyleCop.StyleCopCore..ctor()
2022-09-23 01:40:47Z : PB = 248074240 : Out  : ------------------------- StyleCop.StyleCopCore.Initialize()
C:\Users\user\Documents\大學三年級\111-1-Windows-Programming\HW1\debug.log
ResolveFWLinkAccountManager statusCode is redirect: 'True'
ResolveFWLinkAccountManager resovled fwlink from 'https://go.microsoft.com/fwlink/?LinkID=415837' to 'https://app.vssps.visualstudio.com/'
2022-09-23 01:40:58Z : PB = 270663680 : In   : ---------------------------------- StyleCop.VisualStudio.AnalysisHelper.Analyze(full=True, type={Solution}, analysisFileManager=<missing>)
2022-09-23 01:41:00Z : PB = 277229568 : Out  : ---------------------------------- StyleCop.VisualStudio.AnalysisHelper.Analyze()
2022-09-23 01:41:00Z : PB = 277598208 : In   : ----- StyleCop.VisualStudio.AnalysisThread.AnalyzeProc()
2022-09-23 01:41:00Z : PB = 277606400 : In   : ------ StyleCop.StyleCopCore.FullAnalyze(projects=[List<CodeProject>: Count = 1])
2022-09-23 01:41:00Z : PB = 277639168 : In   : ------- StyleCop.StyleCopCore.Analyze(projects=[List<CodeProject>: Count = 1], ignoreCache=True, settingsPath=<null>)
2022-09-23 01:41:00Z : PB = 278528000 : In   : -------- StyleCop.StyleCopCore.RunWorkerThreads(data=[Data], count=1)
2022-09-23 01:41:00Z : PB = 278667264 : In   : --------- StyleCop.StyleCopThread.DoWork(sender=<null>)
2022-09-23 01:41:00Z : PB = 278749184 : In   : ---------- StyleCop.StyleCopThread.ParseAndAnalyzeDocument(sourceCode=[CodeFile], documentStatus=[DocumentAnalysisStatus])
2022-09-23 01:41:00Z : PB = 278904832 : In   : ----------- StyleCop.CSharp.CsParser.ParseFile(sourceCode=[CodeFile], passNumber=0, document=<null>)
2022-09-23 01:41:00Z : PB = 280285184 : Out  : ----------- StyleCop.CSharp.CsParser.ParseFile()=False
2022-09-23 01:41:00Z : PB = 280293376 : In   : ----------- StyleCop.StyleCopThread.TestAndRunAnalyzers(document=[CsDocument], parser=[CsParser], analyzers=[<get_EnabledAnalyzers>d__20], passNumber=0)
2022-09-23 01:41:00Z : PB = 280338432 : In   : ------------ StyleCop.StyleCopThread.RunAnalyzers(document=[CsDocument], parser=[CsParser], analyzers=[<get_EnabledAnalyzers>d__20])
2022-09-23 01:41:00Z : PB = 288280576 : Out  : ------------ StyleCop.StyleCopThread.RunAnalyzers()
2022-09-23 01:41:00Z : PB = 288280576 : Out  : ----------- StyleCop.StyleCopThread.TestAndRunAnalyzers()=True
2022-09-23 01:41:00Z : PB = 288309248 : Out  : ---------- StyleCop.StyleCopThread.ParseAndAnalyzeDocument()
2022-09-23 01:41:00Z : PB = 288309248 : In   : ---------- StyleCop.StyleCopThread.ParseAndAnalyzeDocument(sourceCode=[CodeFile], documentStatus=[DocumentAnalysisStatus])
2022-09-23 01:41:00Z : PB = 288309248 : In   : ----------- StyleCop.CSharp.CsParser.ParseFile(sourceCode=[CodeFile], passNumber=0, document=<null>)
2022-09-23 01:41:00Z : PB = 288329728 : Out  : ----------- StyleCop.CSharp.CsParser.ParseFile()=False
2022-09-23 01:41:00Z : PB = 288329728 : In   : ----------- StyleCop.StyleCopThread.TestAndRunAnalyzers(document=[CsDocument], parser=[CsParser], analyzers=[<get_EnabledAnalyzers>d__20], passNumber=0)
2022-09-23 01:41:00Z : PB = 288329728 : In   : ------------ StyleCop.StyleCopThread.RunAnalyzers(document=[CsDocument], parser=[CsParser], analyzers=[<get_EnabledAnalyzers>d__20])
2022-09-23 01:41:00Z : PB = 294146048 : Out  : ------------ StyleCop.StyleCopThread.RunAnalyzers()
2022-09-23 01:41:00Z : PB = 294146048 : Out  : ----------- StyleCop.StyleCopThread.TestAndRunAnalyzers()=True
2022-09-23 01:41:00Z : PB = 294146048 : Out  : ---------- StyleCop.StyleCopThread.ParseAndAnalyzeDocument()
2022-09-23 01:41:00Z : PB = 294146048 : In   : ---------- StyleCop.StyleCopThread.ParseAndAnalyzeDocument(sourceCode=[CodeFile], documentStatus=[DocumentAnalysisStatus])
2022-09-23 01:41:00Z : PB = 294146048 : In   : ----------- StyleCop.CSharp.CsParser.ParseFile(sourceCode=[CodeFile], passNumber=0, document=<null>)
2022-09-23 01:41:00Z : PB = 294514688 : Out  : ----------- StyleCop.CSharp.CsParser.ParseFile()=False
2022-09-23 01:41:00Z : PB = 294514688 : In   : ----------- StyleCop.StyleCopThread.TestAndRunAnalyzers(document=[CsDocument], parser=[CsParser], analyzers=[<get_EnabledAnalyzers>d__20], passNumber=0)
2022-09-23 01:41:00Z : PB = 294514688 : In   : ------------ StyleCop.StyleCopThread.RunAnalyzers(document=[CsDocument], parser=[CsParser], analyzers=[<get_EnabledAnalyzers>d__20])
2022-09-23 01:41:00Z : PB = 300257280 : Out  : ------------ StyleCop.StyleCopThread.RunAnalyzers()
2022-09-23 01:41:00Z : PB = 300257280 : Out  : ----------- StyleCop.StyleCopThread.TestAndRunAnalyzers()=True
2022-09-23 01:41:00Z : PB = 300257280 : Out  : ---------- StyleCop.StyleCopThread.ParseAndAnalyzeDocument()
2022-09-23 01:41:00Z : PB = 300257280 : In   : ---------- StyleCop.StyleCopThread.ParseAndAnalyzeDocument(sourceCode=[CodeFile], documentStatus=[DocumentAnalysisStatus])
2022-09-23 01:41:00Z : PB = 300257280 : In   : ----------- StyleCop.CSharp.CsParser.ParseFile(sourceCode=[CodeFile], passNumber=0, document=<null>)
2022-09-23 01:41:00Z : PB = 300400640 : Out  : ----------- StyleCop.CSharp.CsParser.ParseFile()=False
2022-09-23 01:41:00Z : PB = 300466176 : In   : ----------- StyleCop.StyleCopThread.TestAndRunAnalyzers(document=[CsDocument], parser=[CsParser], analyzers=[<get_EnabledAnalyzers>d__20], passNumber=0)
2022-09-23 01:41:00Z : PB = 300294144 : In   : ------------ StyleCop.StyleCopThread.RunAnalyzers(document=[CsDocument], parser=[CsParser], analyzers=[<get_EnabledAnalyzers>d__20])
2022-09-23 01:41:00Z : PB = 306114560 : Out  : ------------ StyleCop.StyleCopThread.RunAnalyzers()
2022-09-23 01:41:00Z : PB = 306122752 : Out  : ----------- StyleCop.StyleCopThread.TestAndRunAnalyzers()=True
2022-09-23 01:41:00Z : PB = 306122752 : Out  : ---------- StyleCop.StyleCopThread.ParseAndAnalyzeDocument()
2022-09-23 01:41:00Z : PB = 306122752 : In   : ---------- StyleCop.StyleCopThread.ParseAndAnalyzeDocument(sourceCode=[CodeFile], documentStatus=[DocumentAnalysisStatus])
2022-09-23 01:41:00Z : PB = 306126848 : In   : ----------- StyleCop.CSharp.CsParser.ParseFile(sourceCode=[CodeFile], passNumber=0, document=<null>)
2022-09-23 01:41:00Z : PB = 306913280 : Out  : ----------- StyleCop.CSharp.CsParser.ParseFile()=False
2022-09-23 01:41:00Z : PB = 306913280 : In   : ----------- StyleCop.StyleCopThread.TestAndRunAnalyzers(document=[CsDocument], parser=[CsParser], analyzers=[<get_EnabledAnalyzers>d__20], passNumber=0)
2022-09-23 01:41:00Z : PB = 307032064 : In   : ------------ StyleCop.StyleCopThread.RunAnalyzers(document=[CsDocument], parser=[CsParser], analyzers=[<get_EnabledAnalyzers>d__20])
2022-09-23 01:41:01Z : PB = 299651072 : Out  : ------------ StyleCop.StyleCopThread.RunAnalyzers()
2022-09-23 01:41:01Z : PB = 299651072 : Out  : ----------- StyleCop.StyleCopThread.TestAndRunAnalyzers()=True
2022-09-23 01:41:01Z : PB = 299651072 : Out  : ---------- StyleCop.StyleCopThread.ParseAndAnalyzeDocument()
2022-09-23 01:41:01Z : PB = 299651072 : In   : ---------- StyleCop.StyleCopThread.ParseAndAnalyzeDocument(sourceCode=[CodeFile], documentStatus=[DocumentAnalysisStatus])
2022-09-23 01:41:01Z : PB = 299651072 : In   : ----------- StyleCop.CSharp.CsParser.ParseFile(sourceCode=[CodeFile], passNumber=0, document=<null>)
2022-09-23 01:41:01Z : PB = 299659264 : Out  : ----------- StyleCop.CSharp.CsParser.ParseFile()=False
2022-09-23 01:41:01Z : PB = 299659264 : In   : ----------- StyleCop.StyleCopThread.TestAndRunAnalyzers(document=[CsDocument], parser=[CsParser], analyzers=[<get_EnabledAnalyzers>d__20], passNumber=0)
2022-09-23 01:41:01Z : PB = 299659264 : In   : ------------ StyleCop.StyleCopThread.RunAnalyzers(document=[CsDocument], parser=[CsParser], analyzers=[<get_EnabledAnalyzers>d__20])
2022-09-23 01:41:01Z : PB = 297299968 : Out  : ------------ StyleCop.StyleCopThread.RunAnalyzers()
2022-09-23 01:41:01Z : PB = 297299968 : Out  : ----------- StyleCop.StyleCopThread.TestAndRunAnalyzers()=True
2022-09-23 01:41:01Z : PB = 297299968 : Out  : ---------- StyleCop.StyleCopThread.ParseAndAnalyzeDocument()
2022-09-23 01:41:01Z : PB = 297299968 : In   : ---------- StyleCop.StyleCopThread.ParseAndAnalyzeDocument(sourceCode=[CodeFile], documentStatus=[DocumentAnalysisStatus])
2022-09-23 01:41:01Z : PB = 297299968 : In   : ----------- StyleCop.CSharp.CsParser.ParseFile(sourceCode=[CodeFile], passNumber=0, document=<null>)
2022-09-23 01:41:01Z : PB = 297320448 : Out  : ----------- StyleCop.CSharp.CsParser.ParseFile()=False
2022-09-23 01:41:01Z : PB = 297320448 : In   : ----------- StyleCop.StyleCopThread.TestAndRunAnalyzers(document=[CsDocument], parser=[CsParser], analyzers=[<get_EnabledAnalyzers>d__20], passNumber=0)
2022-09-23 01:41:01Z : PB = 297320448 : In   : ------------ StyleCop.StyleCopThread.RunAnalyzers(document=[CsDocument], parser=[CsParser], analyzers=[<get_EnabledAnalyzers>d__20])
2022-09-23 01:41:01Z : PB = 301056000 : Out  : ------------ StyleCop.StyleCopThread.RunAnalyzers()
2022-09-23 01:41:01Z : PB = 301056000 : Out  : ----------- StyleCop.StyleCopThread.TestAndRunAnalyzers()=True
2022-09-23 01:41:01Z : PB = 301056000 : Out  : ---------- StyleCop.StyleCopThread.ParseAndAnalyzeDocument()
2022-09-23 01:41:01Z : PB = 301056000 : In   : ---------- StyleCop.StyleCopThread.ParseAndAnalyzeDocument(sourceCode=[CodeFile], documentStatus=[DocumentAnalysisStatus])
2022-09-23 01:41:01Z : PB = 301056000 : In   : ----------- StyleCop.CSharp.CsParser.ParseFile(sourceCode=[CodeFile], passNumber=0, document=<null>)
2022-09-23 01:41:01Z : PB = 301060096 : Out  : ----------- StyleCop.CSharp.CsParser.ParseFile()=False
2022-09-23 01:41:01Z : PB = 301060096 : In   : ----------- StyleCop.StyleCopThread.TestAndRunAnalyzers(document=[CsDocument], parser=[CsParser], analyzers=[<get_EnabledAnalyzers>d__20], passNumber=0)
2022-09-23 01:41:01Z : PB = 301060096 : In   : ------------ StyleCop.StyleCopThread.RunAnalyzers(document=[CsDocument], parser=[CsParser], analyzers=[<get_EnabledAnalyzers>d__20])
2022-09-23 01:41:01Z : PB = 304472064 : Out  : ------------ StyleCop.StyleCopThread.RunAnalyzers()
2022-09-23 01:41:01Z : PB = 304472064 : Out  : ----------- StyleCop.StyleCopThread.TestAndRunAnalyzers()=True
2022-09-23 01:41:01Z : PB = 304472064 : Out  : ---------- StyleCop.StyleCopThread.ParseAndAnalyzeDocument()
2022-09-23 01:41:01Z : PB = 304472064 : In   : ---------- StyleCop.StyleCopThread.ParseAndAnalyzeDocument(sourceCode=[CodeFile], documentStatus=[DocumentAnalysisStatus])
2022-09-23 01:41:01Z : PB = 304472064 : In   : ----------- StyleCop.CSharp.CsParser.ParseFile(sourceCode=[CodeFile], passNumber=0, document=<null>)
2022-09-23 01:41:01Z : PB = 304484352 : Out  : ----------- StyleCop.CSharp.CsParser.ParseFile()=False
2022-09-23 01:41:01Z : PB = 304484352 : In   : ----------- StyleCop.StyleCopThread.TestAndRunAnalyzers(document=[CsDocument], parser=[CsParser], analyzers=[<get_EnabledAnalyzers>d__20], passNumber=0)
2022-09-23 01:41:01Z : PB = 304484352 : In   : ------------ StyleCop.StyleCopThread.RunAnalyzers(document=[CsDocument], parser=[CsParser], analyzers=[<get_EnabledAnalyzers>d__20])
2022-09-23 01:41:01Z : PB = 309825536 : Out  : ------------ StyleCop.StyleCopThread.RunAnalyzers()
2022-09-23 01:41:01Z : PB = 309825536 : Out  : ----------- StyleCop.StyleCopThread.TestAndRunAnalyzers()=True
2022-09-23 01:41:01Z : PB = 309825536 : Out  : ---------- StyleCop.StyleCopThread.ParseAndAnalyzeDocument()
2022-09-23 01:41:01Z : PB = 309825536 : In   : ---------- StyleCop.StyleCopThread.ParseAndAnalyzeDocument(sourceCode=[CodeFile], documentStatus=[DocumentAnalysisStatus])
2022-09-23 01:41:01Z : PB = 309825536 : In   : ----------- StyleCop.CSharp.CsParser.ParseFile(sourceCode=[CodeFile], passNumber=0, document=<null>)
2022-09-23 01:41:01Z : PB = 309825536 : Out  : ----------- StyleCop.CSharp.CsParser.ParseFile()=False
2022-09-23 01:41:01Z : PB = 309825536 : In   : ----------- StyleCop.StyleCopThread.TestAndRunAnalyzers(document=[CsDocument], parser=[CsParser], analyzers=[<get_EnabledAnalyzers>d__20], passNumber=0)
2022-09-23 01:41:01Z : PB = 309825536 : In   : ------------ StyleCop.StyleCopThread.RunAnalyzers(document=[CsDocument], parser=[CsParser], analyzers=[<get_EnabledAnalyzers>d__20])
2022-09-23 01:41:01Z : PB = 316518400 : Out  : ------------ StyleCop.StyleCopThread.RunAnalyzers()
2022-09-23 01:41:01Z : PB = 316583936 : Out  : ----------- StyleCop.StyleCopThread.TestAndRunAnalyzers()=True
2022-09-23 01:41:01Z : PB = 316649472 : Out  : ---------- StyleCop.StyleCopThread.ParseAndAnalyzeDocument()
2022-09-23 01:41:01Z : PB = 316780544 : Out  : --------- StyleCop.StyleCopThread.DoWork()
2022-09-23 01:41:01Z : PB = 316846080 : Out  : -------- StyleCop.StyleCopCore.RunWorkerThreads()=True
2022-09-23 01:41:01Z : PB = 317050880 : Out  : ------- StyleCop.StyleCopCore.Analyze()
2022-09-23 01:41:01Z : PB = 319283200 : Out  : ------ StyleCop.StyleCopCore.FullAnalyze()
2022-09-23 01:41:01Z : PB = 319283200 : In   : ------ StyleCop.VisualStudio.AnalysisHelper.AnalyzeComplete(sender=[AnalysisThread], e=[EventArgs])
2022-09-23 01:41:01Z : PB = 319283200 : In   : ------- StyleCop.VisualStudio.AnalysisHelper.AnalyzeCompleteMain(sender=[AnalysisThread], e=[EventArgs])
2022-09-23 01:41:04Z : PB = 298004480 : Out  : ------- StyleCop.VisualStudio.AnalysisHelper.AnalyzeCompleteMain()
2022-09-23 01:41:04Z : PB = 298004480 : Out  : ------ StyleCop.VisualStudio.AnalysisHelper.AnalyzeComplete()
2022-09-23 01:41:04Z : PB = 298004480 : Out  : ----- StyleCop.VisualStudio.AnalysisThread.AnalyzeProc()
2022-09-23 01:50:51Z : PB = 317370368 : In   : ---------------------------------- StyleCop.VisualStudio.AnalysisHelper.Analyze(full=True, type={Solution}, analysisFileManager=<missing>)
2022-09-23 01:50:51Z : PB = 315912192 : In   : ----- StyleCop.VisualStudio.AnalysisThread.AnalyzeProc()
2022-09-23 01:50:51Z : PB = 316129280 : Out  : ---------------------------------- StyleCop.VisualStudio.AnalysisHelper.Analyze()
2022-09-23 01:50:51Z : PB = 316129280 : In   : ------ StyleCop.StyleCopCore.FullAnalyze(projects=[List<CodeProject>: Count = 1])
2022-09-23 01:50:51Z : PB = 316129280 : In   : ------- StyleCop.StyleCopCore.Analyze(projects=[List<CodeProject>: Count = 1], ignoreCache=True, settingsPath=<null>)
2022-09-23 01:50:51Z : PB = 316129280 : In   : -------- StyleCop.StyleCopCore.RunWorkerThreads(data=[Data], count=1)
2022-09-23 01:50:51Z : PB = 316129280 : In   : --------- StyleCop.StyleCopThread.DoWork(sender=<null>)
2022-09-23 01:50:51Z : PB = 315478016 : In   : ---------- StyleCop.StyleCopThread.ParseAndAnalyzeDocument(sourceCode=[CodeFile], documentStatus=[DocumentAnalysisStatus])
2022-09-23 01:50:51Z : PB = 315482112 : In   : ----------- StyleCop.CSharp.CsParser.ParseFile(sourceCode=[CodeFile], passNumber=0, document=<null>)
2022-09-23 01:50:51Z : PB = 315482112 : Out  : ----------- StyleCop.CSharp.CsParser.ParseFile()=False
2022-09-23 01:50:51Z : PB = 315482112 : In   : ----------- StyleCop.StyleCopThread.TestAndRunAnalyzers(document=[CsDocument], parser=[CsParser], analyzers=[<get_EnabledAnalyzers>d__20], passNumber=0)
2022-09-23 01:50:51Z : PB = 315482112 : In   : ------------ StyleCop.StyleCopThread.RunAnalyzers(document=[CsDocument], parser=[CsParser], analyzers=[<get_EnabledAnalyzers>d__20])
2022-09-23 01:50:51Z : PB = 322408448 : Out  : ------------ StyleCop.StyleCopThread.RunAnalyzers()
2022-09-23 01:50:51Z : PB = 322408448 : Out  : ----------- StyleCop.StyleCopThread.TestAndRunAnalyzers()=True
2022-09-23 01:50:51Z : PB = 322408448 : Out  : ---------- StyleCop.StyleCopThread.ParseAndAnalyzeDocument()
2022-09-23 01:50:51Z : PB = 322473984 : In   : ---------- StyleCop.StyleCopThread.ParseAndAnalyzeDocument(sourceCode=[CodeFile], documentStatus=[DocumentAnalysisStatus])
2022-09-23 01:50:51Z : PB = 322605056 : In   : ----------- StyleCop.CSharp.CsParser.ParseFile(sourceCode=[CodeFile], passNumber=0, document=<null>)
2022-09-23 01:50:51Z : PB = 323186688 : Out  : ----------- StyleCop.CSharp.CsParser.ParseFile()=False
2022-09-23 01:50:51Z : PB = 323186688 : In   : ----------- StyleCop.StyleCopThread.TestAndRunAnalyzers(document=[CsDocument], parser=[CsParser], analyzers=[<get_EnabledAnalyzers>d__20], passNumber=0)
2022-09-23 01:50:51Z : PB = 323186688 : In   : ------------ StyleCop.StyleCopThread.RunAnalyzers(document=[CsDocument], parser=[CsParser], analyzers=[<get_EnabledAnalyzers>d__20])
2022-09-23 01:50:51Z : PB = 328466432 : Out  : ------------ StyleCop.StyleCopThread.RunAnalyzers()
2022-09-23 01:50:51Z : PB = 328466432 : Out  : ----------- StyleCop.StyleCopThread.TestAndRunAnalyzers()=True
2022-09-23 01:50:51Z : PB = 328466432 : Out  : ---------- StyleCop.StyleCopThread.ParseAndAnalyzeDocument()
2022-09-23 01:50:51Z : PB = 328466432 : In   : ---------- StyleCop.StyleCopThread.ParseAndAnalyzeDocument(sourceCode=[CodeFile], documentStatus=[DocumentAnalysisStatus])
2022-09-23 01:50:51Z : PB = 328466432 : In   : ----------- StyleCop.CSharp.CsParser.ParseFile(sourceCode=[CodeFile], passNumber=0, document=<null>)
2022-09-23 01:50:51Z : PB = 328531968 : Out  : ----------- StyleCop.CSharp.CsParser.ParseFile()=False
2022-09-23 01:50:51Z : PB = 328601600 : In   : ----------- StyleCop.StyleCopThread.TestAndRunAnalyzers(document=[CsDocument], parser=[CsParser], analyzers=[<get_EnabledAnalyzers>d__20], passNumber=0)
2022-09-23 01:50:51Z : PB = 328667136 : In   : ------------ StyleCop.StyleCopThread.RunAnalyzers(document=[CsDocument], parser=[CsParser], analyzers=[<get_EnabledAnalyzers>d__20])
2022-09-23 01:50:51Z : PB = 330375168 : Out  : ------------ StyleCop.StyleCopThread.RunAnalyzers()
2022-09-23 01:50:51Z : PB = 330440704 : Out  : ----------- StyleCop.StyleCopThread.TestAndRunAnalyzers()=True
2022-09-23 01:50:51Z : PB = 330571776 : Out  : ---------- StyleCop.StyleCopThread.ParseAndAnalyzeDocument()
2022-09-23 01:50:51Z : PB = 330637312 : In   : ---------- StyleCop.StyleCopThread.ParseAndAnalyzeDocument(sourceCode=[CodeFile], documentStatus=[DocumentAnalysisStatus])
2022-09-23 01:50:51Z : PB = 330702848 : In   : ----------- StyleCop.CSharp.CsParser.ParseFile(sourceCode=[CodeFile], passNumber=0, document=<null>)
2022-09-23 01:50:51Z : PB = 332279808 : Out  : ----------- StyleCop.CSharp.CsParser.ParseFile()=False
2022-09-23 01:50:51Z : PB = 332345344 : In   : ----------- StyleCop.StyleCopThread.TestAndRunAnalyzers(document=[CsDocument], parser=[CsParser], analyzers=[<get_EnabledAnalyzers>d__20], passNumber=0)
2022-09-23 01:50:51Z : PB = 332476416 : In   : ------------ StyleCop.StyleCopThread.RunAnalyzers(document=[CsDocument], parser=[CsParser], analyzers=[<get_EnabledAnalyzers>d__20])
2022-09-23 01:50:51Z : PB = 342949888 : Out  : ------------ StyleCop.StyleCopThread.RunAnalyzers()
2022-09-23 01:50:51Z : PB = 342949888 : Out  : ----------- StyleCop.StyleCopThread.TestAndRunAnalyzers()=True
2022-09-23 01:50:51Z : PB = 342949888 : Out  : ---------- StyleCop.StyleCopThread.ParseAndAnalyzeDocument()
2022-09-23 01:50:51Z : PB = 342949888 : In   : ---------- StyleCop.StyleCopThread.ParseAndAnalyzeDocument(sourceCode=[CodeFile], documentStatus=[DocumentAnalysisStatus])
2022-09-23 01:50:51Z : PB = 342949888 : In   : ----------- StyleCop.CSharp.CsParser.ParseFile(sourceCode=[CodeFile], passNumber=0, document=<null>)
2022-09-23 01:50:51Z : PB = 342949888 : Out  : ----------- StyleCop.CSharp.CsParser.ParseFile()=False
2022-09-23 01:50:51Z : PB = 342949888 : In   : ----------- StyleCop.StyleCopThread.TestAndRunAnalyzers(document=[CsDocument], parser=[CsParser], analyzers=[<get_EnabledAnalyzers>d__20], passNumber=0)
2022-09-23 01:50:51Z : PB = 342949888 : In   : ------------ StyleCop.StyleCopThread.RunAnalyzers(document=[CsDocument], parser=[CsParser], analyzers=[<get_EnabledAnalyzers>d__20])
2022-09-23 01:50:51Z : PB = 349298688 : Out  : ------------ StyleCop.StyleCopThread.RunAnalyzers()
2022-09-23 01:50:51Z : PB = 349298688 : Out  : ----------- StyleCop.StyleCopThread.TestAndRunAnalyzers()=True
2022-09-23 01:50:51Z : PB = 349298688 : Out  : ---------- StyleCop.StyleCopThread.ParseAndAnalyzeDocument()
2022-09-23 01:50:51Z : PB = 349298688 : In   : ---------- StyleCop.StyleCopThread.ParseAndAnalyzeDocument(sourceCode=[CodeFile], documentStatus=[DocumentAnalysisStatus])
2022-09-23 01:50:51Z : PB = 349298688 : In   : ----------- StyleCop.CSharp.CsParser.ParseFile(sourceCode=[CodeFile], passNumber=0, document=<null>)
2022-09-23 01:50:51Z : PB = 349298688 : Out  : ----------- StyleCop.CSharp.CsParser.ParseFile()=False
2022-09-23 01:50:51Z : PB = 349298688 : In   : ----------- StyleCop.StyleCopThread.TestAndRunAnalyzers(document=[CsDocument], parser=[CsParser], analyzers=[<get_EnabledAnalyzers>d__20], passNumber=0)
2022-09-23 01:50:51Z : PB = 349298688 : In   : ------------ StyleCop.StyleCopThread.RunAnalyzers(document=[CsDocument], parser=[CsParser], analyzers=[<get_EnabledAnalyzers>d__20])
2022-09-23 01:50:52Z : PB = 354988032 : Out  : ------------ StyleCop.StyleCopThread.RunAnalyzers()
2022-09-23 01:50:52Z : PB = 354988032 : Out  : ----------- StyleCop.StyleCopThread.TestAndRunAnalyzers()=True
2022-09-23 01:50:52Z : PB = 354988032 : Out  : ---------- StyleCop.StyleCopThread.ParseAndAnalyzeDocument()
2022-09-23 01:50:52Z : PB = 354988032 : In   : ---------- StyleCop.StyleCopThread.ParseAndAnalyzeDocument(sourceCode=[CodeFile], documentStatus=[DocumentAnalysisStatus])
2022-09-23 01:50:52Z : PB = 354988032 : In   : ----------- StyleCop.CSharp.CsParser.ParseFile(sourceCode=[CodeFile], passNumber=0, document=<null>)
2022-09-23 01:50:52Z : PB = 354988032 : Out  : ----------- StyleCop.CSharp.CsParser.ParseFile()=False
2022-09-23 01:50:52Z : PB = 354988032 : In   : ----------- StyleCop.StyleCopThread.TestAndRunAnalyzers(document=[CsDocument], parser=[CsParser], analyzers=[<get_EnabledAnalyzers>d__20], passNumber=0)
2022-09-23 01:50:52Z : PB = 354988032 : In   : ------------ StyleCop.StyleCopThread.RunAnalyzers(document=[CsDocument], parser=[CsParser], analyzers=[<get_EnabledAnalyzers>d__20])
2022-09-23 01:50:52Z : PB = 360538112 : Out  : ------------ StyleCop.StyleCopThread.RunAnalyzers()
2022-09-23 01:50:52Z : PB = 360538112 : Out  : ----------- StyleCop.StyleCopThread.TestAndRunAnalyzers()=True
2022-09-23 01:50:52Z : PB = 360538112 : Out  : ---------- StyleCop.StyleCopThread.ParseAndAnalyzeDocument()
2022-09-23 01:50:52Z : PB = 360538112 : In   : ---------- StyleCop.StyleCopThread.ParseAndAnalyzeDocument(sourceCode=[CodeFile], documentStatus=[DocumentAnalysisStatus])
2022-09-23 01:50:52Z : PB = 360538112 : In   : ----------- StyleCop.CSharp.CsParser.ParseFile(sourceCode=[CodeFile], passNumber=0, document=<null>)
2022-09-23 01:50:52Z : PB = 360538112 : Out  : ----------- StyleCop.CSharp.CsParser.ParseFile()=False
2022-09-23 01:50:52Z : PB = 360538112 : In   : ----------- StyleCop.StyleCopThread.TestAndRunAnalyzers(document=[CsDocument], parser=[CsParser], analyzers=[<get_EnabledAnalyzers>d__20], passNumber=0)
2022-09-23 01:50:52Z : PB = 360538112 : In   : ------------ StyleCop.StyleCopThread.RunAnalyzers(document=[CsDocument], parser=[CsParser], analyzers=[<get_EnabledAnalyzers>d__20])
2022-09-23 01:50:52Z : PB = 365821952 : Out  : ------------ StyleCop.StyleCopThread.RunAnalyzers()
2022-09-23 01:50:52Z : PB = 365821952 : Out  : ----------- StyleCop.StyleCopThread.TestAndRunAnalyzers()=True
2022-09-23 01:50:52Z : PB = 365821952 : Out  : ---------- StyleCop.StyleCopThread.ParseAndAnalyzeDocument()
2022-09-23 01:50:52Z : PB = 365821952 : In   : ---------- StyleCop.StyleCopThread.ParseAndAnalyzeDocument(sourceCode=[CodeFile], documentStatus=[DocumentAnalysisStatus])
2022-09-23 01:50:52Z : PB = 365821952 : In   : ----------- StyleCop.CSharp.CsParser.ParseFile(sourceCode=[CodeFile], passNumber=0, document=<null>)
2022-09-23 01:50:52Z : PB = 366612480 : Out  : ----------- StyleCop.CSharp.CsParser.ParseFile()=False
2022-09-23 01:50:52Z : PB = 366612480 : In   : ----------- StyleCop.StyleCopThread.TestAndRunAnalyzers(document=[CsDocument], parser=[CsParser], analyzers=[<get_EnabledAnalyzers>d__20], passNumber=0)
2022-09-23 01:50:52Z : PB = 366612480 : In   : ------------ StyleCop.StyleCopThread.RunAnalyzers(document=[CsDocument], parser=[CsParser], analyzers=[<get_EnabledAnalyzers>d__20])
2022-09-23 01:50:52Z : PB = 372752384 : Out  : ------------ StyleCop.StyleCopThread.RunAnalyzers()
2022-09-23 01:50:52Z : PB = 372752384 : Out  : ----------- StyleCop.StyleCopThread.TestAndRunAnalyzers()=True
2022-09-23 01:50:52Z : PB = 372752384 : Out  : ---------- StyleCop.StyleCopThread.ParseAndAnalyzeDocument()
2022-09-23 01:50:52Z : PB = 372752384 : In   : ---------- StyleCop.StyleCopThread.ParseAndAnalyzeDocument(sourceCode=[CodeFile], documentStatus=[DocumentAnalysisStatus])
2022-09-23 01:50:52Z : PB = 372752384 : In   : ----------- StyleCop.CSharp.CsParser.ParseFile(sourceCode=[CodeFile], passNumber=0, document=<null>)
2022-09-23 01:50:52Z : PB = 372752384 : Out  : ----------- StyleCop.CSharp.CsParser.ParseFile()=False
2022-09-23 01:50:52Z : PB = 372752384 : In   : ----------- StyleCop.StyleCopThread.TestAndRunAnalyzers(document=[CsDocument], parser=[CsParser], analyzers=[<get_EnabledAnalyzers>d__20], passNumber=0)
2022-09-23 01:50:52Z : PB = 372752384 : In   : ------------ StyleCop.StyleCopThread.RunAnalyzers(document=[CsDocument], parser=[CsParser], analyzers=[<get_EnabledAnalyzers>d__20])
2022-09-23 01:50:52Z : PB = 379883520 : Out  : ------------ StyleCop.StyleCopThread.RunAnalyzers()
2022-09-23 01:50:52Z : PB = 379883520 : Out  : ----------- StyleCop.StyleCopThread.TestAndRunAnalyzers()=True
2022-09-23 01:50:52Z : PB = 379883520 : Out  : ---------- StyleCop.StyleCopThread.ParseAndAnalyzeDocument()
2022-09-23 01:50:52Z : PB = 379883520 : Out  : --------- StyleCop.StyleCopThread.DoWork()
2022-09-23 01:50:52Z : PB = 379883520 : Out  : -------- StyleCop.StyleCopCore.RunWorkerThreads()=True
2022-09-23 01:50:52Z : PB = 379883520 : Out  : ------- StyleCop.StyleCopCore.Analyze()
2022-09-23 01:50:52Z : PB = 379883520 : Out  : ------ StyleCop.StyleCopCore.FullAnalyze()
2022-09-23 01:50:52Z : PB = 379883520 : In   : ------ StyleCop.VisualStudio.AnalysisHelper.AnalyzeComplete(sender=[AnalysisThread], e=[EventArgs])
2022-09-23 01:50:52Z : PB = 379883520 : In   : ------- StyleCop.VisualStudio.AnalysisHelper.AnalyzeCompleteMain(sender=[AnalysisThread], e=[EventArgs])
2022-09-23 01:50:55Z : PB = 378990592 : Out  : ------- StyleCop.VisualStudio.AnalysisHelper.AnalyzeCompleteMain()
2022-09-23 01:50:55Z : PB = 378990592 : Out  : ------ StyleCop.VisualStudio.AnalysisHelper.AnalyzeComplete()
2022-09-23 01:50:55Z : PB = 379641856 : Out  : ----- StyleCop.VisualStudio.AnalysisThread.AnalyzeProc()
2022-09-23 01:51:21Z : PB = 381755392 : In   : ---------------------------------- StyleCop.VisualStudio.AnalysisHelper.Analyze(full=True, type={Solution}, analysisFileManager=<missing>)
2022-09-23 01:51:22Z : PB = 382504960 : In   : ----- StyleCop.VisualStudio.AnalysisThread.AnalyzeProc()
2022-09-23 01:51:22Z : PB = 382844928 : Out  : ---------------------------------- StyleCop.VisualStudio.AnalysisHelper.Analyze()
2022-09-23 01:51:22Z : PB = 382844928 : In   : ------ StyleCop.StyleCopCore.FullAnalyze(projects=[List<CodeProject>: Count = 1])
2022-09-23 01:51:22Z : PB = 382844928 : In   : ------- StyleCop.StyleCopCore.Analyze(projects=[List<CodeProject>: Count = 1], ignoreCache=True, settingsPath=<null>)
2022-09-23 01:51:22Z : PB = 382849024 : In   : -------- StyleCop.StyleCopCore.RunWorkerThreads(data=[Data], count=1)
2022-09-23 01:51:22Z : PB = 382849024 : In   : --------- StyleCop.StyleCopThread.DoWork(sender=<null>)
2022-09-23 01:51:22Z : PB = 382197760 : In   : ---------- StyleCop.StyleCopThread.ParseAndAnalyzeDocument(sourceCode=[CodeFile], documentStatus=[DocumentAnalysisStatus])
2022-09-23 01:51:22Z : PB = 382197760 : In   : ----------- StyleCop.CSharp.CsParser.ParseFile(sourceCode=[CodeFile], passNumber=0, document=<null>)
2022-09-23 01:51:22Z : PB = 382197760 : Out  : ----------- StyleCop.CSharp.CsParser.ParseFile()=False
2022-09-23 01:51:22Z : PB = 382197760 : In   : ----------- StyleCop.StyleCopThread.TestAndRunAnalyzers(document=[CsDocument], parser=[CsParser], analyzers=[<get_EnabledAnalyzers>d__20], passNumber=0)
2022-09-23 01:51:22Z : PB = 382197760 : In   : ------------ StyleCop.StyleCopThread.RunAnalyzers(document=[CsDocument], parser=[CsParser], analyzers=[<get_EnabledAnalyzers>d__20])
2022-09-23 01:51:22Z : PB = 387977216 : Out  : ------------ StyleCop.StyleCopThread.RunAnalyzers()
2022-09-23 01:51:22Z : PB = 387977216 : Out  : ----------- StyleCop.StyleCopThread.TestAndRunAnalyzers()=True
2022-09-23 01:51:22Z : PB = 387977216 : Out  : ---------- StyleCop.StyleCopThread.ParseAndAnalyzeDocument()
2022-09-23 01:51:22Z : PB = 387977216 : In   : ---------- StyleCop.StyleCopThread.ParseAndAnalyzeDocument(sourceCode=[CodeFile], documentStatus=[DocumentAnalysisStatus])
2022-09-23 01:51:22Z : PB = 387977216 : In   : ----------- StyleCop.CSharp.CsParser.ParseFile(sourceCode=[CodeFile], passNumber=0, document=<null>)
2022-09-23 01:51:22Z : PB = 387977216 : Out  : ----------- StyleCop.CSharp.CsParser.ParseFile()=False
2022-09-23 01:51:22Z : PB = 387977216 : In   : ----------- StyleCop.StyleCopThread.TestAndRunAnalyzers(document=[CsDocument], parser=[CsParser], analyzers=[<get_EnabledAnalyzers>d__20], passNumber=0)
2022-09-23 01:51:22Z : PB = 387977216 : In   : ------------ StyleCop.StyleCopThread.RunAnalyzers(document=[CsDocument], parser=[CsParser], analyzers=[<get_EnabledAnalyzers>d__20])
2022-09-23 01:51:22Z : PB = 394182656 : Out  : ------------ StyleCop.StyleCopThread.RunAnalyzers()
2022-09-23 01:51:22Z : PB = 394313728 : Out  : ----------- StyleCop.StyleCopThread.TestAndRunAnalyzers()=True
2022-09-23 01:51:22Z : PB = 394379264 : Out  : ---------- StyleCop.StyleCopThread.ParseAndAnalyzeDocument()
2022-09-23 01:51:22Z : PB = 394444800 : In   : ---------- StyleCop.StyleCopThread.ParseAndAnalyzeDocument(sourceCode=[CodeFile], documentStatus=[DocumentAnalysisStatus])
2022-09-23 01:51:22Z : PB = 394203136 : In   : ----------- StyleCop.CSharp.CsParser.ParseFile(sourceCode=[CodeFile], passNumber=0, document=<null>)
2022-09-23 01:51:22Z : PB = 394203136 : Out  : ----------- StyleCop.CSharp.CsParser.ParseFile()=False
2022-09-23 01:51:22Z : PB = 394203136 : In   : ----------- StyleCop.StyleCopThread.TestAndRunAnalyzers(document=[CsDocument], parser=[CsParser], analyzers=[<get_EnabledAnalyzers>d__20], passNumber=0)
2022-09-23 01:51:22Z : PB = 394203136 : In   : ------------ StyleCop.StyleCopThread.RunAnalyzers(document=[CsDocument], parser=[CsParser], analyzers=[<get_EnabledAnalyzers>d__20])
2022-09-23 01:51:22Z : PB = 399745024 : Out  : ------------ StyleCop.StyleCopThread.RunAnalyzers()
2022-09-23 01:51:22Z : PB = 399745024 : Out  : ----------- StyleCop.StyleCopThread.TestAndRunAnalyzers()=True
2022-09-23 01:51:22Z : PB = 399745024 : Out  : ---------- StyleCop.StyleCopThread.ParseAndAnalyzeDocument()
2022-09-23 01:51:22Z : PB = 399745024 : In   : ---------- StyleCop.StyleCopThread.ParseAndAnalyzeDocument(sourceCode=[CodeFile], documentStatus=[DocumentAnalysisStatus])
2022-09-23 01:51:22Z : PB = 399745024 : In   : ----------- StyleCop.CSharp.CsParser.ParseFile(sourceCode=[CodeFile], passNumber=0, document=<null>)
2022-09-23 01:51:22Z : PB = 399745024 : Out  : ----------- StyleCop.CSharp.CsParser.ParseFile()=False
2022-09-23 01:51:22Z : PB = 399745024 : In   : ----------- StyleCop.StyleCopThread.TestAndRunAnalyzers(document=[CsDocument], parser=[CsParser], analyzers=[<get_EnabledAnalyzers>d__20], passNumber=0)
2022-09-23 01:51:22Z : PB = 399745024 : In   : ------------ StyleCop.StyleCopThread.RunAnalyzers(document=[CsDocument], parser=[CsParser], analyzers=[<get_EnabledAnalyzers>d__20])
2022-09-23 01:51:22Z : PB = 404873216 : Out  : ------------ StyleCop.StyleCopThread.RunAnalyzers()
2022-09-23 01:51:22Z : PB = 405004288 : Out  : ----------- StyleCop.StyleCopThread.TestAndRunAnalyzers()=True
2022-09-23 01:51:22Z : PB = 405069824 : Out  : ---------- StyleCop.StyleCopThread.ParseAndAnalyzeDocument()
2022-09-23 01:51:22Z : PB = 405135360 : In   : ---------- StyleCop.StyleCopThread.ParseAndAnalyzeDocument(sourceCode=[CodeFile], documentStatus=[DocumentAnalysisStatus])
2022-09-23 01:51:22Z : PB = 405200896 : In   : ----------- StyleCop.CSharp.CsParser.ParseFile(sourceCode=[CodeFile], passNumber=0, document=<null>)
2022-09-23 01:51:22Z : PB = 407437312 : Out  : ----------- StyleCop.CSharp.CsParser.ParseFile()=False
2022-09-23 01:51:22Z : PB = 407437312 : In   : ----------- StyleCop.StyleCopThread.TestAndRunAnalyzers(document=[CsDocument], parser=[CsParser], analyzers=[<get_EnabledAnalyzers>d__20], passNumber=0)
2022-09-23 01:51:22Z : PB = 407437312 : In   : ------------ StyleCop.StyleCopThread.RunAnalyzers(document=[CsDocument], parser=[CsParser], analyzers=[<get_EnabledAnalyzers>d__20])
2022-09-23 01:51:22Z : PB = 414420992 : Out  : ------------ StyleCop.StyleCopThread.RunAnalyzers()
2022-09-23 01:51:22Z : PB = 414420992 : Out  : ----------- StyleCop.StyleCopThread.TestAndRunAnalyzers()=True
2022-09-23 01:51:22Z : PB = 414420992 : Out  : ---------- StyleCop.StyleCopThread.ParseAndAnalyzeDocument()
2022-09-23 01:51:22Z : PB = 414420992 : In   : ---------- StyleCop.StyleCopThread.ParseAndAnalyzeDocument(sourceCode=[CodeFile], documentStatus=[DocumentAnalysisStatus])
2022-09-23 01:51:22Z : PB = 414420992 : In   : ----------- StyleCop.CSharp.CsParser.ParseFile(sourceCode=[CodeFile], passNumber=0, document=<null>)
2022-09-23 01:51:22Z : PB = 414420992 : Out  : ----------- StyleCop.CSharp.CsParser.ParseFile()=False
2022-09-23 01:51:22Z : PB = 414420992 : In   : ----------- StyleCop.StyleCopThread.TestAndRunAnalyzers(document=[CsDocument], parser=[CsParser], analyzers=[<get_EnabledAnalyzers>d__20], passNumber=0)
2022-09-23 01:51:22Z : PB = 414420992 : In   : ------------ StyleCop.StyleCopThread.RunAnalyzers(document=[CsDocument], parser=[CsParser], analyzers=[<get_EnabledAnalyzers>d__20])
2022-09-23 01:51:22Z : PB = 421023744 : Out  : ------------ StyleCop.StyleCopThread.RunAnalyzers()
2022-09-23 01:51:22Z : PB = 421023744 : Out  : ----------- StyleCop.StyleCopThread.TestAndRunAnalyzers()=True
2022-09-23 01:51:22Z : PB = 421023744 : Out  : ---------- StyleCop.StyleCopThread.ParseAndAnalyzeDocument()
2022-09-23 01:51:22Z : PB = 421023744 : In   : ---------- StyleCop.StyleCopThread.ParseAndAnalyzeDocument(sourceCode=[CodeFile], documentStatus=[DocumentAnalysisStatus])
2022-09-23 01:51:22Z : PB = 421023744 : In   : ----------- StyleCop.CSharp.CsParser.ParseFile(sourceCode=[CodeFile], passNumber=0, document=<null>)
2022-09-23 01:51:22Z : PB = 421023744 : Out  : ----------- StyleCop.CSharp.CsParser.ParseFile()=False
2022-09-23 01:51:22Z : PB = 421023744 : In   : ----------- StyleCop.StyleCopThread.TestAndRunAnalyzers(document=[CsDocument], parser=[CsParser], analyzers=[<get_EnabledAnalyzers>d__20], passNumber=0)
2022-09-23 01:51:22Z : PB = 421023744 : In   : ------------ StyleCop.StyleCopThread.RunAnalyzers(document=[CsDocument], parser=[CsParser], analyzers=[<get_EnabledAnalyzers>d__20])
2022-09-23 01:51:22Z : PB = 425975808 : Out  : ------------ StyleCop.StyleCopThread.RunAnalyzers()
2022-09-23 01:51:22Z : PB = 425975808 : Out  : ----------- StyleCop.StyleCopThread.TestAndRunAnalyzers()=True
2022-09-23 01:51:22Z : PB = 425975808 : Out  : ---------- StyleCop.StyleCopThread.ParseAndAnalyzeDocument()
2022-09-23 01:51:22Z : PB = 425975808 : In   : ---------- StyleCop.StyleCopThread.ParseAndAnalyzeDocument(sourceCode=[CodeFile], documentStatus=[DocumentAnalysisStatus])
2022-09-23 01:51:22Z : PB = 425975808 : In   : ----------- StyleCop.CSharp.CsParser.ParseFile(sourceCode=[CodeFile], passNumber=0, document=<null>)
2022-09-23 01:51:22Z : PB = 425975808 : Out  : ----------- StyleCop.CSharp.CsParser.ParseFile()=False
2022-09-23 01:51:22Z : PB = 425975808 : In   : ----------- StyleCop.StyleCopThread.TestAndRunAnalyzers(document=[CsDocument], parser=[CsParser], analyzers=[<get_EnabledAnalyzers>d__20], passNumber=0)
2022-09-23 01:51:22Z : PB = 425975808 : In   : ------------ StyleCop.StyleCopThread.RunAnalyzers(document=[CsDocument], parser=[CsParser], analyzers=[<get_EnabledAnalyzers>d__20])
2022-09-23 01:51:23Z : PB = 376561664 : Out  : ------------ StyleCop.StyleCopThread.RunAnalyzers()
2022-09-23 01:51:23Z : PB = 376561664 : Out  : ----------- StyleCop.StyleCopThread.TestAndRunAnalyzers()=True
2022-09-23 01:51:23Z : PB = 376561664 : Out  : ---------- StyleCop.StyleCopThread.ParseAndAnalyzeDocument()
2022-09-23 01:51:23Z : PB = 376561664 : In   : ---------- StyleCop.StyleCopThread.ParseAndAnalyzeDocument(sourceCode=[CodeFile], documentStatus=[DocumentAnalysisStatus])
2022-09-23 01:51:23Z : PB = 376561664 : In   : ----------- StyleCop.CSharp.CsParser.ParseFile(sourceCode=[CodeFile], passNumber=0, document=<null>)
2022-09-23 01:51:23Z : PB = 376561664 : Out  : ----------- StyleCop.CSharp.CsParser.ParseFile()=False
2022-09-23 01:51:23Z : PB = 376561664 : In   : ----------- StyleCop.StyleCopThread.TestAndRunAnalyzers(document=[CsDocument], parser=[CsParser], analyzers=[<get_EnabledAnalyzers>d__20], passNumber=0)
2022-09-23 01:51:23Z : PB = 376561664 : In   : ------------ StyleCop.StyleCopThread.RunAnalyzers(document=[CsDocument], parser=[CsParser], analyzers=[<get_EnabledAnalyzers>d__20])
2022-09-23 01:51:23Z : PB = 378007552 : Out  : ------------ StyleCop.StyleCopThread.RunAnalyzers()
2022-09-23 01:51:23Z : PB = 378007552 : Out  : ----------- StyleCop.StyleCopThread.TestAndRunAnalyzers()=True
2022-09-23 01:51:23Z : PB = 378007552 : Out  : ---------- StyleCop.StyleCopThread.ParseAndAnalyzeDocument()
2022-09-23 01:51:23Z : PB = 378007552 : In   : ---------- StyleCop.StyleCopThread.ParseAndAnalyzeDocument(sourceCode=[CodeFile], documentStatus=[DocumentAnalysisStatus])
2022-09-23 01:51:23Z : PB = 378007552 : In   : ----------- StyleCop.CSharp.CsParser.ParseFile(sourceCode=[CodeFile], passNumber=0, document=<null>)
2022-09-23 01:51:23Z : PB = 378007552 : Out  : ----------- StyleCop.CSharp.CsParser.ParseFile()=False
2022-09-23 01:51:23Z : PB = 378007552 : In   : ----------- StyleCop.StyleCopThread.TestAndRunAnalyzers(document=[CsDocument], parser=[CsParser], analyzers=[<get_EnabledAnalyzers>d__20], passNumber=0)
2022-09-23 01:51:23Z : PB = 378007552 : In   : ------------ StyleCop.StyleCopThread.RunAnalyzers(document=[CsDocument], parser=[CsParser], analyzers=[<get_EnabledAnalyzers>d__20])
2022-09-23 01:51:23Z : PB = 376586240 : Out  : ------------ StyleCop.StyleCopThread.RunAnalyzers()
2022-09-23 01:51:23Z : PB = 376586240 : Out  : ----------- StyleCop.StyleCopThread.TestAndRunAnalyzers()=True
2022-09-23 01:51:23Z : PB = 376586240 : Out  : ---------- StyleCop.StyleCopThread.ParseAndAnalyzeDocument()
2022-09-23 01:51:23Z : PB = 376586240 : Out  : --------- StyleCop.StyleCopThread.DoWork()
2022-09-23 01:51:23Z : PB = 376586240 : Out  : -------- StyleCop.StyleCopCore.RunWorkerThreads()=True
2022-09-23 01:51:23Z : PB = 376586240 : Out  : ------- StyleCop.StyleCopCore.Analyze()
2022-09-23 01:51:23Z : PB = 376586240 : Out  : ------ StyleCop.StyleCopCore.FullAnalyze()
2022-09-23 01:51:23Z : PB = 376586240 : In   : ------ StyleCop.VisualStudio.AnalysisHelper.AnalyzeComplete(sender=[AnalysisThread], e=[EventArgs])
2022-09-23 01:51:23Z : PB = 376586240 : In   : ------- StyleCop.VisualStudio.AnalysisHelper.AnalyzeCompleteMain(sender=[AnalysisThread], e=[EventArgs])
2022-09-23 01:51:24Z : PB = 376590336 : Out  : ------- StyleCop.VisualStudio.AnalysisHelper.AnalyzeCompleteMain()
2022-09-23 01:51:24Z : PB = 376590336 : Out  : ------ StyleCop.VisualStudio.AnalysisHelper.AnalyzeComplete()
2022-09-23 01:51:24Z : PB = 376655872 : Out  : ----- StyleCop.VisualStudio.AnalysisThread.AnalyzeProc()
2022-09-23 02:11:05Z : PB = 390365184 : In   : ---------------------------------- StyleCop.VisualStudio.AnalysisHelper.Analyze(full=True, type={Solution}, analysisFileManager=<missing>)
2022-09-23 02:11:05Z : PB = 390254592 : In   : ----- StyleCop.VisualStudio.AnalysisThread.AnalyzeProc()
2022-09-23 02:11:05Z : PB = 390852608 : Out  : ---------------------------------- StyleCop.VisualStudio.AnalysisHelper.Analyze()
2022-09-23 02:11:05Z : PB = 390852608 : In   : ------ StyleCop.StyleCopCore.FullAnalyze(projects=[List<CodeProject>: Count = 1])
2022-09-23 02:11:05Z : PB = 390852608 : In   : ------- StyleCop.StyleCopCore.Analyze(projects=[List<CodeProject>: Count = 1], ignoreCache=True, settingsPath=<null>)
2022-09-23 02:11:05Z : PB = 390852608 : In   : -------- StyleCop.StyleCopCore.RunWorkerThreads(data=[Data], count=1)
2022-09-23 02:11:05Z : PB = 390852608 : In   : --------- StyleCop.StyleCopThread.DoWork(sender=<null>)
2022-09-23 02:11:05Z : PB = 390201344 : In   : ---------- StyleCop.StyleCopThread.ParseAndAnalyzeDocument(sourceCode=[CodeFile], documentStatus=[DocumentAnalysisStatus])
2022-09-23 02:11:05Z : PB = 390209536 : In   : ----------- StyleCop.CSharp.CsParser.ParseFile(sourceCode=[CodeFile], passNumber=0, document=<null>)
2022-09-23 02:11:05Z : PB = 390209536 : Out  : ----------- StyleCop.CSharp.CsParser.ParseFile()=False
2022-09-23 02:11:05Z : PB = 390209536 : In   : ----------- StyleCop.StyleCopThread.TestAndRunAnalyzers(document=[CsDocument], parser=[CsParser], analyzers=[<get_EnabledAnalyzers>d__20], passNumber=0)
2022-09-23 02:11:05Z : PB = 390209536 : In   : ------------ StyleCop.StyleCopThread.RunAnalyzers(document=[CsDocument], parser=[CsParser], analyzers=[<get_EnabledAnalyzers>d__20])
2022-09-23 02:11:05Z : PB = 394838016 : Out  : ------------ StyleCop.StyleCopThread.RunAnalyzers()
2022-09-23 02:11:05Z : PB = 394903552 : Out  : ----------- StyleCop.StyleCopThread.TestAndRunAnalyzers()=True
2022-09-23 02:11:05Z : PB = 395038720 : Out  : ---------- StyleCop.StyleCopThread.ParseAndAnalyzeDocument()
2022-09-23 02:11:05Z : PB = 395104256 : In   : ---------- StyleCop.StyleCopThread.ParseAndAnalyzeDocument(sourceCode=[CodeFile], documentStatus=[DocumentAnalysisStatus])
2022-09-23 02:11:05Z : PB = 395169792 : In   : ----------- StyleCop.CSharp.CsParser.ParseFile(sourceCode=[CodeFile], passNumber=0, document=<null>)
2022-09-23 02:11:06Z : PB = 395497472 : Out  : ----------- StyleCop.CSharp.CsParser.ParseFile()=False
2022-09-23 02:11:06Z : PB = 395497472 : In   : ----------- StyleCop.StyleCopThread.TestAndRunAnalyzers(document=[CsDocument], parser=[CsParser], analyzers=[<get_EnabledAnalyzers>d__20], passNumber=0)
2022-09-23 02:11:06Z : PB = 395497472 : In   : ------------ StyleCop.StyleCopThread.RunAnalyzers(document=[CsDocument], parser=[CsParser], analyzers=[<get_EnabledAnalyzers>d__20])
2022-09-23 02:11:06Z : PB = 397484032 : Out  : ------------ StyleCop.StyleCopThread.RunAnalyzers()
2022-09-23 02:11:06Z : PB = 397484032 : Out  : ----------- StyleCop.StyleCopThread.TestAndRunAnalyzers()=True
2022-09-23 02:11:06Z : PB = 397484032 : Out  : ---------- StyleCop.StyleCopThread.ParseAndAnalyzeDocument()
2022-09-23 02:11:06Z : PB = 397484032 : In   : ---------- StyleCop.StyleCopThread.ParseAndAnalyzeDocument(sourceCode=[CodeFile], documentStatus=[DocumentAnalysisStatus])
2022-09-23 02:11:06Z : PB = 397484032 : In   : ----------- StyleCop.CSharp.CsParser.ParseFile(sourceCode=[CodeFile], passNumber=0, document=<null>)
2022-09-23 02:11:06Z : PB = 397484032 : Out  : ----------- StyleCop.CSharp.CsParser.ParseFile()=False
2022-09-23 02:11:06Z : PB = 397484032 : In   : ----------- StyleCop.StyleCopThread.TestAndRunAnalyzers(document=[CsDocument], parser=[CsParser], analyzers=[<get_EnabledAnalyzers>d__20], passNumber=0)
2022-09-23 02:11:06Z : PB = 397484032 : In   : ------------ StyleCop.StyleCopThread.RunAnalyzers(document=[CsDocument], parser=[CsParser], analyzers=[<get_EnabledAnalyzers>d__20])
2022-09-23 02:11:06Z : PB = 403099648 : Out  : ------------ StyleCop.StyleCopThread.RunAnalyzers()
2022-09-23 02:11:06Z : PB = 403099648 : Out  : ----------- StyleCop.StyleCopThread.TestAndRunAnalyzers()=True
2022-09-23 02:11:06Z : PB = 403099648 : Out  : ---------- StyleCop.StyleCopThread.ParseAndAnalyzeDocument()
2022-09-23 02:11:06Z : PB = 403099648 : In   : ---------- StyleCop.StyleCopThread.ParseAndAnalyzeDocument(sourceCode=[CodeFile], documentStatus=[DocumentAnalysisStatus])
2022-09-23 02:11:06Z : PB = 403099648 : In   : ----------- StyleCop.CSharp.CsParser.ParseFile(sourceCode=[CodeFile], passNumber=0, document=<null>)
2022-09-23 02:11:06Z : PB = 403099648 : Out  : ----------- StyleCop.CSharp.CsParser.ParseFile()=False
2022-09-23 02:11:06Z : PB = 403099648 : In   : ----------- StyleCop.StyleCopThread.TestAndRunAnalyzers(document=[CsDocument], parser=[CsParser], analyzers=[<get_EnabledAnalyzers>d__20], passNumber=0)
2022-09-23 02:11:06Z : PB = 403099648 : In   : ------------ StyleCop.StyleCopThread.RunAnalyzers(document=[CsDocument], parser=[CsParser], analyzers=[<get_EnabledAnalyzers>d__20])
2022-09-23 02:11:06Z : PB = 405405696 : Out  : ------------ StyleCop.StyleCopThread.RunAnalyzers()
2022-09-23 02:11:06Z : PB = 405405696 : Out  : ----------- StyleCop.StyleCopThread.TestAndRunAnalyzers()=True
2022-09-23 02:11:06Z : PB = 405405696 : Out  : ---------- StyleCop.StyleCopThread.ParseAndAnalyzeDocument()
2022-09-23 02:11:06Z : PB = 405532672 : In   : ---------- StyleCop.StyleCopThread.ParseAndAnalyzeDocument(sourceCode=[CodeFile], documentStatus=[DocumentAnalysisStatus])
2022-09-23 02:11:06Z : PB = 405532672 : In   : ----------- StyleCop.CSharp.CsParser.ParseFile(sourceCode=[CodeFile], passNumber=0, document=<null>)
2022-09-23 02:11:06Z : PB = 406122496 : Out  : ----------- StyleCop.CSharp.CsParser.ParseFile()=False
2022-09-23 02:11:06Z : PB = 406122496 : In   : ----------- StyleCop.StyleCopThread.TestAndRunAnalyzers(document=[CsDocument], parser=[CsParser], analyzers=[<get_EnabledAnalyzers>d__20], passNumber=0)
2022-09-23 02:11:06Z : PB = 406122496 : In   : ------------ StyleCop.StyleCopThread.RunAnalyzers(document=[CsDocument], parser=[CsParser], analyzers=[<get_EnabledAnalyzers>d__20])
2022-09-23 02:11:06Z : PB = 408920064 : Out  : ------------ StyleCop.StyleCopThread.RunAnalyzers()
2022-09-23 02:11:06Z : PB = 408920064 : Out  : ----------- StyleCop.StyleCopThread.TestAndRunAnalyzers()=True
2022-09-23 02:11:06Z : PB = 408920064 : Out  : ---------- StyleCop.StyleCopThread.ParseAndAnalyzeDocument()
2022-09-23 02:11:06Z : PB = 408920064 : In   : ---------- StyleCop.StyleCopThread.ParseAndAnalyzeDocument(sourceCode=[CodeFile], documentStatus=[DocumentAnalysisStatus])
2022-09-23 02:11:06Z : PB = 408920064 : In   : ----------- StyleCop.CSharp.CsParser.ParseFile(sourceCode=[CodeFile], passNumber=0, document=<null>)
2022-09-23 02:11:06Z : PB = 408920064 : Out  : ----------- StyleCop.CSharp.CsParser.ParseFile()=False
2022-09-23 02:11:06Z : PB = 408920064 : In   : ----------- StyleCop.StyleCopThread.TestAndRunAnalyzers(document=[CsDocument], parser=[CsParser], analyzers=[<get_EnabledAnalyzers>d__20], passNumber=0)
2022-09-23 02:11:06Z : PB = 408920064 : In   : ------------ StyleCop.StyleCopThread.RunAnalyzers(document=[CsDocument], parser=[CsParser], analyzers=[<get_EnabledAnalyzers>d__20])
2022-09-23 02:11:06Z : PB = 411566080 : Out  : ------------ StyleCop.StyleCopThread.RunAnalyzers()
2022-09-23 02:11:06Z : PB = 411566080 : Out  : ----------- StyleCop.StyleCopThread.TestAndRunAnalyzers()=True
2022-09-23 02:11:06Z : PB = 411566080 : Out  : ---------- StyleCop.StyleCopThread.ParseAndAnalyzeDocument()
2022-09-23 02:11:06Z : PB = 411566080 : In   : ---------- StyleCop.StyleCopThread.ParseAndAnalyzeDocument(sourceCode=[CodeFile], documentStatus=[DocumentAnalysisStatus])
2022-09-23 02:11:06Z : PB = 411566080 : In   : ----------- StyleCop.CSharp.CsParser.ParseFile(sourceCode=[CodeFile], passNumber=0, document=<null>)
2022-09-23 02:11:06Z : PB = 411566080 : Out  : ----------- StyleCop.CSharp.CsParser.ParseFile()=False
2022-09-23 02:11:06Z : PB = 411566080 : In   : ----------- StyleCop.StyleCopThread.TestAndRunAnalyzers(document=[CsDocument], parser=[CsParser], analyzers=[<get_EnabledAnalyzers>d__20], passNumber=0)
2022-09-23 02:11:06Z : PB = 411566080 : In   : ------------ StyleCop.StyleCopThread.RunAnalyzers(document=[CsDocument], parser=[CsParser], analyzers=[<get_EnabledAnalyzers>d__20])
2022-09-23 02:11:06Z : PB = 416788480 : Out  : ------------ StyleCop.StyleCopThread.RunAnalyzers()
2022-09-23 02:11:06Z : PB = 416788480 : Out  : ----------- StyleCop.StyleCopThread.TestAndRunAnalyzers()=True
2022-09-23 02:11:06Z : PB = 416788480 : Out  : ---------- StyleCop.StyleCopThread.ParseAndAnalyzeDocument()
2022-09-23 02:11:06Z : PB = 416788480 : In   : ---------- StyleCop.StyleCopThread.ParseAndAnalyzeDocument(sourceCode=[CodeFile], documentStatus=[DocumentAnalysisStatus])
2022-09-23 02:11:06Z : PB = 416919552 : In   : ----------- StyleCop.CSharp.CsParser.ParseFile(sourceCode=[CodeFile], passNumber=0, document=<null>)
2022-09-23 02:11:06Z : PB = 417574912 : Out  : ----------- StyleCop.CSharp.CsParser.ParseFile()=False
2022-09-23 02:11:06Z : PB = 417574912 : In   : ----------- StyleCop.StyleCopThread.TestAndRunAnalyzers(document=[CsDocument], parser=[CsParser], analyzers=[<get_EnabledAnalyzers>d__20], passNumber=0)
2022-09-23 02:11:06Z : PB = 417574912 : In   : ------------ StyleCop.StyleCopThread.RunAnalyzers(document=[CsDocument], parser=[CsParser], analyzers=[<get_EnabledAnalyzers>d__20])
2022-09-23 02:11:06Z : PB = 418476032 : Out  : ------------ StyleCop.StyleCopThread.RunAnalyzers()
2022-09-23 02:11:06Z : PB = 418476032 : Out  : ----------- StyleCop.StyleCopThread.TestAndRunAnalyzers()=True
2022-09-23 02:11:06Z : PB = 418476032 : Out  : ---------- StyleCop.StyleCopThread.ParseAndAnalyzeDocument()
2022-09-23 02:11:06Z : PB = 418476032 : In   : ---------- StyleCop.StyleCopThread.ParseAndAnalyzeDocument(sourceCode=[CodeFile], documentStatus=[DocumentAnalysisStatus])
2022-09-23 02:11:06Z : PB = 418476032 : In   : ----------- StyleCop.CSharp.CsParser.ParseFile(sourceCode=[CodeFile], passNumber=0, document=<null>)
2022-09-23 02:11:06Z : PB = 418476032 : Out  : ----------- StyleCop.CSharp.CsParser.ParseFile()=False
2022-09-23 02:11:06Z : PB = 418476032 : In   : ----------- StyleCop.StyleCopThread.TestAndRunAnalyzers(document=[CsDocument], parser=[CsParser], analyzers=[<get_EnabledAnalyzers>d__20], passNumber=0)
2022-09-23 02:11:06Z : PB = 418476032 : In   : ------------ StyleCop.StyleCopThread.RunAnalyzers(document=[CsDocument], parser=[CsParser], analyzers=[<get_EnabledAnalyzers>d__20])
2022-09-23 02:11:06Z : PB = 424812544 : Out  : ------------ StyleCop.StyleCopThread.RunAnalyzers()
2022-09-23 02:11:06Z : PB = 424812544 : Out  : ----------- StyleCop.StyleCopThread.TestAndRunAnalyzers()=True
2022-09-23 02:11:06Z : PB = 424812544 : Out  : ---------- StyleCop.StyleCopThread.ParseAndAnalyzeDocument()
2022-09-23 02:11:06Z : PB = 424812544 : In   : ---------- StyleCop.StyleCopThread.ParseAndAnalyzeDocument(sourceCode=[CodeFile], documentStatus=[DocumentAnalysisStatus])
2022-09-23 02:11:06Z : PB = 424882176 : In   : ----------- StyleCop.CSharp.CsParser.ParseFile(sourceCode=[CodeFile], passNumber=0, document=<null>)
2022-09-23 02:11:06Z : PB = 425603072 : Out  : ----------- StyleCop.CSharp.CsParser.ParseFile()=False
2022-09-23 02:11:06Z : PB = 425603072 : In   : ----------- StyleCop.StyleCopThread.TestAndRunAnalyzers(document=[CsDocument], parser=[CsParser], analyzers=[<get_EnabledAnalyzers>d__20], passNumber=0)
2022-09-23 02:11:06Z : PB = 425603072 : In   : ------------ StyleCop.StyleCopThread.RunAnalyzers(document=[CsDocument], parser=[CsParser], analyzers=[<get_EnabledAnalyzers>d__20])
2022-09-23 02:11:06Z : PB = 429051904 : Out  : ------------ StyleCop.StyleCopThread.RunAnalyzers()
2022-09-23 02:11:06Z : PB = 429051904 : Out  : ----------- StyleCop.StyleCopThread.TestAndRunAnalyzers()=True
2022-09-23 02:11:06Z : PB = 429051904 : Out  : ---------- StyleCop.StyleCopThread.ParseAndAnalyzeDocument()
2022-09-23 02:11:06Z : PB = 429051904 : Out  : --------- StyleCop.StyleCopThread.DoWork()
2022-09-23 02:11:06Z : PB = 429051904 : Out  : -------- StyleCop.StyleCopCore.RunWorkerThreads()=True
2022-09-23 02:11:06Z : PB = 429051904 : Out  : ------- StyleCop.StyleCopCore.Analyze()
2022-09-23 02:11:06Z : PB = 429051904 : Out  : ------ StyleCop.StyleCopCore.FullAnalyze()
2022-09-23 02:11:06Z : PB = 429051904 : In   : ------ StyleCop.VisualStudio.AnalysisHelper.AnalyzeComplete(sender=[AnalysisThread], e=[EventArgs])
2022-09-23 02:11:06Z : PB = 429051904 : In   : ------- StyleCop.VisualStudio.AnalysisHelper.AnalyzeCompleteMain(sender=[AnalysisThread], e=[EventArgs])
2022-09-23 02:11:08Z : PB = 429035520 : Out  : ------- StyleCop.VisualStudio.AnalysisHelper.AnalyzeCompleteMain()
2022-09-23 02:11:08Z : PB = 429035520 : Out  : ------ StyleCop.VisualStudio.AnalysisHelper.AnalyzeComplete()
2022-09-23 02:11:08Z : PB = 429035520 : Out  : ----- StyleCop.VisualStudio.AnalysisThread.AnalyzeProc()
2022-09-23 02:11:30Z : PB = 427356160 : In   : ---------------------------------- StyleCop.VisualStudio.AnalysisHelper.Analyze(full=True, type={Solution}, analysisFileManager=<missing>)
2022-09-23 02:11:31Z : PB = 428302336 : In   : ----- StyleCop.VisualStudio.AnalysisThread.AnalyzeProc()
2022-09-23 02:11:31Z : PB = 428470272 : Out  : ---------------------------------- StyleCop.VisualStudio.AnalysisHelper.Analyze()
2022-09-23 02:11:31Z : PB = 428470272 : In   : ------ StyleCop.StyleCopCore.FullAnalyze(projects=[List<CodeProject>: Count = 1])
2022-09-23 02:11:31Z : PB = 428470272 : In   : ------- StyleCop.StyleCopCore.Analyze(projects=[List<CodeProject>: Count = 1], ignoreCache=True, settingsPath=<null>)
2022-09-23 02:11:31Z : PB = 427819008 : In   : -------- StyleCop.StyleCopCore.RunWorkerThreads(data=[Data], count=1)
2022-09-23 02:11:31Z : PB = 427819008 : In   : --------- StyleCop.StyleCopThread.DoWork(sender=<null>)
2022-09-23 02:11:31Z : PB = 427819008 : In   : ---------- StyleCop.StyleCopThread.ParseAndAnalyzeDocument(sourceCode=[CodeFile], documentStatus=[DocumentAnalysisStatus])
2022-09-23 02:11:31Z : PB = 427819008 : In   : ----------- StyleCop.CSharp.CsParser.ParseFile(sourceCode=[CodeFile], passNumber=0, document=<null>)
2022-09-23 02:11:31Z : PB = 427819008 : Out  : ----------- StyleCop.CSharp.CsParser.ParseFile()=False
2022-09-23 02:11:31Z : PB = 427819008 : In   : ----------- StyleCop.StyleCopThread.TestAndRunAnalyzers(document=[CsDocument], parser=[CsParser], analyzers=[<get_EnabledAnalyzers>d__20], passNumber=0)
2022-09-23 02:11:31Z : PB = 427819008 : In   : ------------ StyleCop.StyleCopThread.RunAnalyzers(document=[CsDocument], parser=[CsParser], analyzers=[<get_EnabledAnalyzers>d__20])
2022-09-23 02:11:31Z : PB = 430235648 : Out  : ------------ StyleCop.StyleCopThread.RunAnalyzers()
2022-09-23 02:11:31Z : PB = 430235648 : Out  : ----------- StyleCop.StyleCopThread.TestAndRunAnalyzers()=True
2022-09-23 02:11:31Z : PB = 430235648 : Out  : ---------- StyleCop.StyleCopThread.ParseAndAnalyzeDocument()
2022-09-23 02:11:31Z : PB = 430235648 : In   : ---------- StyleCop.StyleCopThread.ParseAndAnalyzeDocument(sourceCode=[CodeFile], documentStatus=[DocumentAnalysisStatus])
2022-09-23 02:11:31Z : PB = 430284800 : In   : ----------- StyleCop.CSharp.CsParser.ParseFile(sourceCode=[CodeFile], passNumber=0, document=<null>)
2022-09-23 02:11:31Z : PB = 430280704 : Out  : ----------- StyleCop.CSharp.CsParser.ParseFile()=False
2022-09-23 02:11:31Z : PB = 430280704 : In   : ----------- StyleCop.StyleCopThread.TestAndRunAnalyzers(document=[CsDocument], parser=[CsParser], analyzers=[<get_EnabledAnalyzers>d__20], passNumber=0)
2022-09-23 02:11:31Z : PB = 430280704 : In   : ------------ StyleCop.StyleCopThread.RunAnalyzers(document=[CsDocument], parser=[CsParser], analyzers=[<get_EnabledAnalyzers>d__20])
2022-09-23 02:11:31Z : PB = 432816128 : Out  : ------------ StyleCop.StyleCopThread.RunAnalyzers()
2022-09-23 02:11:31Z : PB = 432816128 : Out  : ----------- StyleCop.StyleCopThread.TestAndRunAnalyzers()=True
2022-09-23 02:11:31Z : PB = 432816128 : Out  : ---------- StyleCop.StyleCopThread.ParseAndAnalyzeDocument()
2022-09-23 02:11:31Z : PB = 432816128 : In   : ---------- StyleCop.StyleCopThread.ParseAndAnalyzeDocument(sourceCode=[CodeFile], documentStatus=[DocumentAnalysisStatus])
2022-09-23 02:11:31Z : PB = 432816128 : In   : ----------- StyleCop.CSharp.CsParser.ParseFile(sourceCode=[CodeFile], passNumber=0, document=<null>)
2022-09-23 02:11:31Z : PB = 432816128 : Out  : ----------- StyleCop.CSharp.CsParser.ParseFile()=False
2022-09-23 02:11:31Z : PB = 432816128 : In   : ----------- StyleCop.StyleCopThread.TestAndRunAnalyzers(document=[CsDocument], parser=[CsParser], analyzers=[<get_EnabledAnalyzers>d__20], passNumber=0)
2022-09-23 02:11:31Z : PB = 432816128 : In   : ------------ StyleCop.StyleCopThread.RunAnalyzers(document=[CsDocument], parser=[CsParser], analyzers=[<get_EnabledAnalyzers>d__20])
2022-09-23 02:11:31Z : PB = 438296576 : Out  : ------------ StyleCop.StyleCopThread.RunAnalyzers()
2022-09-23 02:11:31Z : PB = 438296576 : Out  : ----------- StyleCop.StyleCopThread.TestAndRunAnalyzers()=True
2022-09-23 02:11:31Z : PB = 438296576 : Out  : ---------- StyleCop.StyleCopThread.ParseAndAnalyzeDocument()
2022-09-23 02:11:31Z : PB = 438296576 : In   : ---------- StyleCop.StyleCopThread.ParseAndAnalyzeDocument(sourceCode=[CodeFile], documentStatus=[DocumentAnalysisStatus])
2022-09-23 02:11:31Z : PB = 438296576 : In   : ----------- StyleCop.CSharp.CsParser.ParseFile(sourceCode=[CodeFile], passNumber=0, document=<null>)
2022-09-23 02:11:31Z : PB = 438296576 : Out  : ----------- StyleCop.CSharp.CsParser.ParseFile()=False
2022-09-23 02:11:31Z : PB = 438296576 : In   : ----------- StyleCop.StyleCopThread.TestAndRunAnalyzers(document=[CsDocument], parser=[CsParser], analyzers=[<get_EnabledAnalyzers>d__20], passNumber=0)
2022-09-23 02:11:31Z : PB = 438296576 : In   : ------------ StyleCop.StyleCopThread.RunAnalyzers(document=[CsDocument], parser=[CsParser], analyzers=[<get_EnabledAnalyzers>d__20])
2022-09-23 02:11:31Z : PB = 443842560 : Out  : ------------ StyleCop.StyleCopThread.RunAnalyzers()
2022-09-23 02:11:31Z : PB = 443842560 : Out  : ----------- StyleCop.StyleCopThread.TestAndRunAnalyzers()=True
2022-09-23 02:11:31Z : PB = 443842560 : Out  : ---------- StyleCop.StyleCopThread.ParseAndAnalyzeDocument()
2022-09-23 02:11:31Z : PB = 443842560 : In   : ---------- StyleCop.StyleCopThread.ParseAndAnalyzeDocument(sourceCode=[CodeFile], documentStatus=[DocumentAnalysisStatus])
2022-09-23 02:11:31Z : PB = 443842560 : In   : ----------- StyleCop.CSharp.CsParser.ParseFile(sourceCode=[CodeFile], passNumber=0, document=<null>)
2022-09-23 02:11:31Z : PB = 443846656 : Out  : ----------- StyleCop.CSharp.CsParser.ParseFile()=False
2022-09-23 02:11:31Z : PB = 443912192 : In   : ----------- StyleCop.StyleCopThread.TestAndRunAnalyzers(document=[CsDocument], parser=[CsParser], analyzers=[<get_EnabledAnalyzers>d__20], passNumber=0)
2022-09-23 02:11:31Z : PB = 443977728 : In   : ------------ StyleCop.StyleCopThread.RunAnalyzers(document=[CsDocument], parser=[CsParser], analyzers=[<get_EnabledAnalyzers>d__20])
2022-09-23 02:11:31Z : PB = 449486848 : Out  : ------------ StyleCop.StyleCopThread.RunAnalyzers()
2022-09-23 02:11:31Z : PB = 449486848 : Out  : ----------- StyleCop.StyleCopThread.TestAndRunAnalyzers()=True
2022-09-23 02:11:31Z : PB = 449486848 : Out  : ---------- StyleCop.StyleCopThread.ParseAndAnalyzeDocument()
2022-09-23 02:11:31Z : PB = 449486848 : In   : ---------- StyleCop.StyleCopThread.ParseAndAnalyzeDocument(sourceCode=[CodeFile], documentStatus=[DocumentAnalysisStatus])
2022-09-23 02:11:31Z : PB = 449486848 : In   : ----------- StyleCop.CSharp.CsParser.ParseFile(sourceCode=[CodeFile], passNumber=0, document=<null>)
2022-09-23 02:11:31Z : PB = 449486848 : Out  : ----------- StyleCop.CSharp.CsParser.ParseFile()=False
2022-09-23 02:11:31Z : PB = 449486848 : In   : ----------- StyleCop.StyleCopThread.TestAndRunAnalyzers(document=[CsDocument], parser=[CsParser], analyzers=[<get_EnabledAnalyzers>d__20], passNumber=0)
2022-09-23 02:11:31Z : PB = 449486848 : In   : ------------ StyleCop.StyleCopThread.RunAnalyzers(document=[CsDocument], parser=[CsParser], analyzers=[<get_EnabledAnalyzers>d__20])
2022-09-23 02:11:31Z : PB = 454275072 : Out  : ------------ StyleCop.StyleCopThread.RunAnalyzers()
2022-09-23 02:11:31Z : PB = 454275072 : Out  : ----------- StyleCop.StyleCopThread.TestAndRunAnalyzers()=True
2022-09-23 02:11:31Z : PB = 454275072 : Out  : ---------- StyleCop.StyleCopThread.ParseAndAnalyzeDocument()
2022-09-23 02:11:31Z : PB = 454275072 : In   : ---------- StyleCop.StyleCopThread.ParseAndAnalyzeDocument(sourceCode=[CodeFile], documentStatus=[DocumentAnalysisStatus])
2022-09-23 02:11:31Z : PB = 454275072 : In   : ----------- StyleCop.CSharp.CsParser.ParseFile(sourceCode=[CodeFile], passNumber=0, document=<null>)
2022-09-23 02:11:31Z : PB = 454275072 : Out  : ----------- StyleCop.CSharp.CsParser.ParseFile()=False
2022-09-23 02:11:31Z : PB = 454275072 : In   : ----------- StyleCop.StyleCopThread.TestAndRunAnalyzers(document=[CsDocument], parser=[CsParser], analyzers=[<get_EnabledAnalyzers>d__20], passNumber=0)
2022-09-23 02:11:31Z : PB = 454275072 : In   : ------------ StyleCop.StyleCopThread.RunAnalyzers(document=[CsDocument], parser=[CsParser], analyzers=[<get_EnabledAnalyzers>d__20])
2022-09-23 02:11:31Z : PB = 459493376 : Out  : ------------ StyleCop.StyleCopThread.RunAnalyzers()
2022-09-23 02:11:31Z : PB = 459493376 : Out  : ----------- StyleCop.StyleCopThread.TestAndRunAnalyzers()=True
2022-09-23 02:11:31Z : PB = 459493376 : Out  : ---------- StyleCop.StyleCopThread.ParseAndAnalyzeDocument()
2022-09-23 02:11:31Z : PB = 459493376 : In   : ---------- StyleCop.StyleCopThread.ParseAndAnalyzeDocument(sourceCode=[CodeFile], documentStatus=[DocumentAnalysisStatus])
2022-09-23 02:11:31Z : PB = 459493376 : In   : ----------- StyleCop.CSharp.CsParser.ParseFile(sourceCode=[CodeFile], passNumber=0, document=<null>)
2022-09-23 02:11:31Z : PB = 459493376 : Out  : ----------- StyleCop.CSharp.CsParser.ParseFile()=False
2022-09-23 02:11:31Z : PB = 459493376 : In   : ----------- StyleCop.StyleCopThread.TestAndRunAnalyzers(document=[CsDocument], parser=[CsParser], analyzers=[<get_EnabledAnalyzers>d__20], passNumber=0)
2022-09-23 02:11:31Z : PB = 459493376 : In   : ------------ StyleCop.StyleCopThread.RunAnalyzers(document=[CsDocument], parser=[CsParser], analyzers=[<get_EnabledAnalyzers>d__20])
2022-09-23 02:11:31Z : PB = 465571840 : Out  : ------------ StyleCop.StyleCopThread.RunAnalyzers()
2022-09-23 02:11:31Z : PB = 465571840 : Out  : ----------- StyleCop.StyleCopThread.TestAndRunAnalyzers()=True
2022-09-23 02:11:31Z : PB = 465571840 : Out  : ---------- StyleCop.StyleCopThread.ParseAndAnalyzeDocument()
2022-09-23 02:11:31Z : PB = 465571840 : In   : ---------- StyleCop.StyleCopThread.ParseAndAnalyzeDocument(sourceCode=[CodeFile], documentStatus=[DocumentAnalysisStatus])
2022-09-23 02:11:31Z : PB = 465571840 : In   : ----------- StyleCop.CSharp.CsParser.ParseFile(sourceCode=[CodeFile], passNumber=0, document=<null>)
2022-09-23 02:11:31Z : PB = 466362368 : Out  : ----------- StyleCop.CSharp.CsParser.ParseFile()=False
2022-09-23 02:11:31Z : PB = 466362368 : In   : ----------- StyleCop.StyleCopThread.TestAndRunAnalyzers(document=[CsDocument], parser=[CsParser], analyzers=[<get_EnabledAnalyzers>d__20], passNumber=0)
2022-09-23 02:11:31Z : PB = 466362368 : In   : ------------ StyleCop.StyleCopThread.RunAnalyzers(document=[CsDocument], parser=[CsParser], analyzers=[<get_EnabledAnalyzers>d__20])
2022-09-23 02:11:32Z : PB = 421339136 : Out  : ------------ StyleCop.StyleCopThread.RunAnalyzers()
2022-09-23 02:11:32Z : PB = 421339136 : Out  : ----------- StyleCop.StyleCopThread.TestAndRunAnalyzers()=True
2022-09-23 02:11:32Z : PB = 421339136 : Out  : ---------- StyleCop.StyleCopThread.ParseAndAnalyzeDocument()
2022-09-23 02:11:32Z : PB = 421339136 : In   : ---------- StyleCop.StyleCopThread.ParseAndAnalyzeDocument(sourceCode=[CodeFile], documentStatus=[DocumentAnalysisStatus])
2022-09-23 02:11:32Z : PB = 421339136 : In   : ----------- StyleCop.CSharp.CsParser.ParseFile(sourceCode=[CodeFile], passNumber=0, document=<null>)
2022-09-23 02:11:32Z : PB = 421339136 : Out  : ----------- StyleCop.CSharp.CsParser.ParseFile()=False
2022-09-23 02:11:32Z : PB = 421339136 : In   : ----------- StyleCop.StyleCopThread.TestAndRunAnalyzers(document=[CsDocument], parser=[CsParser], analyzers=[<get_EnabledAnalyzers>d__20], passNumber=0)
2022-09-23 02:11:32Z : PB = 421339136 : In   : ------------ StyleCop.StyleCopThread.RunAnalyzers(document=[CsDocument], parser=[CsParser], analyzers=[<get_EnabledAnalyzers>d__20])
2022-09-23 02:11:32Z : PB = 421396480 : Out  : ------------ StyleCop.StyleCopThread.RunAnalyzers()
2022-09-23 02:11:32Z : PB = 421396480 : Out  : ----------- StyleCop.StyleCopThread.TestAndRunAnalyzers()=True
2022-09-23 02:11:32Z : PB = 421396480 : Out  : ---------- StyleCop.StyleCopThread.ParseAndAnalyzeDocument()
2022-09-23 02:11:32Z : PB = 421396480 : Out  : --------- StyleCop.StyleCopThread.DoWork()
2022-09-23 02:11:32Z : PB = 421396480 : Out  : -------- StyleCop.StyleCopCore.RunWorkerThreads()=True
2022-09-23 02:11:32Z : PB = 421396480 : Out  : ------- StyleCop.StyleCopCore.Analyze()
2022-09-23 02:11:32Z : PB = 421396480 : Out  : ------ StyleCop.StyleCopCore.FullAnalyze()
2022-09-23 02:11:32Z : PB = 421396480 : In   : ------ StyleCop.VisualStudio.AnalysisHelper.AnalyzeComplete(sender=[AnalysisThread], e=[EventArgs])
2022-09-23 02:11:32Z : PB = 421396480 : In   : ------- StyleCop.VisualStudio.AnalysisHelper.AnalyzeCompleteMain(sender=[AnalysisThread], e=[EventArgs])
2022-09-23 02:11:35Z : PB = 421351424 : Out  : ------- StyleCop.VisualStudio.AnalysisHelper.AnalyzeCompleteMain()
2022-09-23 02:11:35Z : PB = 421351424 : Out  : ------ StyleCop.VisualStudio.AnalysisHelper.AnalyzeComplete()
2022-09-23 02:11:35Z : PB = 421351424 : Out  : ----- StyleCop.VisualStudio.AnalysisThread.AnalyzeProc()
2022-09-23 02:26:05Z : PB = 387723264 : In   : ---------------------------------- StyleCop.VisualStudio.AnalysisHelper.Analyze(full=True, type={Solution}, analysisFileManager=<missing>)
2022-09-23 02:26:05Z : PB = 388329472 : In   : ----- StyleCop.VisualStudio.AnalysisThread.AnalyzeProc()
2022-09-23 02:26:05Z : PB = 389328896 : Out  : ---------------------------------- StyleCop.VisualStudio.AnalysisHelper.Analyze()
2022-09-23 02:26:05Z : PB = 389328896 : In   : ------ StyleCop.StyleCopCore.FullAnalyze(projects=[List<CodeProject>: Count = 1])
2022-09-23 02:26:05Z : PB = 389328896 : In   : ------- StyleCop.StyleCopCore.Analyze(projects=[List<CodeProject>: Count = 1], ignoreCache=True, settingsPath=<null>)
2022-09-23 02:26:05Z : PB = 388677632 : In   : -------- StyleCop.StyleCopCore.RunWorkerThreads(data=[Data], count=1)
2022-09-23 02:26:05Z : PB = 388677632 : In   : --------- StyleCop.StyleCopThread.DoWork(sender=<null>)
2022-09-23 02:26:05Z : PB = 388677632 : In   : ---------- StyleCop.StyleCopThread.ParseAndAnalyzeDocument(sourceCode=[CodeFile], documentStatus=[DocumentAnalysisStatus])
2022-09-23 02:26:05Z : PB = 388685824 : In   : ----------- StyleCop.CSharp.CsParser.ParseFile(sourceCode=[CodeFile], passNumber=0, document=<null>)
2022-09-23 02:26:05Z : PB = 388685824 : Out  : ----------- StyleCop.CSharp.CsParser.ParseFile()=False
2022-09-23 02:26:05Z : PB = 388685824 : In   : ----------- StyleCop.StyleCopThread.TestAndRunAnalyzers(document=[CsDocument], parser=[CsParser], analyzers=[<get_EnabledAnalyzers>d__20], passNumber=0)
2022-09-23 02:26:05Z : PB = 388685824 : In   : ------------ StyleCop.StyleCopThread.RunAnalyzers(document=[CsDocument], parser=[CsParser], analyzers=[<get_EnabledAnalyzers>d__20])
2022-09-23 02:26:05Z : PB = 393576448 : Out  : ------------ StyleCop.StyleCopThread.RunAnalyzers()
2022-09-23 02:26:05Z : PB = 393576448 : Out  : ----------- StyleCop.StyleCopThread.TestAndRunAnalyzers()=True
2022-09-23 02:26:05Z : PB = 393576448 : Out  : ---------- StyleCop.StyleCopThread.ParseAndAnalyzeDocument()
2022-09-23 02:26:05Z : PB = 393576448 : In   : ---------- StyleCop.StyleCopThread.ParseAndAnalyzeDocument(sourceCode=[CodeFile], documentStatus=[DocumentAnalysisStatus])
2022-09-23 02:26:05Z : PB = 393576448 : In   : ----------- StyleCop.CSharp.CsParser.ParseFile(sourceCode=[CodeFile], passNumber=0, document=<null>)
2022-09-23 02:26:05Z : PB = 393605120 : Out  : ----------- StyleCop.CSharp.CsParser.ParseFile()=False
2022-09-23 02:26:05Z : PB = 393605120 : In   : ----------- StyleCop.StyleCopThread.TestAndRunAnalyzers(document=[CsDocument], parser=[CsParser], analyzers=[<get_EnabledAnalyzers>d__20], passNumber=0)
2022-09-23 02:26:05Z : PB = 393605120 : In   : ------------ StyleCop.StyleCopThread.RunAnalyzers(document=[CsDocument], parser=[CsParser], analyzers=[<get_EnabledAnalyzers>d__20])
2022-09-23 02:26:05Z : PB = 398229504 : Out  : ------------ StyleCop.StyleCopThread.RunAnalyzers()
2022-09-23 02:26:05Z : PB = 398229504 : Out  : ----------- StyleCop.StyleCopThread.TestAndRunAnalyzers()=True
2022-09-23 02:26:05Z : PB = 398229504 : Out  : ---------- StyleCop.StyleCopThread.ParseAndAnalyzeDocument()
2022-09-23 02:26:05Z : PB = 398229504 : In   : ---------- StyleCop.StyleCopThread.ParseAndAnalyzeDocument(sourceCode=[CodeFile], documentStatus=[DocumentAnalysisStatus])
2022-09-23 02:26:05Z : PB = 398229504 : In   : ----------- StyleCop.CSharp.CsParser.ParseFile(sourceCode=[CodeFile], passNumber=0, document=<null>)
2022-09-23 02:26:05Z : PB = 398229504 : Out  : ----------- StyleCop.CSharp.CsParser.ParseFile()=False
2022-09-23 02:26:05Z : PB = 398229504 : In   : ----------- StyleCop.StyleCopThread.TestAndRunAnalyzers(document=[CsDocument], parser=[CsParser], analyzers=[<get_EnabledAnalyzers>d__20], passNumber=0)
2022-09-23 02:26:05Z : PB = 398229504 : In   : ------------ StyleCop.StyleCopThread.RunAnalyzers(document=[CsDocument], parser=[CsParser], analyzers=[<get_EnabledAnalyzers>d__20])
2022-09-23 02:26:05Z : PB = 402272256 : Out  : ------------ StyleCop.StyleCopThread.RunAnalyzers()
2022-09-23 02:26:05Z : PB = 402272256 : Out  : ----------- StyleCop.StyleCopThread.TestAndRunAnalyzers()=True
2022-09-23 02:26:05Z : PB = 402272256 : Out  : ---------- StyleCop.StyleCopThread.ParseAndAnalyzeDocument()
2022-09-23 02:26:05Z : PB = 402272256 : In   : ---------- StyleCop.StyleCopThread.ParseAndAnalyzeDocument(sourceCode=[CodeFile], documentStatus=[DocumentAnalysisStatus])
2022-09-23 02:26:05Z : PB = 402272256 : In   : ----------- StyleCop.CSharp.CsParser.ParseFile(sourceCode=[CodeFile], passNumber=0, document=<null>)
2022-09-23 02:26:05Z : PB = 402272256 : Out  : ----------- StyleCop.CSharp.CsParser.ParseFile()=False
2022-09-23 02:26:05Z : PB = 402272256 : In   : ----------- StyleCop.StyleCopThread.TestAndRunAnalyzers(document=[CsDocument], parser=[CsParser], analyzers=[<get_EnabledAnalyzers>d__20], passNumber=0)
2022-09-23 02:26:05Z : PB = 402272256 : In   : ------------ StyleCop.StyleCopThread.RunAnalyzers(document=[CsDocument], parser=[CsParser], analyzers=[<get_EnabledAnalyzers>d__20])
2022-09-23 02:26:06Z : PB = 405254144 : Out  : ------------ StyleCop.StyleCopThread.RunAnalyzers()
2022-09-23 02:26:06Z : PB = 405254144 : Out  : ----------- StyleCop.StyleCopThread.TestAndRunAnalyzers()=True
2022-09-23 02:26:06Z : PB = 405254144 : Out  : ---------- StyleCop.StyleCopThread.ParseAndAnalyzeDocument()
2022-09-23 02:26:06Z : PB = 405254144 : In   : ---------- StyleCop.StyleCopThread.ParseAndAnalyzeDocument(sourceCode=[CodeFile], documentStatus=[DocumentAnalysisStatus])
2022-09-23 02:26:06Z : PB = 405254144 : In   : ----------- StyleCop.CSharp.CsParser.ParseFile(sourceCode=[CodeFile], passNumber=0, document=<null>)
2022-09-23 02:26:06Z : PB = 405254144 : Out  : ----------- StyleCop.CSharp.CsParser.ParseFile()=False
2022-09-23 02:26:06Z : PB = 405254144 : In   : ----------- StyleCop.StyleCopThread.TestAndRunAnalyzers(document=[CsDocument], parser=[CsParser], analyzers=[<get_EnabledAnalyzers>d__20], passNumber=0)
2022-09-23 02:26:06Z : PB = 405254144 : In   : ------------ StyleCop.StyleCopThread.RunAnalyzers(document=[CsDocument], parser=[CsParser], analyzers=[<get_EnabledAnalyzers>d__20])
2022-09-23 02:26:06Z : PB = 409296896 : Out  : ------------ StyleCop.StyleCopThread.RunAnalyzers()
2022-09-23 02:26:06Z : PB = 409296896 : Out  : ----------- StyleCop.StyleCopThread.TestAndRunAnalyzers()=True
2022-09-23 02:26:06Z : PB = 409296896 : Out  : ---------- StyleCop.StyleCopThread.ParseAndAnalyzeDocument()
2022-09-23 02:26:06Z : PB = 409296896 : In   : ---------- StyleCop.StyleCopThread.ParseAndAnalyzeDocument(sourceCode=[CodeFile], documentStatus=[DocumentAnalysisStatus])
2022-09-23 02:26:06Z : PB = 409296896 : In   : ----------- StyleCop.CSharp.CsParser.ParseFile(sourceCode=[CodeFile], passNumber=0, document=<null>)
2022-09-23 02:26:06Z : PB = 409296896 : Out  : ----------- StyleCop.CSharp.CsParser.ParseFile()=False
2022-09-23 02:26:06Z : PB = 409296896 : In   : ----------- StyleCop.StyleCopThread.TestAndRunAnalyzers(document=[CsDocument], parser=[CsParser], analyzers=[<get_EnabledAnalyzers>d__20], passNumber=0)
2022-09-23 02:26:06Z : PB = 409296896 : In   : ------------ StyleCop.StyleCopThread.RunAnalyzers(document=[CsDocument], parser=[CsParser], analyzers=[<get_EnabledAnalyzers>d__20])
2022-09-23 02:26:06Z : PB = 412147712 : Out  : ------------ StyleCop.StyleCopThread.RunAnalyzers()
2022-09-23 02:26:06Z : PB = 412147712 : Out  : ----------- StyleCop.StyleCopThread.TestAndRunAnalyzers()=True
2022-09-23 02:26:06Z : PB = 412147712 : Out  : ---------- StyleCop.StyleCopThread.ParseAndAnalyzeDocument()
2022-09-23 02:26:06Z : PB = 412147712 : In   : ---------- StyleCop.StyleCopThread.ParseAndAnalyzeDocument(sourceCode=[CodeFile], documentStatus=[DocumentAnalysisStatus])
2022-09-23 02:26:06Z : PB = 412147712 : In   : ----------- StyleCop.CSharp.CsParser.ParseFile(sourceCode=[CodeFile], passNumber=0, document=<null>)
2022-09-23 02:26:06Z : PB = 412147712 : Out  : ----------- StyleCop.CSharp.CsParser.ParseFile()=False
2022-09-23 02:26:06Z : PB = 412147712 : In   : ----------- StyleCop.StyleCopThread.TestAndRunAnalyzers(document=[CsDocument], parser=[CsParser], analyzers=[<get_EnabledAnalyzers>d__20], passNumber=0)
2022-09-23 02:26:06Z : PB = 412147712 : In   : ------------ StyleCop.StyleCopThread.RunAnalyzers(document=[CsDocument], parser=[CsParser], analyzers=[<get_EnabledAnalyzers>d__20])
2022-09-23 02:26:06Z : PB = 415596544 : Out  : ------------ StyleCop.StyleCopThread.RunAnalyzers()
2022-09-23 02:26:06Z : PB = 415596544 : Out  : ----------- StyleCop.StyleCopThread.TestAndRunAnalyzers()=True
2022-09-23 02:26:06Z : PB = 415596544 : Out  : ---------- StyleCop.StyleCopThread.ParseAndAnalyzeDocument()
2022-09-23 02:26:06Z : PB = 415596544 : In   : ---------- StyleCop.StyleCopThread.ParseAndAnalyzeDocument(sourceCode=[CodeFile], documentStatus=[DocumentAnalysisStatus])
2022-09-23 02:26:06Z : PB = 415596544 : In   : ----------- StyleCop.CSharp.CsParser.ParseFile(sourceCode=[CodeFile], passNumber=0, document=<null>)
2022-09-23 02:26:06Z : PB = 415596544 : Out  : ----------- StyleCop.CSharp.CsParser.ParseFile()=False
2022-09-23 02:26:06Z : PB = 415596544 : In   : ----------- StyleCop.StyleCopThread.TestAndRunAnalyzers(document=[CsDocument], parser=[CsParser], analyzers=[<get_EnabledAnalyzers>d__20], passNumber=0)
2022-09-23 02:26:06Z : PB = 415596544 : In   : ------------ StyleCop.StyleCopThread.RunAnalyzers(document=[CsDocument], parser=[CsParser], analyzers=[<get_EnabledAnalyzers>d__20])
2022-09-23 02:26:06Z : PB = 419045376 : Out  : ------------ StyleCop.StyleCopThread.RunAnalyzers()
2022-09-23 02:26:06Z : PB = 419045376 : Out  : ----------- StyleCop.StyleCopThread.TestAndRunAnalyzers()=True
2022-09-23 02:26:06Z : PB = 419045376 : Out  : ---------- StyleCop.StyleCopThread.ParseAndAnalyzeDocument()
2022-09-23 02:26:06Z : PB = 419045376 : In   : ---------- StyleCop.StyleCopThread.ParseAndAnalyzeDocument(sourceCode=[CodeFile], documentStatus=[DocumentAnalysisStatus])
2022-09-23 02:26:06Z : PB = 419045376 : In   : ----------- StyleCop.CSharp.CsParser.ParseFile(sourceCode=[CodeFile], passNumber=0, document=<null>)
2022-09-23 02:26:06Z : PB = 419045376 : Out  : ----------- StyleCop.CSharp.CsParser.ParseFile()=False
2022-09-23 02:26:06Z : PB = 419045376 : In   : ----------- StyleCop.StyleCopThread.TestAndRunAnalyzers(document=[CsDocument], parser=[CsParser], analyzers=[<get_EnabledAnalyzers>d__20], passNumber=0)
2022-09-23 02:26:06Z : PB = 419045376 : In   : ------------ StyleCop.StyleCopThread.RunAnalyzers(document=[CsDocument], parser=[CsParser], analyzers=[<get_EnabledAnalyzers>d__20])
2022-09-23 02:26:06Z : PB = 423673856 : Out  : ------------ StyleCop.StyleCopThread.RunAnalyzers()
2022-09-23 02:26:06Z : PB = 423673856 : Out  : ----------- StyleCop.StyleCopThread.TestAndRunAnalyzers()=True
2022-09-23 02:26:06Z : PB = 423673856 : Out  : ---------- StyleCop.StyleCopThread.ParseAndAnalyzeDocument()
2022-09-23 02:26:06Z : PB = 423673856 : In   : ---------- StyleCop.StyleCopThread.ParseAndAnalyzeDocument(sourceCode=[CodeFile], documentStatus=[DocumentAnalysisStatus])
2022-09-23 02:26:06Z : PB = 423673856 : In   : ----------- StyleCop.CSharp.CsParser.ParseFile(sourceCode=[CodeFile], passNumber=0, document=<null>)
2022-09-23 02:26:06Z : PB = 423673856 : Out  : ----------- StyleCop.CSharp.CsParser.ParseFile()=False
2022-09-23 02:26:06Z : PB = 423673856 : In   : ----------- StyleCop.StyleCopThread.TestAndRunAnalyzers(document=[CsDocument], parser=[CsParser], analyzers=[<get_EnabledAnalyzers>d__20], passNumber=0)
2022-09-23 02:26:06Z : PB = 423673856 : In   : ------------ StyleCop.StyleCopThread.RunAnalyzers(document=[CsDocument], parser=[CsParser], analyzers=[<get_EnabledAnalyzers>d__20])
2022-09-23 02:26:06Z : PB = 427122688 : Out  : ------------ StyleCop.StyleCopThread.RunAnalyzers()
2022-09-23 02:26:06Z : PB = 427122688 : Out  : ----------- StyleCop.StyleCopThread.TestAndRunAnalyzers()=True
2022-09-23 02:26:06Z : PB = 427122688 : Out  : ---------- StyleCop.StyleCopThread.ParseAndAnalyzeDocument()
2022-09-23 02:26:06Z : PB = 427122688 : Out  : --------- StyleCop.StyleCopThread.DoWork()
2022-09-23 02:26:06Z : PB = 427122688 : Out  : -------- StyleCop.StyleCopCore.RunWorkerThreads()=True
2022-09-23 02:26:06Z : PB = 427122688 : Out  : ------- StyleCop.StyleCopCore.Analyze()
2022-09-23 02:26:06Z : PB = 427122688 : Out  : ------ StyleCop.StyleCopCore.FullAnalyze()
2022-09-23 02:26:06Z : PB = 427122688 : In   : ------ StyleCop.VisualStudio.AnalysisHelper.AnalyzeComplete(sender=[AnalysisThread], e=[EventArgs])
2022-09-23 02:26:06Z : PB = 427122688 : In   : ------- StyleCop.VisualStudio.AnalysisHelper.AnalyzeCompleteMain(sender=[AnalysisThread], e=[EventArgs])
2022-09-23 02:26:09Z : PB = 425562112 : Out  : ------- StyleCop.VisualStudio.AnalysisHelper.AnalyzeCompleteMain()
2022-09-23 02:26:09Z : PB = 425562112 : Out  : ------ StyleCop.VisualStudio.AnalysisHelper.AnalyzeComplete()
2022-09-23 02:26:09Z : PB = 425562112 : Out  : ----- StyleCop.VisualStudio.AnalysisThread.AnalyzeProc()
