Entering constructor for: ReviewPal.ReviewPal2013.DrSmellPackage
Entering Initialize() of: ReviewPal.ReviewPal2013.DrSmellPackage
2022-10-09 10:21:06Z : PB = 365338624 : In   : ---------------------------- StyleCop.StyleCopCore..ctor(environment=<null>, hostTag=<null>)
2022-10-09 10:21:06Z : PB = 365379584 : Out  : ---------------------------- StyleCop.StyleCopCore..ctor()
2022-10-09 10:21:06Z : PB = 365789184 : Out  : ------------------------- StyleCop.StyleCopCore.Initialize()
C:\Users\user\Documents\大學三年級\111-1-Windows-Programming\TA code\debug.log
2022-10-09 10:21:10Z : PB = 367173632 : In   : ---------------------------------- StyleCop.VisualStudio.AnalysisHelper.Analyze(full=True, type={Solution}, analysisFileManager=<missing>)
2022-10-09 10:21:10Z : PB = 367587328 : Out  : ---------------------------------- StyleCop.VisualStudio.AnalysisHelper.Analyze()
2022-10-09 10:21:10Z : PB = 367935488 : In   : ----- StyleCop.VisualStudio.AnalysisThread.AnalyzeProc()
2022-10-09 10:21:10Z : PB = 367939584 : In   : ------ StyleCop.StyleCopCore.FullAnalyze(projects=[List<CodeProject>: Count = 1])
2022-10-09 10:21:10Z : PB = 367964160 : In   : ------- StyleCop.StyleCopCore.Analyze(projects=[List<CodeProject>: Count = 1], ignoreCache=True, settingsPath=<null>)
2022-10-09 10:21:10Z : PB = 368103424 : In   : -------- StyleCop.StyleCopCore.RunWorkerThreads(data=[Data], count=1)
2022-10-09 10:21:10Z : PB = 367480832 : In   : --------- StyleCop.StyleCopThread.DoWork(sender=<null>)
2022-10-09 10:21:10Z : PB = 367493120 : In   : ---------- StyleCop.StyleCopThread.ParseAndAnalyzeDocument(sourceCode=[CodeFile], documentStatus=[DocumentAnalysisStatus])
2022-10-09 10:21:10Z : PB = 367509504 : In   : ----------- StyleCop.CSharp.CsParser.ParseFile(sourceCode=[CodeFile], passNumber=0, document=<null>)
2022-10-09 10:21:10Z : PB = 367865856 : Out  : ----------- StyleCop.CSharp.CsParser.ParseFile()=False
2022-10-09 10:21:10Z : PB = 367869952 : In   : ----------- StyleCop.StyleCopThread.TestAndRunAnalyzers(document=[CsDocument], parser=[CsParser], analyzers=[<get_EnabledAnalyzers>d__20], passNumber=0)
2022-10-09 10:21:10Z : PB = 367890432 : In   : ------------ StyleCop.StyleCopThread.RunAnalyzers(document=[CsDocument], parser=[CsParser], analyzers=[<get_EnabledAnalyzers>d__20])
2022-10-09 10:21:10Z : PB = 370700288 : Out  : ------------ StyleCop.StyleCopThread.RunAnalyzers()
2022-10-09 10:21:10Z : PB = 370700288 : Out  : ----------- StyleCop.StyleCopThread.TestAndRunAnalyzers()=True
2022-10-09 10:21:10Z : PB = 370733056 : Out  : ---------- StyleCop.StyleCopThread.ParseAndAnalyzeDocument()
2022-10-09 10:21:10Z : PB = 370733056 : In   : ---------- StyleCop.StyleCopThread.ParseAndAnalyzeDocument(sourceCode=[CodeFile], documentStatus=[DocumentAnalysisStatus])
2022-10-09 10:21:10Z : PB = 370733056 : In   : ----------- StyleCop.CSharp.CsParser.ParseFile(sourceCode=[CodeFile], passNumber=0, document=<null>)
2022-10-09 10:21:10Z : PB = 370741248 : Out  : ----------- StyleCop.CSharp.CsParser.ParseFile()=False
2022-10-09 10:21:10Z : PB = 370741248 : In   : ----------- StyleCop.StyleCopThread.TestAndRunAnalyzers(document=[CsDocument], parser=[CsParser], analyzers=[<get_EnabledAnalyzers>d__20], passNumber=0)
2022-10-09 10:21:10Z : PB = 370741248 : In   : ------------ StyleCop.StyleCopThread.RunAnalyzers(document=[CsDocument], parser=[CsParser], analyzers=[<get_EnabledAnalyzers>d__20])
2022-10-09 10:21:10Z : PB = 377364480 : Out  : ------------ StyleCop.StyleCopThread.RunAnalyzers()
2022-10-09 10:21:10Z : PB = 377364480 : Out  : ----------- StyleCop.StyleCopThread.TestAndRunAnalyzers()=True
2022-10-09 10:21:10Z : PB = 377368576 : Out  : ---------- StyleCop.StyleCopThread.ParseAndAnalyzeDocument()
2022-10-09 10:21:10Z : PB = 377368576 : In   : ---------- StyleCop.StyleCopThread.ParseAndAnalyzeDocument(sourceCode=[CodeFile], documentStatus=[DocumentAnalysisStatus])
2022-10-09 10:21:10Z : PB = 377368576 : In   : ----------- StyleCop.CSharp.CsParser.ParseFile(sourceCode=[CodeFile], passNumber=0, document=<null>)
2022-10-09 10:21:11Z : PB = 375832576 : Out  : ----------- StyleCop.CSharp.CsParser.ParseFile()=False
2022-10-09 10:21:11Z : PB = 375832576 : In   : ----------- StyleCop.StyleCopThread.TestAndRunAnalyzers(document=[CsDocument], parser=[CsParser], analyzers=[<get_EnabledAnalyzers>d__20], passNumber=0)
2022-10-09 10:21:11Z : PB = 375832576 : In   : ------------ StyleCop.StyleCopThread.RunAnalyzers(document=[CsDocument], parser=[CsParser], analyzers=[<get_EnabledAnalyzers>d__20])
2022-10-09 10:21:11Z : PB = 382496768 : Out  : ------------ StyleCop.StyleCopThread.RunAnalyzers()
2022-10-09 10:21:11Z : PB = 382496768 : Out  : ----------- StyleCop.StyleCopThread.TestAndRunAnalyzers()=True
2022-10-09 10:21:11Z : PB = 382496768 : Out  : ---------- StyleCop.StyleCopThread.ParseAndAnalyzeDocument()
2022-10-09 10:21:11Z : PB = 382496768 : In   : ---------- StyleCop.StyleCopThread.ParseAndAnalyzeDocument(sourceCode=[CodeFile], documentStatus=[DocumentAnalysisStatus])
2022-10-09 10:21:11Z : PB = 382496768 : In   : ----------- StyleCop.CSharp.CsParser.ParseFile(sourceCode=[CodeFile], passNumber=0, document=<null>)
2022-10-09 10:21:11Z : PB = 382496768 : Out  : ----------- StyleCop.CSharp.CsParser.ParseFile()=False
2022-10-09 10:21:11Z : PB = 382496768 : In   : ----------- StyleCop.StyleCopThread.TestAndRunAnalyzers(document=[CsDocument], parser=[CsParser], analyzers=[<get_EnabledAnalyzers>d__20], passNumber=0)
2022-10-09 10:21:11Z : PB = 382496768 : In   : ------------ StyleCop.StyleCopThread.RunAnalyzers(document=[CsDocument], parser=[CsParser], analyzers=[<get_EnabledAnalyzers>d__20])
2022-10-09 10:21:11Z : PB = 387305472 : Out  : ------------ StyleCop.StyleCopThread.RunAnalyzers()
2022-10-09 10:21:11Z : PB = 387305472 : Out  : ----------- StyleCop.StyleCopThread.TestAndRunAnalyzers()=True
2022-10-09 10:21:11Z : PB = 387305472 : Out  : ---------- StyleCop.StyleCopThread.ParseAndAnalyzeDocument()
2022-10-09 10:21:11Z : PB = 387305472 : In   : ---------- StyleCop.StyleCopThread.ParseAndAnalyzeDocument(sourceCode=[CodeFile], documentStatus=[DocumentAnalysisStatus])
2022-10-09 10:21:11Z : PB = 387305472 : In   : ----------- StyleCop.CSharp.CsParser.ParseFile(sourceCode=[CodeFile], passNumber=0, document=<null>)
2022-10-09 10:21:11Z : PB = 387330048 : Out  : ----------- StyleCop.CSharp.CsParser.ParseFile()=False
2022-10-09 10:21:11Z : PB = 387330048 : In   : ----------- StyleCop.StyleCopThread.TestAndRunAnalyzers(document=[CsDocument], parser=[CsParser], analyzers=[<get_EnabledAnalyzers>d__20], passNumber=0)
2022-10-09 10:21:11Z : PB = 387330048 : In   : ------------ StyleCop.StyleCopThread.RunAnalyzers(document=[CsDocument], parser=[CsParser], analyzers=[<get_EnabledAnalyzers>d__20])
2022-10-09 10:21:11Z : PB = 393121792 : Out  : ------------ StyleCop.StyleCopThread.RunAnalyzers()
2022-10-09 10:21:11Z : PB = 393121792 : Out  : ----------- StyleCop.StyleCopThread.TestAndRunAnalyzers()=True
2022-10-09 10:21:11Z : PB = 393121792 : Out  : ---------- StyleCop.StyleCopThread.ParseAndAnalyzeDocument()
2022-10-09 10:21:11Z : PB = 393121792 : In   : ---------- StyleCop.StyleCopThread.ParseAndAnalyzeDocument(sourceCode=[CodeFile], documentStatus=[DocumentAnalysisStatus])
2022-10-09 10:21:11Z : PB = 393121792 : In   : ----------- StyleCop.CSharp.CsParser.ParseFile(sourceCode=[CodeFile], passNumber=0, document=<null>)
2022-10-09 10:21:11Z : PB = 393121792 : Out  : ----------- StyleCop.CSharp.CsParser.ParseFile()=False
2022-10-09 10:21:11Z : PB = 393121792 : In   : ----------- StyleCop.StyleCopThread.TestAndRunAnalyzers(document=[CsDocument], parser=[CsParser], analyzers=[<get_EnabledAnalyzers>d__20], passNumber=0)
2022-10-09 10:21:11Z : PB = 393121792 : In   : ------------ StyleCop.StyleCopThread.RunAnalyzers(document=[CsDocument], parser=[CsParser], analyzers=[<get_EnabledAnalyzers>d__20])
2022-10-09 10:21:11Z : PB = 398475264 : Out  : ------------ StyleCop.StyleCopThread.RunAnalyzers()
2022-10-09 10:21:11Z : PB = 398475264 : Out  : ----------- StyleCop.StyleCopThread.TestAndRunAnalyzers()=True
2022-10-09 10:21:11Z : PB = 398475264 : Out  : ---------- StyleCop.StyleCopThread.ParseAndAnalyzeDocument()
2022-10-09 10:21:11Z : PB = 398475264 : In   : ---------- StyleCop.StyleCopThread.ParseAndAnalyzeDocument(sourceCode=[CodeFile], documentStatus=[DocumentAnalysisStatus])
2022-10-09 10:21:11Z : PB = 398475264 : In   : ----------- StyleCop.CSharp.CsParser.ParseFile(sourceCode=[CodeFile], passNumber=0, document=<null>)
2022-10-09 10:21:11Z : PB = 398639104 : Out  : ----------- StyleCop.CSharp.CsParser.ParseFile()=False
2022-10-09 10:21:11Z : PB = 398639104 : In   : ----------- StyleCop.StyleCopThread.TestAndRunAnalyzers(document=[CsDocument], parser=[CsParser], analyzers=[<get_EnabledAnalyzers>d__20], passNumber=0)
2022-10-09 10:21:11Z : PB = 398639104 : In   : ------------ StyleCop.StyleCopThread.RunAnalyzers(document=[CsDocument], parser=[CsParser], analyzers=[<get_EnabledAnalyzers>d__20])
2022-10-09 10:21:11Z : PB = 404254720 : Out  : ------------ StyleCop.StyleCopThread.RunAnalyzers()
2022-10-09 10:21:11Z : PB = 404254720 : Out  : ----------- StyleCop.StyleCopThread.TestAndRunAnalyzers()=True
2022-10-09 10:21:11Z : PB = 404254720 : Out  : ---------- StyleCop.StyleCopThread.ParseAndAnalyzeDocument()
2022-10-09 10:21:11Z : PB = 404254720 : In   : ---------- StyleCop.StyleCopThread.ParseAndAnalyzeDocument(sourceCode=[CodeFile], documentStatus=[DocumentAnalysisStatus])
2022-10-09 10:21:11Z : PB = 404275200 : In   : ----------- StyleCop.CSharp.CsParser.ParseFile(sourceCode=[CodeFile], passNumber=0, document=<null>)
2022-10-09 10:21:11Z : PB = 404275200 : Out  : ----------- StyleCop.CSharp.CsParser.ParseFile()=False
2022-10-09 10:21:11Z : PB = 404275200 : In   : ----------- StyleCop.StyleCopThread.TestAndRunAnalyzers(document=[CsDocument], parser=[CsParser], analyzers=[<get_EnabledAnalyzers>d__20], passNumber=0)
2022-10-09 10:21:11Z : PB = 404275200 : In   : ------------ StyleCop.StyleCopThread.RunAnalyzers(document=[CsDocument], parser=[CsParser], analyzers=[<get_EnabledAnalyzers>d__20])
2022-10-09 10:21:11Z : PB = 411131904 : Out  : ------------ StyleCop.StyleCopThread.RunAnalyzers()
2022-10-09 10:21:11Z : PB = 411131904 : Out  : ----------- StyleCop.StyleCopThread.TestAndRunAnalyzers()=True
2022-10-09 10:21:11Z : PB = 411131904 : Out  : ---------- StyleCop.StyleCopThread.ParseAndAnalyzeDocument()
2022-10-09 10:21:11Z : PB = 411131904 : In   : ---------- StyleCop.StyleCopThread.ParseAndAnalyzeDocument(sourceCode=[CodeFile], documentStatus=[DocumentAnalysisStatus])
2022-10-09 10:21:11Z : PB = 411131904 : In   : ----------- StyleCop.CSharp.CsParser.ParseFile(sourceCode=[CodeFile], passNumber=0, document=<null>)
2022-10-09 10:21:11Z : PB = 411746304 : Out  : ----------- StyleCop.CSharp.CsParser.ParseFile()=False
2022-10-09 10:21:11Z : PB = 411746304 : In   : ----------- StyleCop.StyleCopThread.TestAndRunAnalyzers(document=[CsDocument], parser=[CsParser], analyzers=[<get_EnabledAnalyzers>d__20], passNumber=0)
2022-10-09 10:21:11Z : PB = 411746304 : In   : ------------ StyleCop.StyleCopThread.RunAnalyzers(document=[CsDocument], parser=[CsParser], analyzers=[<get_EnabledAnalyzers>d__20])
2022-10-09 10:21:11Z : PB = 418750464 : Out  : ------------ StyleCop.StyleCopThread.RunAnalyzers()
2022-10-09 10:21:11Z : PB = 418770944 : Out  : ----------- StyleCop.StyleCopThread.TestAndRunAnalyzers()=True
2022-10-09 10:21:11Z : PB = 418770944 : Out  : ---------- StyleCop.StyleCopThread.ParseAndAnalyzeDocument()
2022-10-09 10:21:11Z : PB = 418770944 : In   : ---------- StyleCop.StyleCopThread.ParseAndAnalyzeDocument(sourceCode=[CodeFile], documentStatus=[DocumentAnalysisStatus])
2022-10-09 10:21:11Z : PB = 418770944 : In   : ----------- StyleCop.CSharp.CsParser.ParseFile(sourceCode=[CodeFile], passNumber=0, document=<null>)
2022-10-09 10:21:11Z : PB = 418787328 : Out  : ----------- StyleCop.CSharp.CsParser.ParseFile()=False
2022-10-09 10:21:12Z : PB = 418787328 : In   : ----------- StyleCop.StyleCopThread.TestAndRunAnalyzers(document=[CsDocument], parser=[CsParser], analyzers=[<get_EnabledAnalyzers>d__20], passNumber=0)
2022-10-09 10:21:12Z : PB = 418787328 : In   : ------------ StyleCop.StyleCopThread.RunAnalyzers(document=[CsDocument], parser=[CsParser], analyzers=[<get_EnabledAnalyzers>d__20])
2022-10-09 10:21:12Z : PB = 388907008 : Out  : ------------ StyleCop.StyleCopThread.RunAnalyzers()
2022-10-09 10:21:12Z : PB = 388907008 : Out  : ----------- StyleCop.StyleCopThread.TestAndRunAnalyzers()=True
2022-10-09 10:21:12Z : PB = 388907008 : Out  : ---------- StyleCop.StyleCopThread.ParseAndAnalyzeDocument()
2022-10-09 10:21:12Z : PB = 388907008 : In   : ---------- StyleCop.StyleCopThread.ParseAndAnalyzeDocument(sourceCode=[CodeFile], documentStatus=[DocumentAnalysisStatus])
2022-10-09 10:21:12Z : PB = 388907008 : In   : ----------- StyleCop.CSharp.CsParser.ParseFile(sourceCode=[CodeFile], passNumber=0, document=<null>)
2022-10-09 10:21:12Z : PB = 388915200 : Out  : ----------- StyleCop.CSharp.CsParser.ParseFile()=False
2022-10-09 10:21:12Z : PB = 388915200 : In   : ----------- StyleCop.StyleCopThread.TestAndRunAnalyzers(document=[CsDocument], parser=[CsParser], analyzers=[<get_EnabledAnalyzers>d__20], passNumber=0)
2022-10-09 10:21:12Z : PB = 388915200 : In   : ------------ StyleCop.StyleCopThread.RunAnalyzers(document=[CsDocument], parser=[CsParser], analyzers=[<get_EnabledAnalyzers>d__20])
2022-10-09 10:21:12Z : PB = 392130560 : Out  : ------------ StyleCop.StyleCopThread.RunAnalyzers()
2022-10-09 10:21:12Z : PB = 392130560 : Out  : ----------- StyleCop.StyleCopThread.TestAndRunAnalyzers()=True
2022-10-09 10:21:12Z : PB = 392130560 : Out  : ---------- StyleCop.StyleCopThread.ParseAndAnalyzeDocument()
2022-10-09 10:21:12Z : PB = 392130560 : In   : ---------- StyleCop.StyleCopThread.ParseAndAnalyzeDocument(sourceCode=[CodeFile], documentStatus=[DocumentAnalysisStatus])
2022-10-09 10:21:12Z : PB = 392130560 : In   : ----------- StyleCop.CSharp.CsParser.ParseFile(sourceCode=[CodeFile], passNumber=0, document=<null>)
2022-10-09 10:21:12Z : PB = 392134656 : Out  : ----------- StyleCop.CSharp.CsParser.ParseFile()=False
2022-10-09 10:21:12Z : PB = 392134656 : In   : ----------- StyleCop.StyleCopThread.TestAndRunAnalyzers(document=[CsDocument], parser=[CsParser], analyzers=[<get_EnabledAnalyzers>d__20], passNumber=0)
2022-10-09 10:21:12Z : PB = 392134656 : In   : ------------ StyleCop.StyleCopThread.RunAnalyzers(document=[CsDocument], parser=[CsParser], analyzers=[<get_EnabledAnalyzers>d__20])
2022-10-09 10:21:12Z : PB = 398397440 : Out  : ------------ StyleCop.StyleCopThread.RunAnalyzers()
2022-10-09 10:21:12Z : PB = 398397440 : Out  : ----------- StyleCop.StyleCopThread.TestAndRunAnalyzers()=True
2022-10-09 10:21:12Z : PB = 398397440 : Out  : ---------- StyleCop.StyleCopThread.ParseAndAnalyzeDocument()
2022-10-09 10:21:12Z : PB = 398417920 : In   : ---------- StyleCop.StyleCopThread.ParseAndAnalyzeDocument(sourceCode=[CodeFile], documentStatus=[DocumentAnalysisStatus])
2022-10-09 10:21:12Z : PB = 398417920 : In   : ----------- StyleCop.CSharp.CsParser.ParseFile(sourceCode=[CodeFile], passNumber=0, document=<null>)
2022-10-09 10:21:12Z : PB = 398426112 : Out  : ----------- StyleCop.CSharp.CsParser.ParseFile()=False
2022-10-09 10:21:12Z : PB = 398491648 : In   : ----------- StyleCop.StyleCopThread.TestAndRunAnalyzers(document=[CsDocument], parser=[CsParser], analyzers=[<get_EnabledAnalyzers>d__20], passNumber=0)
2022-10-09 10:21:12Z : PB = 398557184 : In   : ------------ StyleCop.StyleCopThread.RunAnalyzers(document=[CsDocument], parser=[CsParser], analyzers=[<get_EnabledAnalyzers>d__20])
2022-10-09 10:21:12Z : PB = 398966784 : Out  : ------------ StyleCop.StyleCopThread.RunAnalyzers()
2022-10-09 10:21:12Z : PB = 399097856 : Out  : ----------- StyleCop.StyleCopThread.TestAndRunAnalyzers()=True
2022-10-09 10:21:12Z : PB = 399163392 : Out  : ---------- StyleCop.StyleCopThread.ParseAndAnalyzeDocument()
2022-10-09 10:21:12Z : PB = 399228928 : In   : ---------- StyleCop.StyleCopThread.ParseAndAnalyzeDocument(sourceCode=[CodeFile], documentStatus=[DocumentAnalysisStatus])
2022-10-09 10:21:12Z : PB = 399360000 : In   : ----------- StyleCop.CSharp.CsParser.ParseFile(sourceCode=[CodeFile], passNumber=0, document=<null>)
2022-10-09 10:21:12Z : PB = 399491072 : Out  : ----------- StyleCop.CSharp.CsParser.ParseFile()=False
2022-10-09 10:21:12Z : PB = 399491072 : In   : ----------- StyleCop.StyleCopThread.TestAndRunAnalyzers(document=[CsDocument], parser=[CsParser], analyzers=[<get_EnabledAnalyzers>d__20], passNumber=0)
2022-10-09 10:21:12Z : PB = 399491072 : In   : ------------ StyleCop.StyleCopThread.RunAnalyzers(document=[CsDocument], parser=[CsParser], analyzers=[<get_EnabledAnalyzers>d__20])
2022-10-09 10:21:13Z : PB = 405901312 : Out  : ------------ StyleCop.StyleCopThread.RunAnalyzers()
2022-10-09 10:21:13Z : PB = 405901312 : Out  : ----------- StyleCop.StyleCopThread.TestAndRunAnalyzers()=True
2022-10-09 10:21:13Z : PB = 405901312 : Out  : ---------- StyleCop.StyleCopThread.ParseAndAnalyzeDocument()
2022-10-09 10:21:13Z : PB = 405901312 : Out  : --------- StyleCop.StyleCopThread.DoWork()
2022-10-09 10:21:13Z : PB = 405901312 : Out  : -------- StyleCop.StyleCopCore.RunWorkerThreads()=True
2022-10-09 10:21:13Z : PB = 405905408 : Out  : ------- StyleCop.StyleCopCore.Analyze()
2022-10-09 10:21:13Z : PB = 405905408 : Out  : ------ StyleCop.StyleCopCore.FullAnalyze()
2022-10-09 10:21:13Z : PB = 405905408 : In   : ------ StyleCop.VisualStudio.AnalysisHelper.AnalyzeComplete(sender=[AnalysisThread], e=[EventArgs])
2022-10-09 10:21:13Z : PB = 405905408 : In   : ------- StyleCop.VisualStudio.AnalysisHelper.AnalyzeCompleteMain(sender=[AnalysisThread], e=[EventArgs])
2022-10-09 10:21:15Z : PB = 401649664 : Out  : ------- StyleCop.VisualStudio.AnalysisHelper.AnalyzeCompleteMain()
2022-10-09 10:21:15Z : PB = 401649664 : Out  : ------ StyleCop.VisualStudio.AnalysisHelper.AnalyzeComplete()
2022-10-09 10:21:15Z : PB = 401715200 : Out  : ----- StyleCop.VisualStudio.AnalysisThread.AnalyzeProc()
2022-10-09 10:22:49Z : PB = 396959744 : In   : ---------------------------------- StyleCop.VisualStudio.AnalysisHelper.Analyze(full=True, type={Solution}, analysisFileManager=<missing>)
2022-10-09 10:22:49Z : PB = 397516800 : In   : ----- StyleCop.VisualStudio.AnalysisThread.AnalyzeProc()
2022-10-09 10:22:49Z : PB = 398147584 : Out  : ---------------------------------- StyleCop.VisualStudio.AnalysisHelper.Analyze()
2022-10-09 10:22:49Z : PB = 398147584 : In   : ------ StyleCop.StyleCopCore.FullAnalyze(projects=[List<CodeProject>: Count = 1])
2022-10-09 10:22:49Z : PB = 398147584 : In   : ------- StyleCop.StyleCopCore.Analyze(projects=[List<CodeProject>: Count = 1], ignoreCache=True, settingsPath=<null>)
2022-10-09 10:22:49Z : PB = 397520896 : In   : -------- StyleCop.StyleCopCore.RunWorkerThreads(data=[Data], count=1)
2022-10-09 10:22:49Z : PB = 397520896 : In   : --------- StyleCop.StyleCopThread.DoWork(sender=<null>)
2022-10-09 10:22:49Z : PB = 397520896 : In   : ---------- StyleCop.StyleCopThread.ParseAndAnalyzeDocument(sourceCode=[CodeFile], documentStatus=[DocumentAnalysisStatus])
2022-10-09 10:22:49Z : PB = 397520896 : In   : ----------- StyleCop.CSharp.CsParser.ParseFile(sourceCode=[CodeFile], passNumber=0, document=<null>)
2022-10-09 10:22:49Z : PB = 397524992 : Out  : ----------- StyleCop.CSharp.CsParser.ParseFile()=False
2022-10-09 10:22:49Z : PB = 397524992 : In   : ----------- StyleCop.StyleCopThread.TestAndRunAnalyzers(document=[CsDocument], parser=[CsParser], analyzers=[<get_EnabledAnalyzers>d__20], passNumber=0)
2022-10-09 10:22:49Z : PB = 397524992 : In   : ------------ StyleCop.StyleCopThread.RunAnalyzers(document=[CsDocument], parser=[CsParser], analyzers=[<get_EnabledAnalyzers>d__20])
2022-10-09 10:22:49Z : PB = 403288064 : Out  : ------------ StyleCop.StyleCopThread.RunAnalyzers()
2022-10-09 10:22:49Z : PB = 403288064 : Out  : ----------- StyleCop.StyleCopThread.TestAndRunAnalyzers()=True
2022-10-09 10:22:49Z : PB = 403288064 : Out  : ---------- StyleCop.StyleCopThread.ParseAndAnalyzeDocument()
2022-10-09 10:22:49Z : PB = 403443712 : In   : ---------- StyleCop.StyleCopThread.ParseAndAnalyzeDocument(sourceCode=[CodeFile], documentStatus=[DocumentAnalysisStatus])
2022-10-09 10:22:49Z : PB = 403529728 : In   : ----------- StyleCop.CSharp.CsParser.ParseFile(sourceCode=[CodeFile], passNumber=0, document=<null>)
2022-10-09 10:22:49Z : PB = 403599360 : Out  : ----------- StyleCop.CSharp.CsParser.ParseFile()=False
2022-10-09 10:22:49Z : PB = 403599360 : In   : ----------- StyleCop.StyleCopThread.TestAndRunAnalyzers(document=[CsDocument], parser=[CsParser], analyzers=[<get_EnabledAnalyzers>d__20], passNumber=0)
2022-10-09 10:22:49Z : PB = 403599360 : In   : ------------ StyleCop.StyleCopThread.RunAnalyzers(document=[CsDocument], parser=[CsParser], analyzers=[<get_EnabledAnalyzers>d__20])
2022-10-09 10:22:50Z : PB = 405524480 : Out  : ------------ StyleCop.StyleCopThread.RunAnalyzers()
2022-10-09 10:22:50Z : PB = 405524480 : Out  : ----------- StyleCop.StyleCopThread.TestAndRunAnalyzers()=True
2022-10-09 10:22:50Z : PB = 405524480 : Out  : ---------- StyleCop.StyleCopThread.ParseAndAnalyzeDocument()
2022-10-09 10:22:50Z : PB = 405524480 : In   : ---------- StyleCop.StyleCopThread.ParseAndAnalyzeDocument(sourceCode=[CodeFile], documentStatus=[DocumentAnalysisStatus])
2022-10-09 10:22:50Z : PB = 405524480 : In   : ----------- StyleCop.CSharp.CsParser.ParseFile(sourceCode=[CodeFile], passNumber=0, document=<null>)
2022-10-09 10:22:50Z : PB = 405524480 : Out  : ----------- StyleCop.CSharp.CsParser.ParseFile()=False
2022-10-09 10:22:50Z : PB = 405524480 : In   : ----------- StyleCop.StyleCopThread.TestAndRunAnalyzers(document=[CsDocument], parser=[CsParser], analyzers=[<get_EnabledAnalyzers>d__20], passNumber=0)
2022-10-09 10:22:50Z : PB = 405524480 : In   : ------------ StyleCop.StyleCopThread.RunAnalyzers(document=[CsDocument], parser=[CsParser], analyzers=[<get_EnabledAnalyzers>d__20])
2022-10-09 10:22:50Z : PB = 411648000 : Out  : ------------ StyleCop.StyleCopThread.RunAnalyzers()
2022-10-09 10:22:50Z : PB = 411648000 : Out  : ----------- StyleCop.StyleCopThread.TestAndRunAnalyzers()=True
2022-10-09 10:22:50Z : PB = 411648000 : Out  : ---------- StyleCop.StyleCopThread.ParseAndAnalyzeDocument()
2022-10-09 10:22:50Z : PB = 411648000 : In   : ---------- StyleCop.StyleCopThread.ParseAndAnalyzeDocument(sourceCode=[CodeFile], documentStatus=[DocumentAnalysisStatus])
2022-10-09 10:22:50Z : PB = 411648000 : In   : ----------- StyleCop.CSharp.CsParser.ParseFile(sourceCode=[CodeFile], passNumber=0, document=<null>)
2022-10-09 10:22:50Z : PB = 411648000 : Out  : ----------- StyleCop.CSharp.CsParser.ParseFile()=False
2022-10-09 10:22:50Z : PB = 411648000 : In   : ----------- StyleCop.StyleCopThread.TestAndRunAnalyzers(document=[CsDocument], parser=[CsParser], analyzers=[<get_EnabledAnalyzers>d__20], passNumber=0)
2022-10-09 10:22:50Z : PB = 411648000 : In   : ------------ StyleCop.StyleCopThread.RunAnalyzers(document=[CsDocument], parser=[CsParser], analyzers=[<get_EnabledAnalyzers>d__20])
2022-10-09 10:22:50Z : PB = 417030144 : Out  : ------------ StyleCop.StyleCopThread.RunAnalyzers()
2022-10-09 10:22:50Z : PB = 417030144 : Out  : ----------- StyleCop.StyleCopThread.TestAndRunAnalyzers()=True
2022-10-09 10:22:50Z : PB = 417030144 : Out  : ---------- StyleCop.StyleCopThread.ParseAndAnalyzeDocument()
2022-10-09 10:22:50Z : PB = 417030144 : In   : ---------- StyleCop.StyleCopThread.ParseAndAnalyzeDocument(sourceCode=[CodeFile], documentStatus=[DocumentAnalysisStatus])
2022-10-09 10:22:50Z : PB = 417030144 : In   : ----------- StyleCop.CSharp.CsParser.ParseFile(sourceCode=[CodeFile], passNumber=0, document=<null>)
2022-10-09 10:22:50Z : PB = 417030144 : Out  : ----------- StyleCop.CSharp.CsParser.ParseFile()=False
2022-10-09 10:22:50Z : PB = 417030144 : In   : ----------- StyleCop.StyleCopThread.TestAndRunAnalyzers(document=[CsDocument], parser=[CsParser], analyzers=[<get_EnabledAnalyzers>d__20], passNumber=0)
2022-10-09 10:22:50Z : PB = 417030144 : In   : ------------ StyleCop.StyleCopThread.RunAnalyzers(document=[CsDocument], parser=[CsParser], analyzers=[<get_EnabledAnalyzers>d__20])
2022-10-09 10:22:50Z : PB = 422039552 : Out  : ------------ StyleCop.StyleCopThread.RunAnalyzers()
2022-10-09 10:22:50Z : PB = 422039552 : Out  : ----------- StyleCop.StyleCopThread.TestAndRunAnalyzers()=True
2022-10-09 10:22:50Z : PB = 422039552 : Out  : ---------- StyleCop.StyleCopThread.ParseAndAnalyzeDocument()
2022-10-09 10:22:50Z : PB = 422039552 : In   : ---------- StyleCop.StyleCopThread.ParseAndAnalyzeDocument(sourceCode=[CodeFile], documentStatus=[DocumentAnalysisStatus])
2022-10-09 10:22:50Z : PB = 422039552 : In   : ----------- StyleCop.CSharp.CsParser.ParseFile(sourceCode=[CodeFile], passNumber=0, document=<null>)
2022-10-09 10:22:50Z : PB = 422039552 : Out  : ----------- StyleCop.CSharp.CsParser.ParseFile()=False
2022-10-09 10:22:50Z : PB = 422039552 : In   : ----------- StyleCop.StyleCopThread.TestAndRunAnalyzers(document=[CsDocument], parser=[CsParser], analyzers=[<get_EnabledAnalyzers>d__20], passNumber=0)
2022-10-09 10:22:50Z : PB = 422039552 : In   : ------------ StyleCop.StyleCopThread.RunAnalyzers(document=[CsDocument], parser=[CsParser], analyzers=[<get_EnabledAnalyzers>d__20])
2022-10-09 10:22:50Z : PB = 427790336 : Out  : ------------ StyleCop.StyleCopThread.RunAnalyzers()
2022-10-09 10:22:50Z : PB = 427790336 : Out  : ----------- StyleCop.StyleCopThread.TestAndRunAnalyzers()=True
2022-10-09 10:22:50Z : PB = 427790336 : Out  : ---------- StyleCop.StyleCopThread.ParseAndAnalyzeDocument()
2022-10-09 10:22:50Z : PB = 427790336 : In   : ---------- StyleCop.StyleCopThread.ParseAndAnalyzeDocument(sourceCode=[CodeFile], documentStatus=[DocumentAnalysisStatus])
2022-10-09 10:22:50Z : PB = 427790336 : In   : ----------- StyleCop.CSharp.CsParser.ParseFile(sourceCode=[CodeFile], passNumber=0, document=<null>)
2022-10-09 10:22:50Z : PB = 427790336 : Out  : ----------- StyleCop.CSharp.CsParser.ParseFile()=False
2022-10-09 10:22:50Z : PB = 427790336 : In   : ----------- StyleCop.StyleCopThread.TestAndRunAnalyzers(document=[CsDocument], parser=[CsParser], analyzers=[<get_EnabledAnalyzers>d__20], passNumber=0)
2022-10-09 10:22:50Z : PB = 427790336 : In   : ------------ StyleCop.StyleCopThread.RunAnalyzers(document=[CsDocument], parser=[CsParser], analyzers=[<get_EnabledAnalyzers>d__20])
2022-10-09 10:22:50Z : PB = 434061312 : Out  : ------------ StyleCop.StyleCopThread.RunAnalyzers()
2022-10-09 10:22:50Z : PB = 434061312 : Out  : ----------- StyleCop.StyleCopThread.TestAndRunAnalyzers()=True
2022-10-09 10:22:50Z : PB = 434061312 : Out  : ---------- StyleCop.StyleCopThread.ParseAndAnalyzeDocument()
2022-10-09 10:22:50Z : PB = 434061312 : In   : ---------- StyleCop.StyleCopThread.ParseAndAnalyzeDocument(sourceCode=[CodeFile], documentStatus=[DocumentAnalysisStatus])
2022-10-09 10:22:50Z : PB = 434061312 : In   : ----------- StyleCop.CSharp.CsParser.ParseFile(sourceCode=[CodeFile], passNumber=0, document=<null>)
2022-10-09 10:22:50Z : PB = 434847744 : Out  : ----------- StyleCop.CSharp.CsParser.ParseFile()=False
2022-10-09 10:22:50Z : PB = 434847744 : In   : ----------- StyleCop.StyleCopThread.TestAndRunAnalyzers(document=[CsDocument], parser=[CsParser], analyzers=[<get_EnabledAnalyzers>d__20], passNumber=0)
2022-10-09 10:22:50Z : PB = 434847744 : In   : ------------ StyleCop.StyleCopThread.RunAnalyzers(document=[CsDocument], parser=[CsParser], analyzers=[<get_EnabledAnalyzers>d__20])
2022-10-09 10:22:50Z : PB = 441171968 : Out  : ------------ StyleCop.StyleCopThread.RunAnalyzers()
2022-10-09 10:22:50Z : PB = 441303040 : Out  : ----------- StyleCop.StyleCopThread.TestAndRunAnalyzers()=True
2022-10-09 10:22:50Z : PB = 441368576 : Out  : ---------- StyleCop.StyleCopThread.ParseAndAnalyzeDocument()
2022-10-09 10:22:50Z : PB = 441434112 : In   : ---------- StyleCop.StyleCopThread.ParseAndAnalyzeDocument(sourceCode=[CodeFile], documentStatus=[DocumentAnalysisStatus])
2022-10-09 10:22:50Z : PB = 441565184 : In   : ----------- StyleCop.CSharp.CsParser.ParseFile(sourceCode=[CodeFile], passNumber=0, document=<null>)
2022-10-09 10:22:50Z : PB = 441892864 : Out  : ----------- StyleCop.CSharp.CsParser.ParseFile()=False
2022-10-09 10:22:50Z : PB = 441892864 : In   : ----------- StyleCop.StyleCopThread.TestAndRunAnalyzers(document=[CsDocument], parser=[CsParser], analyzers=[<get_EnabledAnalyzers>d__20], passNumber=0)
2022-10-09 10:22:50Z : PB = 441892864 : In   : ------------ StyleCop.StyleCopThread.RunAnalyzers(document=[CsDocument], parser=[CsParser], analyzers=[<get_EnabledAnalyzers>d__20])
2022-10-09 10:22:51Z : PB = 447631360 : Out  : ------------ StyleCop.StyleCopThread.RunAnalyzers()
2022-10-09 10:22:51Z : PB = 447631360 : Out  : ----------- StyleCop.StyleCopThread.TestAndRunAnalyzers()=True
2022-10-09 10:22:51Z : PB = 447631360 : Out  : ---------- StyleCop.StyleCopThread.ParseAndAnalyzeDocument()
2022-10-09 10:22:51Z : PB = 447631360 : In   : ---------- StyleCop.StyleCopThread.ParseAndAnalyzeDocument(sourceCode=[CodeFile], documentStatus=[DocumentAnalysisStatus])
2022-10-09 10:22:51Z : PB = 447631360 : In   : ----------- StyleCop.CSharp.CsParser.ParseFile(sourceCode=[CodeFile], passNumber=0, document=<null>)
2022-10-09 10:22:51Z : PB = 447631360 : Out  : ----------- StyleCop.CSharp.CsParser.ParseFile()=False
2022-10-09 10:22:51Z : PB = 447631360 : In   : ----------- StyleCop.StyleCopThread.TestAndRunAnalyzers(document=[CsDocument], parser=[CsParser], analyzers=[<get_EnabledAnalyzers>d__20], passNumber=0)
2022-10-09 10:22:51Z : PB = 447631360 : In   : ------------ StyleCop.StyleCopThread.RunAnalyzers(document=[CsDocument], parser=[CsParser], analyzers=[<get_EnabledAnalyzers>d__20])
2022-10-09 10:22:51Z : PB = 416096256 : Out  : ------------ StyleCop.StyleCopThread.RunAnalyzers()
2022-10-09 10:22:51Z : PB = 416096256 : Out  : ----------- StyleCop.StyleCopThread.TestAndRunAnalyzers()=True
2022-10-09 10:22:51Z : PB = 416096256 : Out  : ---------- StyleCop.StyleCopThread.ParseAndAnalyzeDocument()
2022-10-09 10:22:51Z : PB = 416096256 : In   : ---------- StyleCop.StyleCopThread.ParseAndAnalyzeDocument(sourceCode=[CodeFile], documentStatus=[DocumentAnalysisStatus])
2022-10-09 10:22:51Z : PB = 416096256 : In   : ----------- StyleCop.CSharp.CsParser.ParseFile(sourceCode=[CodeFile], passNumber=0, document=<null>)
2022-10-09 10:22:51Z : PB = 416096256 : Out  : ----------- StyleCop.CSharp.CsParser.ParseFile()=False
2022-10-09 10:22:51Z : PB = 416096256 : In   : ----------- StyleCop.StyleCopThread.TestAndRunAnalyzers(document=[CsDocument], parser=[CsParser], analyzers=[<get_EnabledAnalyzers>d__20], passNumber=0)
2022-10-09 10:22:51Z : PB = 416096256 : In   : ------------ StyleCop.StyleCopThread.RunAnalyzers(document=[CsDocument], parser=[CsParser], analyzers=[<get_EnabledAnalyzers>d__20])
2022-10-09 10:22:51Z : PB = 417075200 : Out  : ------------ StyleCop.StyleCopThread.RunAnalyzers()
2022-10-09 10:22:51Z : PB = 417140736 : Out  : ----------- StyleCop.StyleCopThread.TestAndRunAnalyzers()=True
2022-10-09 10:22:51Z : PB = 417271808 : Out  : ---------- StyleCop.StyleCopThread.ParseAndAnalyzeDocument()
2022-10-09 10:22:51Z : PB = 417337344 : In   : ---------- StyleCop.StyleCopThread.ParseAndAnalyzeDocument(sourceCode=[CodeFile], documentStatus=[DocumentAnalysisStatus])
2022-10-09 10:22:51Z : PB = 417402880 : In   : ----------- StyleCop.CSharp.CsParser.ParseFile(sourceCode=[CodeFile], passNumber=0, document=<null>)
2022-10-09 10:22:51Z : PB = 416555008 : Out  : ----------- StyleCop.CSharp.CsParser.ParseFile()=False
2022-10-09 10:22:51Z : PB = 416555008 : In   : ----------- StyleCop.StyleCopThread.TestAndRunAnalyzers(document=[CsDocument], parser=[CsParser], analyzers=[<get_EnabledAnalyzers>d__20], passNumber=0)
2022-10-09 10:22:51Z : PB = 416555008 : In   : ------------ StyleCop.StyleCopThread.RunAnalyzers(document=[CsDocument], parser=[CsParser], analyzers=[<get_EnabledAnalyzers>d__20])
2022-10-09 10:22:51Z : PB = 422187008 : Out  : ------------ StyleCop.StyleCopThread.RunAnalyzers()
2022-10-09 10:22:51Z : PB = 422187008 : Out  : ----------- StyleCop.StyleCopThread.TestAndRunAnalyzers()=True
2022-10-09 10:22:51Z : PB = 422187008 : Out  : ---------- StyleCop.StyleCopThread.ParseAndAnalyzeDocument()
2022-10-09 10:22:51Z : PB = 422187008 : In   : ---------- StyleCop.StyleCopThread.ParseAndAnalyzeDocument(sourceCode=[CodeFile], documentStatus=[DocumentAnalysisStatus])
2022-10-09 10:22:51Z : PB = 422187008 : In   : ----------- StyleCop.CSharp.CsParser.ParseFile(sourceCode=[CodeFile], passNumber=0, document=<null>)
2022-10-09 10:22:51Z : PB = 422453248 : Out  : ----------- StyleCop.CSharp.CsParser.ParseFile()=False
2022-10-09 10:22:51Z : PB = 422518784 : In   : ----------- StyleCop.StyleCopThread.TestAndRunAnalyzers(document=[CsDocument], parser=[CsParser], analyzers=[<get_EnabledAnalyzers>d__20], passNumber=0)
2022-10-09 10:22:51Z : PB = 422584320 : In   : ------------ StyleCop.StyleCopThread.RunAnalyzers(document=[CsDocument], parser=[CsParser], analyzers=[<get_EnabledAnalyzers>d__20])
2022-10-09 10:22:51Z : PB = 423575552 : Out  : ------------ StyleCop.StyleCopThread.RunAnalyzers()
2022-10-09 10:22:51Z : PB = 423575552 : Out  : ----------- StyleCop.StyleCopThread.TestAndRunAnalyzers()=True
2022-10-09 10:22:52Z : PB = 423575552 : Out  : ---------- StyleCop.StyleCopThread.ParseAndAnalyzeDocument()
2022-10-09 10:22:52Z : PB = 423575552 : In   : ---------- StyleCop.StyleCopThread.ParseAndAnalyzeDocument(sourceCode=[CodeFile], documentStatus=[DocumentAnalysisStatus])
2022-10-09 10:22:52Z : PB = 423575552 : In   : ----------- StyleCop.CSharp.CsParser.ParseFile(sourceCode=[CodeFile], passNumber=0, document=<null>)
2022-10-09 10:22:52Z : PB = 423575552 : Out  : ----------- StyleCop.CSharp.CsParser.ParseFile()=False
2022-10-09 10:22:52Z : PB = 423575552 : In   : ----------- StyleCop.StyleCopThread.TestAndRunAnalyzers(document=[CsDocument], parser=[CsParser], analyzers=[<get_EnabledAnalyzers>d__20], passNumber=0)
2022-10-09 10:22:52Z : PB = 423575552 : In   : ------------ StyleCop.StyleCopThread.RunAnalyzers(document=[CsDocument], parser=[CsParser], analyzers=[<get_EnabledAnalyzers>d__20])
2022-10-09 10:22:52Z : PB = 429981696 : Out  : ------------ StyleCop.StyleCopThread.RunAnalyzers()
2022-10-09 10:22:52Z : PB = 429981696 : Out  : ----------- StyleCop.StyleCopThread.TestAndRunAnalyzers()=True
2022-10-09 10:22:52Z : PB = 429981696 : Out  : ---------- StyleCop.StyleCopThread.ParseAndAnalyzeDocument()
2022-10-09 10:22:52Z : PB = 429981696 : Out  : --------- StyleCop.StyleCopThread.DoWork()
2022-10-09 10:22:52Z : PB = 429981696 : Out  : -------- StyleCop.StyleCopCore.RunWorkerThreads()=True
2022-10-09 10:22:52Z : PB = 429981696 : Out  : ------- StyleCop.StyleCopCore.Analyze()
2022-10-09 10:22:52Z : PB = 429981696 : Out  : ------ StyleCop.StyleCopCore.FullAnalyze()
2022-10-09 10:22:52Z : PB = 429981696 : In   : ------ StyleCop.VisualStudio.AnalysisHelper.AnalyzeComplete(sender=[AnalysisThread], e=[EventArgs])
2022-10-09 10:22:52Z : PB = 429981696 : In   : ------- StyleCop.VisualStudio.AnalysisHelper.AnalyzeCompleteMain(sender=[AnalysisThread], e=[EventArgs])
2022-10-09 10:22:54Z : PB = 426745856 : Out  : ------- StyleCop.VisualStudio.AnalysisHelper.AnalyzeCompleteMain()
2022-10-09 10:22:54Z : PB = 426745856 : Out  : ------ StyleCop.VisualStudio.AnalysisHelper.AnalyzeComplete()
2022-10-09 10:22:54Z : PB = 426745856 : Out  : ----- StyleCop.VisualStudio.AnalysisThread.AnalyzeProc()
2022-10-09 10:24:29Z : PB = 414384128 : In   : ---------------------------------- StyleCop.VisualStudio.AnalysisHelper.Analyze(full=True, type={Solution}, analysisFileManager=<missing>)
2022-10-09 10:24:29Z : PB = 414482432 : In   : ----- StyleCop.VisualStudio.AnalysisThread.AnalyzeProc()
2022-10-09 10:24:29Z : PB = 415309824 : Out  : ---------------------------------- StyleCop.VisualStudio.AnalysisHelper.Analyze()
2022-10-09 10:24:29Z : PB = 415309824 : In   : ------ StyleCop.StyleCopCore.FullAnalyze(projects=[List<CodeProject>: Count = 1])
2022-10-09 10:24:29Z : PB = 415309824 : In   : ------- StyleCop.StyleCopCore.Analyze(projects=[List<CodeProject>: Count = 1], ignoreCache=True, settingsPath=<null>)
2022-10-09 10:24:29Z : PB = 415313920 : In   : -------- StyleCop.StyleCopCore.RunWorkerThreads(data=[Data], count=1)
2022-10-09 10:24:29Z : PB = 414687232 : In   : --------- StyleCop.StyleCopThread.DoWork(sender=<null>)
2022-10-09 10:24:29Z : PB = 414687232 : In   : ---------- StyleCop.StyleCopThread.ParseAndAnalyzeDocument(sourceCode=[CodeFile], documentStatus=[DocumentAnalysisStatus])
2022-10-09 10:24:29Z : PB = 414687232 : In   : ----------- StyleCop.CSharp.CsParser.ParseFile(sourceCode=[CodeFile], passNumber=0, document=<null>)
2022-10-09 10:24:29Z : PB = 416198656 : Out  : ----------- StyleCop.CSharp.CsParser.ParseFile()=False
2022-10-09 10:24:29Z : PB = 416329728 : In   : ----------- StyleCop.StyleCopThread.TestAndRunAnalyzers(document=[CsDocument], parser=[CsParser], analyzers=[<get_EnabledAnalyzers>d__20], passNumber=0)
2022-10-09 10:24:29Z : PB = 416460800 : In   : ------------ StyleCop.StyleCopThread.RunAnalyzers(document=[CsDocument], parser=[CsParser], analyzers=[<get_EnabledAnalyzers>d__20])
2022-10-09 10:24:29Z : PB = 420249600 : Out  : ------------ StyleCop.StyleCopThread.RunAnalyzers()
2022-10-09 10:24:29Z : PB = 420249600 : Out  : ----------- StyleCop.StyleCopThread.TestAndRunAnalyzers()=True
2022-10-09 10:24:29Z : PB = 420249600 : Out  : ---------- StyleCop.StyleCopThread.ParseAndAnalyzeDocument()
2022-10-09 10:24:29Z : PB = 420249600 : In   : ---------- StyleCop.StyleCopThread.ParseAndAnalyzeDocument(sourceCode=[CodeFile], documentStatus=[DocumentAnalysisStatus])
2022-10-09 10:24:29Z : PB = 420249600 : In   : ----------- StyleCop.CSharp.CsParser.ParseFile(sourceCode=[CodeFile], passNumber=0, document=<null>)
2022-10-09 10:24:29Z : PB = 420249600 : Out  : ----------- StyleCop.CSharp.CsParser.ParseFile()=False
2022-10-09 10:24:29Z : PB = 420249600 : In   : ----------- StyleCop.StyleCopThread.TestAndRunAnalyzers(document=[CsDocument], parser=[CsParser], analyzers=[<get_EnabledAnalyzers>d__20], passNumber=0)
2022-10-09 10:24:29Z : PB = 420249600 : In   : ------------ StyleCop.StyleCopThread.RunAnalyzers(document=[CsDocument], parser=[CsParser], analyzers=[<get_EnabledAnalyzers>d__20])
2022-10-09 10:24:29Z : PB = 422326272 : Out  : ------------ StyleCop.StyleCopThread.RunAnalyzers()
2022-10-09 10:24:29Z : PB = 422326272 : Out  : ----------- StyleCop.StyleCopThread.TestAndRunAnalyzers()=True
2022-10-09 10:24:29Z : PB = 422326272 : Out  : ---------- StyleCop.StyleCopThread.ParseAndAnalyzeDocument()
2022-10-09 10:24:29Z : PB = 422326272 : In   : ---------- StyleCop.StyleCopThread.ParseAndAnalyzeDocument(sourceCode=[CodeFile], documentStatus=[DocumentAnalysisStatus])
2022-10-09 10:24:29Z : PB = 422326272 : In   : ----------- StyleCop.CSharp.CsParser.ParseFile(sourceCode=[CodeFile], passNumber=0, document=<null>)
2022-10-09 10:24:29Z : PB = 422326272 : Out  : ----------- StyleCop.CSharp.CsParser.ParseFile()=False
2022-10-09 10:24:29Z : PB = 422326272 : In   : ----------- StyleCop.StyleCopThread.TestAndRunAnalyzers(document=[CsDocument], parser=[CsParser], analyzers=[<get_EnabledAnalyzers>d__20], passNumber=0)
2022-10-09 10:24:29Z : PB = 422326272 : In   : ------------ StyleCop.StyleCopThread.RunAnalyzers(document=[CsDocument], parser=[CsParser], analyzers=[<get_EnabledAnalyzers>d__20])
2022-10-09 10:24:29Z : PB = 425025536 : Out  : ------------ StyleCop.StyleCopThread.RunAnalyzers()
2022-10-09 10:24:29Z : PB = 425025536 : Out  : ----------- StyleCop.StyleCopThread.TestAndRunAnalyzers()=True
2022-10-09 10:24:29Z : PB = 425025536 : Out  : ---------- StyleCop.StyleCopThread.ParseAndAnalyzeDocument()
2022-10-09 10:24:29Z : PB = 425025536 : In   : ---------- StyleCop.StyleCopThread.ParseAndAnalyzeDocument(sourceCode=[CodeFile], documentStatus=[DocumentAnalysisStatus])
2022-10-09 10:24:29Z : PB = 425025536 : In   : ----------- StyleCop.CSharp.CsParser.ParseFile(sourceCode=[CodeFile], passNumber=0, document=<null>)
2022-10-09 10:24:29Z : PB = 425025536 : Out  : ----------- StyleCop.CSharp.CsParser.ParseFile()=False
2022-10-09 10:24:29Z : PB = 425025536 : In   : ----------- StyleCop.StyleCopThread.TestAndRunAnalyzers(document=[CsDocument], parser=[CsParser], analyzers=[<get_EnabledAnalyzers>d__20], passNumber=0)
2022-10-09 10:24:29Z : PB = 425025536 : In   : ------------ StyleCop.StyleCopThread.RunAnalyzers(document=[CsDocument], parser=[CsParser], analyzers=[<get_EnabledAnalyzers>d__20])
2022-10-09 10:24:30Z : PB = 431034368 : Out  : ------------ StyleCop.StyleCopThread.RunAnalyzers()
2022-10-09 10:24:30Z : PB = 431165440 : Out  : ----------- StyleCop.StyleCopThread.TestAndRunAnalyzers()=True
2022-10-09 10:24:30Z : PB = 431165440 : Out  : ---------- StyleCop.StyleCopThread.ParseAndAnalyzeDocument()
2022-10-09 10:24:30Z : PB = 431165440 : In   : ---------- StyleCop.StyleCopThread.ParseAndAnalyzeDocument(sourceCode=[CodeFile], documentStatus=[DocumentAnalysisStatus])
2022-10-09 10:24:30Z : PB = 431165440 : In   : ----------- StyleCop.CSharp.CsParser.ParseFile(sourceCode=[CodeFile], passNumber=0, document=<null>)
2022-10-09 10:24:30Z : PB = 431165440 : Out  : ----------- StyleCop.CSharp.CsParser.ParseFile()=False
2022-10-09 10:24:30Z : PB = 431165440 : In   : ----------- StyleCop.StyleCopThread.TestAndRunAnalyzers(document=[CsDocument], parser=[CsParser], analyzers=[<get_EnabledAnalyzers>d__20], passNumber=0)
2022-10-09 10:24:30Z : PB = 431165440 : In   : ------------ StyleCop.StyleCopThread.RunAnalyzers(document=[CsDocument], parser=[CsParser], analyzers=[<get_EnabledAnalyzers>d__20])
2022-10-09 10:24:30Z : PB = 433594368 : Out  : ------------ StyleCop.StyleCopThread.RunAnalyzers()
2022-10-09 10:24:30Z : PB = 433594368 : Out  : ----------- StyleCop.StyleCopThread.TestAndRunAnalyzers()=True
2022-10-09 10:24:30Z : PB = 433594368 : Out  : ---------- StyleCop.StyleCopThread.ParseAndAnalyzeDocument()
2022-10-09 10:24:30Z : PB = 433594368 : In   : ---------- StyleCop.StyleCopThread.ParseAndAnalyzeDocument(sourceCode=[CodeFile], documentStatus=[DocumentAnalysisStatus])
2022-10-09 10:24:30Z : PB = 433594368 : In   : ----------- StyleCop.CSharp.CsParser.ParseFile(sourceCode=[CodeFile], passNumber=0, document=<null>)
2022-10-09 10:24:30Z : PB = 433594368 : Out  : ----------- StyleCop.CSharp.CsParser.ParseFile()=False
2022-10-09 10:24:30Z : PB = 433594368 : In   : ----------- StyleCop.StyleCopThread.TestAndRunAnalyzers(document=[CsDocument], parser=[CsParser], analyzers=[<get_EnabledAnalyzers>d__20], passNumber=0)
2022-10-09 10:24:30Z : PB = 433594368 : In   : ------------ StyleCop.StyleCopThread.RunAnalyzers(document=[CsDocument], parser=[CsParser], analyzers=[<get_EnabledAnalyzers>d__20])
2022-10-09 10:24:30Z : PB = 439140352 : Out  : ------------ StyleCop.StyleCopThread.RunAnalyzers()
2022-10-09 10:24:30Z : PB = 439271424 : Out  : ----------- StyleCop.StyleCopThread.TestAndRunAnalyzers()=True
2022-10-09 10:24:30Z : PB = 439341056 : Out  : ---------- StyleCop.StyleCopThread.ParseAndAnalyzeDocument()
2022-10-09 10:24:30Z : PB = 439406592 : In   : ---------- StyleCop.StyleCopThread.ParseAndAnalyzeDocument(sourceCode=[CodeFile], documentStatus=[DocumentAnalysisStatus])
2022-10-09 10:24:30Z : PB = 439537664 : In   : ----------- StyleCop.CSharp.CsParser.ParseFile(sourceCode=[CodeFile], passNumber=0, document=<null>)
2022-10-09 10:24:30Z : PB = 436023296 : Out  : ----------- StyleCop.CSharp.CsParser.ParseFile()=False
2022-10-09 10:24:30Z : PB = 436023296 : In   : ----------- StyleCop.StyleCopThread.TestAndRunAnalyzers(document=[CsDocument], parser=[CsParser], analyzers=[<get_EnabledAnalyzers>d__20], passNumber=0)
2022-10-09 10:24:30Z : PB = 436023296 : In   : ------------ StyleCop.StyleCopThread.RunAnalyzers(document=[CsDocument], parser=[CsParser], analyzers=[<get_EnabledAnalyzers>d__20])
2022-10-09 10:24:30Z : PB = 441769984 : Out  : ------------ StyleCop.StyleCopThread.RunAnalyzers()
2022-10-09 10:24:30Z : PB = 441769984 : Out  : ----------- StyleCop.StyleCopThread.TestAndRunAnalyzers()=True
2022-10-09 10:24:30Z : PB = 441769984 : Out  : ---------- StyleCop.StyleCopThread.ParseAndAnalyzeDocument()
2022-10-09 10:24:30Z : PB = 441769984 : In   : ---------- StyleCop.StyleCopThread.ParseAndAnalyzeDocument(sourceCode=[CodeFile], documentStatus=[DocumentAnalysisStatus])
2022-10-09 10:24:30Z : PB = 441769984 : In   : ----------- StyleCop.CSharp.CsParser.ParseFile(sourceCode=[CodeFile], passNumber=0, document=<null>)
2022-10-09 10:24:30Z : PB = 441769984 : Out  : ----------- StyleCop.CSharp.CsParser.ParseFile()=False
2022-10-09 10:24:30Z : PB = 441769984 : In   : ----------- StyleCop.StyleCopThread.TestAndRunAnalyzers(document=[CsDocument], parser=[CsParser], analyzers=[<get_EnabledAnalyzers>d__20], passNumber=0)
2022-10-09 10:24:30Z : PB = 441769984 : In   : ------------ StyleCop.StyleCopThread.RunAnalyzers(document=[CsDocument], parser=[CsParser], analyzers=[<get_EnabledAnalyzers>d__20])
2022-10-09 10:24:30Z : PB = 445591552 : Out  : ------------ StyleCop.StyleCopThread.RunAnalyzers()
2022-10-09 10:24:30Z : PB = 445591552 : Out  : ----------- StyleCop.StyleCopThread.TestAndRunAnalyzers()=True
2022-10-09 10:24:30Z : PB = 445591552 : Out  : ---------- StyleCop.StyleCopThread.ParseAndAnalyzeDocument()
2022-10-09 10:24:30Z : PB = 445591552 : In   : ---------- StyleCop.StyleCopThread.ParseAndAnalyzeDocument(sourceCode=[CodeFile], documentStatus=[DocumentAnalysisStatus])
2022-10-09 10:24:30Z : PB = 445591552 : In   : ----------- StyleCop.CSharp.CsParser.ParseFile(sourceCode=[CodeFile], passNumber=0, document=<null>)
2022-10-09 10:24:30Z : PB = 446320640 : Out  : ----------- StyleCop.CSharp.CsParser.ParseFile()=False
2022-10-09 10:24:30Z : PB = 446320640 : In   : ----------- StyleCop.StyleCopThread.TestAndRunAnalyzers(document=[CsDocument], parser=[CsParser], analyzers=[<get_EnabledAnalyzers>d__20], passNumber=0)
2022-10-09 10:24:30Z : PB = 446320640 : In   : ------------ StyleCop.StyleCopThread.RunAnalyzers(document=[CsDocument], parser=[CsParser], analyzers=[<get_EnabledAnalyzers>d__20])
2022-10-09 10:24:30Z : PB = 451674112 : Out  : ------------ StyleCop.StyleCopThread.RunAnalyzers()
2022-10-09 10:24:30Z : PB = 451674112 : Out  : ----------- StyleCop.StyleCopThread.TestAndRunAnalyzers()=True
2022-10-09 10:24:30Z : PB = 451674112 : Out  : ---------- StyleCop.StyleCopThread.ParseAndAnalyzeDocument()
2022-10-09 10:24:30Z : PB = 451674112 : In   : ---------- StyleCop.StyleCopThread.ParseAndAnalyzeDocument(sourceCode=[CodeFile], documentStatus=[DocumentAnalysisStatus])
2022-10-09 10:24:30Z : PB = 451674112 : In   : ----------- StyleCop.CSharp.CsParser.ParseFile(sourceCode=[CodeFile], passNumber=0, document=<null>)
2022-10-09 10:24:30Z : PB = 451674112 : Out  : ----------- StyleCop.CSharp.CsParser.ParseFile()=False
2022-10-09 10:24:30Z : PB = 451674112 : In   : ----------- StyleCop.StyleCopThread.TestAndRunAnalyzers(document=[CsDocument], parser=[CsParser], analyzers=[<get_EnabledAnalyzers>d__20], passNumber=0)
2022-10-09 10:24:30Z : PB = 451674112 : In   : ------------ StyleCop.StyleCopThread.RunAnalyzers(document=[CsDocument], parser=[CsParser], analyzers=[<get_EnabledAnalyzers>d__20])
2022-10-09 10:24:30Z : PB = 458076160 : Out  : ------------ StyleCop.StyleCopThread.RunAnalyzers()
2022-10-09 10:24:30Z : PB = 458076160 : Out  : ----------- StyleCop.StyleCopThread.TestAndRunAnalyzers()=True
2022-10-09 10:24:30Z : PB = 458076160 : Out  : ---------- StyleCop.StyleCopThread.ParseAndAnalyzeDocument()
2022-10-09 10:24:30Z : PB = 458076160 : In   : ---------- StyleCop.StyleCopThread.ParseAndAnalyzeDocument(sourceCode=[CodeFile], documentStatus=[DocumentAnalysisStatus])
2022-10-09 10:24:30Z : PB = 458076160 : In   : ----------- StyleCop.CSharp.CsParser.ParseFile(sourceCode=[CodeFile], passNumber=0, document=<null>)
2022-10-09 10:24:30Z : PB = 458076160 : Out  : ----------- StyleCop.CSharp.CsParser.ParseFile()=False
2022-10-09 10:24:30Z : PB = 458076160 : In   : ----------- StyleCop.StyleCopThread.TestAndRunAnalyzers(document=[CsDocument], parser=[CsParser], analyzers=[<get_EnabledAnalyzers>d__20], passNumber=0)
2022-10-09 10:24:30Z : PB = 458076160 : In   : ------------ StyleCop.StyleCopThread.RunAnalyzers(document=[CsDocument], parser=[CsParser], analyzers=[<get_EnabledAnalyzers>d__20])
2022-10-09 10:24:30Z : PB = 462688256 : Out  : ------------ StyleCop.StyleCopThread.RunAnalyzers()
2022-10-09 10:24:30Z : PB = 462688256 : Out  : ----------- StyleCop.StyleCopThread.TestAndRunAnalyzers()=True
2022-10-09 10:24:30Z : PB = 462688256 : Out  : ---------- StyleCop.StyleCopThread.ParseAndAnalyzeDocument()
2022-10-09 10:24:30Z : PB = 462688256 : In   : ---------- StyleCop.StyleCopThread.ParseAndAnalyzeDocument(sourceCode=[CodeFile], documentStatus=[DocumentAnalysisStatus])
2022-10-09 10:24:30Z : PB = 462688256 : In   : ----------- StyleCop.CSharp.CsParser.ParseFile(sourceCode=[CodeFile], passNumber=0, document=<null>)
2022-10-09 10:24:30Z : PB = 462688256 : Out  : ----------- StyleCop.CSharp.CsParser.ParseFile()=False
2022-10-09 10:24:30Z : PB = 462688256 : In   : ----------- StyleCop.StyleCopThread.TestAndRunAnalyzers(document=[CsDocument], parser=[CsParser], analyzers=[<get_EnabledAnalyzers>d__20], passNumber=0)
2022-10-09 10:24:30Z : PB = 462688256 : In   : ------------ StyleCop.StyleCopThread.RunAnalyzers(document=[CsDocument], parser=[CsParser], analyzers=[<get_EnabledAnalyzers>d__20])
2022-10-09 10:24:30Z : PB = 469024768 : Out  : ------------ StyleCop.StyleCopThread.RunAnalyzers()
2022-10-09 10:24:30Z : PB = 469024768 : Out  : ----------- StyleCop.StyleCopThread.TestAndRunAnalyzers()=True
2022-10-09 10:24:30Z : PB = 469024768 : Out  : ---------- StyleCop.StyleCopThread.ParseAndAnalyzeDocument()
2022-10-09 10:24:30Z : PB = 469024768 : In   : ---------- StyleCop.StyleCopThread.ParseAndAnalyzeDocument(sourceCode=[CodeFile], documentStatus=[DocumentAnalysisStatus])
2022-10-09 10:24:30Z : PB = 469155840 : In   : ----------- StyleCop.CSharp.CsParser.ParseFile(sourceCode=[CodeFile], passNumber=0, document=<null>)
2022-10-09 10:24:31Z : PB = 468344832 : Out  : ----------- StyleCop.CSharp.CsParser.ParseFile()=False
2022-10-09 10:24:31Z : PB = 468344832 : In   : ----------- StyleCop.StyleCopThread.TestAndRunAnalyzers(document=[CsDocument], parser=[CsParser], analyzers=[<get_EnabledAnalyzers>d__20], passNumber=0)
2022-10-09 10:24:31Z : PB = 468344832 : In   : ------------ StyleCop.StyleCopThread.RunAnalyzers(document=[CsDocument], parser=[CsParser], analyzers=[<get_EnabledAnalyzers>d__20])
2022-10-09 10:24:31Z : PB = 473628672 : Out  : ------------ StyleCop.StyleCopThread.RunAnalyzers()
2022-10-09 10:24:31Z : PB = 473628672 : Out  : ----------- StyleCop.StyleCopThread.TestAndRunAnalyzers()=True
2022-10-09 10:24:31Z : PB = 473628672 : Out  : ---------- StyleCop.StyleCopThread.ParseAndAnalyzeDocument()
2022-10-09 10:24:31Z : PB = 473628672 : In   : ---------- StyleCop.StyleCopThread.ParseAndAnalyzeDocument(sourceCode=[CodeFile], documentStatus=[DocumentAnalysisStatus])
2022-10-09 10:24:31Z : PB = 473628672 : In   : ----------- StyleCop.CSharp.CsParser.ParseFile(sourceCode=[CodeFile], passNumber=0, document=<null>)
2022-10-09 10:24:31Z : PB = 473628672 : Out  : ----------- StyleCop.CSharp.CsParser.ParseFile()=False
2022-10-09 10:24:31Z : PB = 473628672 : In   : ----------- StyleCop.StyleCopThread.TestAndRunAnalyzers(document=[CsDocument], parser=[CsParser], analyzers=[<get_EnabledAnalyzers>d__20], passNumber=0)
2022-10-09 10:24:31Z : PB = 473628672 : In   : ------------ StyleCop.StyleCopThread.RunAnalyzers(document=[CsDocument], parser=[CsParser], analyzers=[<get_EnabledAnalyzers>d__20])
2022-10-09 10:24:31Z : PB = 480038912 : Out  : ------------ StyleCop.StyleCopThread.RunAnalyzers()
2022-10-09 10:24:31Z : PB = 480104448 : Out  : ----------- StyleCop.StyleCopThread.TestAndRunAnalyzers()=True
2022-10-09 10:24:31Z : PB = 480235520 : Out  : ---------- StyleCop.StyleCopThread.ParseAndAnalyzeDocument()
2022-10-09 10:24:31Z : PB = 480301056 : Out  : --------- StyleCop.StyleCopThread.DoWork()
2022-10-09 10:24:31Z : PB = 480366592 : Out  : -------- StyleCop.StyleCopCore.RunWorkerThreads()=True
2022-10-09 10:24:31Z : PB = 480497664 : Out  : ------- StyleCop.StyleCopCore.Analyze()
2022-10-09 10:24:31Z : PB = 480628736 : Out  : ------ StyleCop.StyleCopCore.FullAnalyze()
2022-10-09 10:24:31Z : PB = 480694272 : In   : ------ StyleCop.VisualStudio.AnalysisHelper.AnalyzeComplete(sender=[AnalysisThread], e=[EventArgs])
2022-10-09 10:24:31Z : PB = 480759808 : In   : ------- StyleCop.VisualStudio.AnalysisHelper.AnalyzeCompleteMain(sender=[AnalysisThread], e=[EventArgs])
2022-10-09 10:24:33Z : PB = 481583104 : Out  : ------- StyleCop.VisualStudio.AnalysisHelper.AnalyzeCompleteMain()
2022-10-09 10:24:33Z : PB = 481583104 : Out  : ------ StyleCop.VisualStudio.AnalysisHelper.AnalyzeComplete()
2022-10-09 10:24:33Z : PB = 481583104 : Out  : ----- StyleCop.VisualStudio.AnalysisThread.AnalyzeProc()
2022-10-09 10:41:38Z : PB = 436015104 : In   : ---------------------------------- StyleCop.VisualStudio.AnalysisHelper.Analyze(full=True, type={Solution}, analysisFileManager=<missing>)
2022-10-09 10:41:39Z : PB = 436117504 : In   : ----- StyleCop.VisualStudio.AnalysisThread.AnalyzeProc()
2022-10-09 10:41:39Z : PB = 436748288 : Out  : ---------------------------------- StyleCop.VisualStudio.AnalysisHelper.Analyze()
2022-10-09 10:41:39Z : PB = 436748288 : In   : ------ StyleCop.StyleCopCore.FullAnalyze(projects=[List<CodeProject>: Count = 1])
2022-10-09 10:41:39Z : PB = 436748288 : In   : ------- StyleCop.StyleCopCore.Analyze(projects=[List<CodeProject>: Count = 1], ignoreCache=True, settingsPath=<null>)
2022-10-09 10:41:39Z : PB = 433623040 : In   : -------- StyleCop.StyleCopCore.RunWorkerThreads(data=[Data], count=1)
2022-10-09 10:41:39Z : PB = 432996352 : In   : --------- StyleCop.StyleCopThread.DoWork(sender=<null>)
2022-10-09 10:41:39Z : PB = 432996352 : In   : ---------- StyleCop.StyleCopThread.ParseAndAnalyzeDocument(sourceCode=[CodeFile], documentStatus=[DocumentAnalysisStatus])
2022-10-09 10:41:39Z : PB = 433000448 : In   : ----------- StyleCop.CSharp.CsParser.ParseFile(sourceCode=[CodeFile], passNumber=0, document=<null>)
2022-10-09 10:41:39Z : PB = 433000448 : Out  : ----------- StyleCop.CSharp.CsParser.ParseFile()=False
2022-10-09 10:41:39Z : PB = 433000448 : In   : ----------- StyleCop.StyleCopThread.TestAndRunAnalyzers(document=[CsDocument], parser=[CsParser], analyzers=[<get_EnabledAnalyzers>d__20], passNumber=0)
2022-10-09 10:41:39Z : PB = 433000448 : In   : ------------ StyleCop.StyleCopThread.RunAnalyzers(document=[CsDocument], parser=[CsParser], analyzers=[<get_EnabledAnalyzers>d__20])
2022-10-09 10:41:39Z : PB = 438579200 : Out  : ------------ StyleCop.StyleCopThread.RunAnalyzers()
2022-10-09 10:41:39Z : PB = 438579200 : Out  : ----------- StyleCop.StyleCopThread.TestAndRunAnalyzers()=True
2022-10-09 10:41:39Z : PB = 438579200 : Out  : ---------- StyleCop.StyleCopThread.ParseAndAnalyzeDocument()
2022-10-09 10:41:39Z : PB = 438579200 : In   : ---------- StyleCop.StyleCopThread.ParseAndAnalyzeDocument(sourceCode=[CodeFile], documentStatus=[DocumentAnalysisStatus])
2022-10-09 10:41:39Z : PB = 438579200 : In   : ----------- StyleCop.CSharp.CsParser.ParseFile(sourceCode=[CodeFile], passNumber=0, document=<null>)
2022-10-09 10:41:39Z : PB = 438583296 : Out  : ----------- StyleCop.CSharp.CsParser.ParseFile()=False
2022-10-09 10:41:39Z : PB = 438583296 : In   : ----------- StyleCop.StyleCopThread.TestAndRunAnalyzers(document=[CsDocument], parser=[CsParser], analyzers=[<get_EnabledAnalyzers>d__20], passNumber=0)
2022-10-09 10:41:39Z : PB = 438583296 : In   : ------------ StyleCop.StyleCopThread.RunAnalyzers(document=[CsDocument], parser=[CsParser], analyzers=[<get_EnabledAnalyzers>d__20])
2022-10-09 10:41:39Z : PB = 439955456 : Out  : ------------ StyleCop.StyleCopThread.RunAnalyzers()
2022-10-09 10:41:39Z : PB = 439955456 : Out  : ----------- StyleCop.StyleCopThread.TestAndRunAnalyzers()=True
2022-10-09 10:41:39Z : PB = 439955456 : Out  : ---------- StyleCop.StyleCopThread.ParseAndAnalyzeDocument()
2022-10-09 10:41:39Z : PB = 439955456 : In   : ---------- StyleCop.StyleCopThread.ParseAndAnalyzeDocument(sourceCode=[CodeFile], documentStatus=[DocumentAnalysisStatus])
2022-10-09 10:41:39Z : PB = 439955456 : In   : ----------- StyleCop.CSharp.CsParser.ParseFile(sourceCode=[CodeFile], passNumber=0, document=<null>)
2022-10-09 10:41:39Z : PB = 439955456 : Out  : ----------- StyleCop.CSharp.CsParser.ParseFile()=False
2022-10-09 10:41:39Z : PB = 439955456 : In   : ----------- StyleCop.StyleCopThread.TestAndRunAnalyzers(document=[CsDocument], parser=[CsParser], analyzers=[<get_EnabledAnalyzers>d__20], passNumber=0)
2022-10-09 10:41:39Z : PB = 439955456 : In   : ------------ StyleCop.StyleCopThread.RunAnalyzers(document=[CsDocument], parser=[CsParser], analyzers=[<get_EnabledAnalyzers>d__20])
2022-10-09 10:41:39Z : PB = 445059072 : Out  : ------------ StyleCop.StyleCopThread.RunAnalyzers()
2022-10-09 10:41:39Z : PB = 445059072 : Out  : ----------- StyleCop.StyleCopThread.TestAndRunAnalyzers()=True
2022-10-09 10:41:39Z : PB = 445059072 : Out  : ---------- StyleCop.StyleCopThread.ParseAndAnalyzeDocument()
2022-10-09 10:41:39Z : PB = 445059072 : In   : ---------- StyleCop.StyleCopThread.ParseAndAnalyzeDocument(sourceCode=[CodeFile], documentStatus=[DocumentAnalysisStatus])
2022-10-09 10:41:39Z : PB = 445059072 : In   : ----------- StyleCop.CSharp.CsParser.ParseFile(sourceCode=[CodeFile], passNumber=0, document=<null>)
2022-10-09 10:41:39Z : PB = 445059072 : Out  : ----------- StyleCop.CSharp.CsParser.ParseFile()=False
2022-10-09 10:41:39Z : PB = 445059072 : In   : ----------- StyleCop.StyleCopThread.TestAndRunAnalyzers(document=[CsDocument], parser=[CsParser], analyzers=[<get_EnabledAnalyzers>d__20], passNumber=0)
2022-10-09 10:41:39Z : PB = 445059072 : In   : ------------ StyleCop.StyleCopThread.RunAnalyzers(document=[CsDocument], parser=[CsParser], analyzers=[<get_EnabledAnalyzers>d__20])
2022-10-09 10:41:39Z : PB = 450174976 : Out  : ------------ StyleCop.StyleCopThread.RunAnalyzers()
2022-10-09 10:41:39Z : PB = 450306048 : Out  : ----------- StyleCop.StyleCopThread.TestAndRunAnalyzers()=True
2022-10-09 10:41:39Z : PB = 450371584 : Out  : ---------- StyleCop.StyleCopThread.ParseAndAnalyzeDocument()
2022-10-09 10:41:39Z : PB = 450437120 : In   : ---------- StyleCop.StyleCopThread.ParseAndAnalyzeDocument(sourceCode=[CodeFile], documentStatus=[DocumentAnalysisStatus])
2022-10-09 10:41:39Z : PB = 450568192 : In   : ----------- StyleCop.CSharp.CsParser.ParseFile(sourceCode=[CodeFile], passNumber=0, document=<null>)
2022-10-09 10:41:39Z : PB = 450568192 : Out  : ----------- StyleCop.CSharp.CsParser.ParseFile()=False
2022-10-09 10:41:39Z : PB = 450568192 : In   : ----------- StyleCop.StyleCopThread.TestAndRunAnalyzers(document=[CsDocument], parser=[CsParser], analyzers=[<get_EnabledAnalyzers>d__20], passNumber=0)
2022-10-09 10:41:39Z : PB = 450568192 : In   : ------------ StyleCop.StyleCopThread.RunAnalyzers(document=[CsDocument], parser=[CsParser], analyzers=[<get_EnabledAnalyzers>d__20])
2022-10-09 10:41:39Z : PB = 457363456 : Out  : ------------ StyleCop.StyleCopThread.RunAnalyzers()
2022-10-09 10:41:39Z : PB = 457363456 : Out  : ----------- StyleCop.StyleCopThread.TestAndRunAnalyzers()=True
2022-10-09 10:41:39Z : PB = 457363456 : Out  : ---------- StyleCop.StyleCopThread.ParseAndAnalyzeDocument()
2022-10-09 10:41:39Z : PB = 457363456 : In   : ---------- StyleCop.StyleCopThread.ParseAndAnalyzeDocument(sourceCode=[CodeFile], documentStatus=[DocumentAnalysisStatus])
2022-10-09 10:41:39Z : PB = 457363456 : In   : ----------- StyleCop.CSharp.CsParser.ParseFile(sourceCode=[CodeFile], passNumber=0, document=<null>)
2022-10-09 10:41:39Z : PB = 457363456 : Out  : ----------- StyleCop.CSharp.CsParser.ParseFile()=False
2022-10-09 10:41:39Z : PB = 457363456 : In   : ----------- StyleCop.StyleCopThread.TestAndRunAnalyzers(document=[CsDocument], parser=[CsParser], analyzers=[<get_EnabledAnalyzers>d__20], passNumber=0)
2022-10-09 10:41:39Z : PB = 457363456 : In   : ------------ StyleCop.StyleCopThread.RunAnalyzers(document=[CsDocument], parser=[CsParser], analyzers=[<get_EnabledAnalyzers>d__20])
2022-10-09 10:41:40Z : PB = 463290368 : Out  : ------------ StyleCop.StyleCopThread.RunAnalyzers()
2022-10-09 10:41:40Z : PB = 463355904 : Out  : ----------- StyleCop.StyleCopThread.TestAndRunAnalyzers()=True
2022-10-09 10:41:40Z : PB = 463486976 : Out  : ---------- StyleCop.StyleCopThread.ParseAndAnalyzeDocument()
2022-10-09 10:41:40Z : PB = 463552512 : In   : ---------- StyleCop.StyleCopThread.ParseAndAnalyzeDocument(sourceCode=[CodeFile], documentStatus=[DocumentAnalysisStatus])
2022-10-09 10:41:40Z : PB = 463683584 : In   : ----------- StyleCop.CSharp.CsParser.ParseFile(sourceCode=[CodeFile], passNumber=0, document=<null>)
2022-10-09 10:41:40Z : PB = 464076800 : Out  : ----------- StyleCop.CSharp.CsParser.ParseFile()=False
2022-10-09 10:41:40Z : PB = 464076800 : In   : ----------- StyleCop.StyleCopThread.TestAndRunAnalyzers(document=[CsDocument], parser=[CsParser], analyzers=[<get_EnabledAnalyzers>d__20], passNumber=0)
2022-10-09 10:41:40Z : PB = 464076800 : In   : ------------ StyleCop.StyleCopThread.RunAnalyzers(document=[CsDocument], parser=[CsParser], analyzers=[<get_EnabledAnalyzers>d__20])
2022-10-09 10:41:40Z : PB = 469147648 : Out  : ------------ StyleCop.StyleCopThread.RunAnalyzers()
2022-10-09 10:41:40Z : PB = 469147648 : Out  : ----------- StyleCop.StyleCopThread.TestAndRunAnalyzers()=True
2022-10-09 10:41:40Z : PB = 469147648 : Out  : ---------- StyleCop.StyleCopThread.ParseAndAnalyzeDocument()
2022-10-09 10:41:40Z : PB = 469147648 : In   : ---------- StyleCop.StyleCopThread.ParseAndAnalyzeDocument(sourceCode=[CodeFile], documentStatus=[DocumentAnalysisStatus])
2022-10-09 10:41:40Z : PB = 469147648 : In   : ----------- StyleCop.CSharp.CsParser.ParseFile(sourceCode=[CodeFile], passNumber=0, document=<null>)
2022-10-09 10:41:40Z : PB = 469147648 : Out  : ----------- StyleCop.CSharp.CsParser.ParseFile()=False
2022-10-09 10:41:40Z : PB = 469147648 : In   : ----------- StyleCop.StyleCopThread.TestAndRunAnalyzers(document=[CsDocument], parser=[CsParser], analyzers=[<get_EnabledAnalyzers>d__20], passNumber=0)
2022-10-09 10:41:40Z : PB = 469147648 : In   : ------------ StyleCop.StyleCopThread.RunAnalyzers(document=[CsDocument], parser=[CsParser], analyzers=[<get_EnabledAnalyzers>d__20])
2022-10-09 10:41:40Z : PB = 475803648 : Out  : ------------ StyleCop.StyleCopThread.RunAnalyzers()
2022-10-09 10:41:40Z : PB = 475803648 : Out  : ----------- StyleCop.StyleCopThread.TestAndRunAnalyzers()=True
2022-10-09 10:41:40Z : PB = 475803648 : Out  : ---------- StyleCop.StyleCopThread.ParseAndAnalyzeDocument()
2022-10-09 10:41:40Z : PB = 475803648 : In   : ---------- StyleCop.StyleCopThread.ParseAndAnalyzeDocument(sourceCode=[CodeFile], documentStatus=[DocumentAnalysisStatus])
2022-10-09 10:41:40Z : PB = 475803648 : In   : ----------- StyleCop.CSharp.CsParser.ParseFile(sourceCode=[CodeFile], passNumber=0, document=<null>)
2022-10-09 10:41:40Z : PB = 475803648 : Out  : ----------- StyleCop.CSharp.CsParser.ParseFile()=False
2022-10-09 10:41:40Z : PB = 475803648 : In   : ----------- StyleCop.StyleCopThread.TestAndRunAnalyzers(document=[CsDocument], parser=[CsParser], analyzers=[<get_EnabledAnalyzers>d__20], passNumber=0)
2022-10-09 10:41:40Z : PB = 475803648 : In   : ------------ StyleCop.StyleCopThread.RunAnalyzers(document=[CsDocument], parser=[CsParser], analyzers=[<get_EnabledAnalyzers>d__20])
2022-10-09 10:41:40Z : PB = 482672640 : Out  : ------------ StyleCop.StyleCopThread.RunAnalyzers()
2022-10-09 10:41:40Z : PB = 482672640 : Out  : ----------- StyleCop.StyleCopThread.TestAndRunAnalyzers()=True
2022-10-09 10:41:40Z : PB = 482672640 : Out  : ---------- StyleCop.StyleCopThread.ParseAndAnalyzeDocument()
2022-10-09 10:41:40Z : PB = 482672640 : In   : ---------- StyleCop.StyleCopThread.ParseAndAnalyzeDocument(sourceCode=[CodeFile], documentStatus=[DocumentAnalysisStatus])
2022-10-09 10:41:40Z : PB = 482672640 : In   : ----------- StyleCop.CSharp.CsParser.ParseFile(sourceCode=[CodeFile], passNumber=0, document=<null>)
2022-10-09 10:41:40Z : PB = 482672640 : Out  : ----------- StyleCop.CSharp.CsParser.ParseFile()=False
2022-10-09 10:41:40Z : PB = 482672640 : In   : ----------- StyleCop.StyleCopThread.TestAndRunAnalyzers(document=[CsDocument], parser=[CsParser], analyzers=[<get_EnabledAnalyzers>d__20], passNumber=0)
2022-10-09 10:41:40Z : PB = 482672640 : In   : ------------ StyleCop.StyleCopThread.RunAnalyzers(document=[CsDocument], parser=[CsParser], analyzers=[<get_EnabledAnalyzers>d__20])
2022-10-09 10:41:40Z : PB = 488280064 : Out  : ------------ StyleCop.StyleCopThread.RunAnalyzers()
2022-10-09 10:41:40Z : PB = 488280064 : Out  : ----------- StyleCop.StyleCopThread.TestAndRunAnalyzers()=True
2022-10-09 10:41:40Z : PB = 488280064 : Out  : ---------- StyleCop.StyleCopThread.ParseAndAnalyzeDocument()
2022-10-09 10:41:40Z : PB = 488280064 : In   : ---------- StyleCop.StyleCopThread.ParseAndAnalyzeDocument(sourceCode=[CodeFile], documentStatus=[DocumentAnalysisStatus])
2022-10-09 10:41:40Z : PB = 488280064 : In   : ----------- StyleCop.CSharp.CsParser.ParseFile(sourceCode=[CodeFile], passNumber=0, document=<null>)
2022-10-09 10:41:40Z : PB = 488280064 : Out  : ----------- StyleCop.CSharp.CsParser.ParseFile()=False
2022-10-09 10:41:40Z : PB = 488280064 : In   : ----------- StyleCop.StyleCopThread.TestAndRunAnalyzers(document=[CsDocument], parser=[CsParser], analyzers=[<get_EnabledAnalyzers>d__20], passNumber=0)
2022-10-09 10:41:40Z : PB = 488280064 : In   : ------------ StyleCop.StyleCopThread.RunAnalyzers(document=[CsDocument], parser=[CsParser], analyzers=[<get_EnabledAnalyzers>d__20])
2022-10-09 10:41:40Z : PB = 493514752 : Out  : ------------ StyleCop.StyleCopThread.RunAnalyzers()
2022-10-09 10:41:40Z : PB = 493514752 : Out  : ----------- StyleCop.StyleCopThread.TestAndRunAnalyzers()=True
2022-10-09 10:41:40Z : PB = 493580288 : Out  : ---------- StyleCop.StyleCopThread.ParseAndAnalyzeDocument()
2022-10-09 10:41:40Z : PB = 493645824 : In   : ---------- StyleCop.StyleCopThread.ParseAndAnalyzeDocument(sourceCode=[CodeFile], documentStatus=[DocumentAnalysisStatus])
2022-10-09 10:41:40Z : PB = 493776896 : In   : ----------- StyleCop.CSharp.CsParser.ParseFile(sourceCode=[CodeFile], passNumber=0, document=<null>)
2022-10-09 10:41:40Z : PB = 494301184 : Out  : ----------- StyleCop.CSharp.CsParser.ParseFile()=False
2022-10-09 10:41:40Z : PB = 494301184 : In   : ----------- StyleCop.StyleCopThread.TestAndRunAnalyzers(document=[CsDocument], parser=[CsParser], analyzers=[<get_EnabledAnalyzers>d__20], passNumber=0)
2022-10-09 10:41:40Z : PB = 494301184 : In   : ------------ StyleCop.StyleCopThread.RunAnalyzers(document=[CsDocument], parser=[CsParser], analyzers=[<get_EnabledAnalyzers>d__20])
2022-10-09 10:41:40Z : PB = 500674560 : Out  : ------------ StyleCop.StyleCopThread.RunAnalyzers()
2022-10-09 10:41:40Z : PB = 500674560 : Out  : ----------- StyleCop.StyleCopThread.TestAndRunAnalyzers()=True
2022-10-09 10:41:40Z : PB = 500674560 : Out  : ---------- StyleCop.StyleCopThread.ParseAndAnalyzeDocument()
2022-10-09 10:41:40Z : PB = 500674560 : In   : ---------- StyleCop.StyleCopThread.ParseAndAnalyzeDocument(sourceCode=[CodeFile], documentStatus=[DocumentAnalysisStatus])
2022-10-09 10:41:40Z : PB = 500674560 : In   : ----------- StyleCop.CSharp.CsParser.ParseFile(sourceCode=[CodeFile], passNumber=0, document=<null>)
2022-10-09 10:41:40Z : PB = 500674560 : Out  : ----------- StyleCop.CSharp.CsParser.ParseFile()=False
2022-10-09 10:41:40Z : PB = 500674560 : In   : ----------- StyleCop.StyleCopThread.TestAndRunAnalyzers(document=[CsDocument], parser=[CsParser], analyzers=[<get_EnabledAnalyzers>d__20], passNumber=0)
2022-10-09 10:41:40Z : PB = 500674560 : In   : ------------ StyleCop.StyleCopThread.RunAnalyzers(document=[CsDocument], parser=[CsParser], analyzers=[<get_EnabledAnalyzers>d__20])
2022-10-09 10:41:40Z : PB = 506900480 : Out  : ------------ StyleCop.StyleCopThread.RunAnalyzers()
2022-10-09 10:41:40Z : PB = 506900480 : Out  : ----------- StyleCop.StyleCopThread.TestAndRunAnalyzers()=True
2022-10-09 10:41:40Z : PB = 506900480 : Out  : ---------- StyleCop.StyleCopThread.ParseAndAnalyzeDocument()
2022-10-09 10:41:40Z : PB = 506900480 : In   : ---------- StyleCop.StyleCopThread.ParseAndAnalyzeDocument(sourceCode=[CodeFile], documentStatus=[DocumentAnalysisStatus])
2022-10-09 10:41:40Z : PB = 506900480 : In   : ----------- StyleCop.CSharp.CsParser.ParseFile(sourceCode=[CodeFile], passNumber=0, document=<null>)
2022-10-09 10:41:40Z : PB = 506900480 : Out  : ----------- StyleCop.CSharp.CsParser.ParseFile()=False
2022-10-09 10:41:40Z : PB = 506900480 : In   : ----------- StyleCop.StyleCopThread.TestAndRunAnalyzers(document=[CsDocument], parser=[CsParser], analyzers=[<get_EnabledAnalyzers>d__20], passNumber=0)
2022-10-09 10:41:40Z : PB = 506900480 : In   : ------------ StyleCop.StyleCopThread.RunAnalyzers(document=[CsDocument], parser=[CsParser], analyzers=[<get_EnabledAnalyzers>d__20])
2022-10-09 10:41:41Z : PB = 512851968 : Out  : ------------ StyleCop.StyleCopThread.RunAnalyzers()
2022-10-09 10:41:41Z : PB = 512851968 : Out  : ----------- StyleCop.StyleCopThread.TestAndRunAnalyzers()=True
2022-10-09 10:41:41Z : PB = 512851968 : Out  : ---------- StyleCop.StyleCopThread.ParseAndAnalyzeDocument()
2022-10-09 10:41:41Z : PB = 512851968 : Out  : --------- StyleCop.StyleCopThread.DoWork()
2022-10-09 10:41:41Z : PB = 512851968 : Out  : -------- StyleCop.StyleCopCore.RunWorkerThreads()=True
2022-10-09 10:41:41Z : PB = 512851968 : Out  : ------- StyleCop.StyleCopCore.Analyze()
2022-10-09 10:41:41Z : PB = 512851968 : Out  : ------ StyleCop.StyleCopCore.FullAnalyze()
2022-10-09 10:41:41Z : PB = 512851968 : In   : ------ StyleCop.VisualStudio.AnalysisHelper.AnalyzeComplete(sender=[AnalysisThread], e=[EventArgs])
2022-10-09 10:41:41Z : PB = 512851968 : In   : ------- StyleCop.VisualStudio.AnalysisHelper.AnalyzeCompleteMain(sender=[AnalysisThread], e=[EventArgs])
2022-10-09 10:41:42Z : PB = 513265664 : Out  : ------- StyleCop.VisualStudio.AnalysisHelper.AnalyzeCompleteMain()
2022-10-09 10:41:42Z : PB = 513265664 : Out  : ------ StyleCop.VisualStudio.AnalysisHelper.AnalyzeComplete()
2022-10-09 10:41:42Z : PB = 513265664 : Out  : ----- StyleCop.VisualStudio.AnalysisThread.AnalyzeProc()
2022-10-09 10:54:16Z : PB = 490356736 : In   : ---------------------------------- StyleCop.VisualStudio.AnalysisHelper.Analyze(full=True, type={Solution}, analysisFileManager=<missing>)
2022-10-09 10:54:16Z : PB = 491286528 : In   : ----- StyleCop.VisualStudio.AnalysisThread.AnalyzeProc()
2022-10-09 10:54:16Z : PB = 491286528 : Out  : ---------------------------------- StyleCop.VisualStudio.AnalysisHelper.Analyze()
2022-10-09 10:54:16Z : PB = 491286528 : In   : ------ StyleCop.StyleCopCore.FullAnalyze(projects=[List<CodeProject>: Count = 1])
2022-10-09 10:54:16Z : PB = 490635264 : In   : ------- StyleCop.StyleCopCore.Analyze(projects=[List<CodeProject>: Count = 1], ignoreCache=True, settingsPath=<null>)
2022-10-09 10:54:16Z : PB = 490635264 : In   : -------- StyleCop.StyleCopCore.RunWorkerThreads(data=[Data], count=1)
2022-10-09 10:54:16Z : PB = 490639360 : In   : --------- StyleCop.StyleCopThread.DoWork(sender=<null>)
2022-10-09 10:54:16Z : PB = 490639360 : In   : ---------- StyleCop.StyleCopThread.ParseAndAnalyzeDocument(sourceCode=[CodeFile], documentStatus=[DocumentAnalysisStatus])
2022-10-09 10:54:16Z : PB = 490016768 : In   : ----------- StyleCop.CSharp.CsParser.ParseFile(sourceCode=[CodeFile], passNumber=0, document=<null>)
2022-10-09 10:54:16Z : PB = 490016768 : Out  : ----------- StyleCop.CSharp.CsParser.ParseFile()=False
2022-10-09 10:54:16Z : PB = 490016768 : In   : ----------- StyleCop.StyleCopThread.TestAndRunAnalyzers(document=[CsDocument], parser=[CsParser], analyzers=[<get_EnabledAnalyzers>d__20], passNumber=0)
2022-10-09 10:54:16Z : PB = 490016768 : In   : ------------ StyleCop.StyleCopThread.RunAnalyzers(document=[CsDocument], parser=[CsParser], analyzers=[<get_EnabledAnalyzers>d__20])
2022-10-09 10:54:16Z : PB = 494624768 : Out  : ------------ StyleCop.StyleCopThread.RunAnalyzers()
2022-10-09 10:54:16Z : PB = 494624768 : Out  : ----------- StyleCop.StyleCopThread.TestAndRunAnalyzers()=True
2022-10-09 10:54:16Z : PB = 494624768 : Out  : ---------- StyleCop.StyleCopThread.ParseAndAnalyzeDocument()
2022-10-09 10:54:16Z : PB = 494624768 : In   : ---------- StyleCop.StyleCopThread.ParseAndAnalyzeDocument(sourceCode=[CodeFile], documentStatus=[DocumentAnalysisStatus])
2022-10-09 10:54:16Z : PB = 494624768 : In   : ----------- StyleCop.CSharp.CsParser.ParseFile(sourceCode=[CodeFile], passNumber=0, document=<null>)
2022-10-09 10:54:16Z : PB = 492326912 : Out  : ----------- StyleCop.CSharp.CsParser.ParseFile()=False
2022-10-09 10:54:16Z : PB = 492326912 : In   : ----------- StyleCop.StyleCopThread.TestAndRunAnalyzers(document=[CsDocument], parser=[CsParser], analyzers=[<get_EnabledAnalyzers>d__20], passNumber=0)
2022-10-09 10:54:16Z : PB = 492326912 : In   : ------------ StyleCop.StyleCopThread.RunAnalyzers(document=[CsDocument], parser=[CsParser], analyzers=[<get_EnabledAnalyzers>d__20])
2022-10-09 10:54:16Z : PB = 496463872 : Out  : ------------ StyleCop.StyleCopThread.RunAnalyzers()
2022-10-09 10:54:16Z : PB = 496463872 : Out  : ----------- StyleCop.StyleCopThread.TestAndRunAnalyzers()=True
2022-10-09 10:54:16Z : PB = 496463872 : Out  : ---------- StyleCop.StyleCopThread.ParseAndAnalyzeDocument()
2022-10-09 10:54:16Z : PB = 496463872 : In   : ---------- StyleCop.StyleCopThread.ParseAndAnalyzeDocument(sourceCode=[CodeFile], documentStatus=[DocumentAnalysisStatus])
2022-10-09 10:54:16Z : PB = 496463872 : In   : ----------- StyleCop.CSharp.CsParser.ParseFile(sourceCode=[CodeFile], passNumber=0, document=<null>)
2022-10-09 10:54:16Z : PB = 496463872 : Out  : ----------- StyleCop.CSharp.CsParser.ParseFile()=False
2022-10-09 10:54:16Z : PB = 496463872 : In   : ----------- StyleCop.StyleCopThread.TestAndRunAnalyzers(document=[CsDocument], parser=[CsParser], analyzers=[<get_EnabledAnalyzers>d__20], passNumber=0)
2022-10-09 10:54:16Z : PB = 496463872 : In   : ------------ StyleCop.StyleCopThread.RunAnalyzers(document=[CsDocument], parser=[CsParser], analyzers=[<get_EnabledAnalyzers>d__20])
2022-10-09 10:54:16Z : PB = 500903936 : Out  : ------------ StyleCop.StyleCopThread.RunAnalyzers()
2022-10-09 10:54:16Z : PB = 500903936 : Out  : ----------- StyleCop.StyleCopThread.TestAndRunAnalyzers()=True
2022-10-09 10:54:16Z : PB = 500903936 : Out  : ---------- StyleCop.StyleCopThread.ParseAndAnalyzeDocument()
2022-10-09 10:54:16Z : PB = 500903936 : In   : ---------- StyleCop.StyleCopThread.ParseAndAnalyzeDocument(sourceCode=[CodeFile], documentStatus=[DocumentAnalysisStatus])
2022-10-09 10:54:16Z : PB = 500903936 : In   : ----------- StyleCop.CSharp.CsParser.ParseFile(sourceCode=[CodeFile], passNumber=0, document=<null>)
2022-10-09 10:54:16Z : PB = 500903936 : Out  : ----------- StyleCop.CSharp.CsParser.ParseFile()=False
2022-10-09 10:54:16Z : PB = 500903936 : In   : ----------- StyleCop.StyleCopThread.TestAndRunAnalyzers(document=[CsDocument], parser=[CsParser], analyzers=[<get_EnabledAnalyzers>d__20], passNumber=0)
2022-10-09 10:54:16Z : PB = 500903936 : In   : ------------ StyleCop.StyleCopThread.RunAnalyzers(document=[CsDocument], parser=[CsParser], analyzers=[<get_EnabledAnalyzers>d__20])
2022-10-09 10:54:17Z : PB = 503435264 : Out  : ------------ StyleCop.StyleCopThread.RunAnalyzers()
2022-10-09 10:54:17Z : PB = 503435264 : Out  : ----------- StyleCop.StyleCopThread.TestAndRunAnalyzers()=True
2022-10-09 10:54:17Z : PB = 503435264 : Out  : ---------- StyleCop.StyleCopThread.ParseAndAnalyzeDocument()
2022-10-09 10:54:17Z : PB = 503435264 : In   : ---------- StyleCop.StyleCopThread.ParseAndAnalyzeDocument(sourceCode=[CodeFile], documentStatus=[DocumentAnalysisStatus])
2022-10-09 10:54:17Z : PB = 503435264 : In   : ----------- StyleCop.CSharp.CsParser.ParseFile(sourceCode=[CodeFile], passNumber=0, document=<null>)
2022-10-09 10:54:17Z : PB = 503435264 : Out  : ----------- StyleCop.CSharp.CsParser.ParseFile()=False
2022-10-09 10:54:17Z : PB = 503435264 : In   : ----------- StyleCop.StyleCopThread.TestAndRunAnalyzers(document=[CsDocument], parser=[CsParser], analyzers=[<get_EnabledAnalyzers>d__20], passNumber=0)
2022-10-09 10:54:17Z : PB = 503435264 : In   : ------------ StyleCop.StyleCopThread.RunAnalyzers(document=[CsDocument], parser=[CsParser], analyzers=[<get_EnabledAnalyzers>d__20])
2022-10-09 10:54:17Z : PB = 507727872 : Out  : ------------ StyleCop.StyleCopThread.RunAnalyzers()
2022-10-09 10:54:17Z : PB = 507727872 : Out  : ----------- StyleCop.StyleCopThread.TestAndRunAnalyzers()=True
2022-10-09 10:54:17Z : PB = 507727872 : Out  : ---------- StyleCop.StyleCopThread.ParseAndAnalyzeDocument()
2022-10-09 10:54:17Z : PB = 507727872 : In   : ---------- StyleCop.StyleCopThread.ParseAndAnalyzeDocument(sourceCode=[CodeFile], documentStatus=[DocumentAnalysisStatus])
2022-10-09 10:54:17Z : PB = 507727872 : In   : ----------- StyleCop.CSharp.CsParser.ParseFile(sourceCode=[CodeFile], passNumber=0, document=<null>)
2022-10-09 10:54:17Z : PB = 507727872 : Out  : ----------- StyleCop.CSharp.CsParser.ParseFile()=False
2022-10-09 10:54:17Z : PB = 507727872 : In   : ----------- StyleCop.StyleCopThread.TestAndRunAnalyzers(document=[CsDocument], parser=[CsParser], analyzers=[<get_EnabledAnalyzers>d__20], passNumber=0)
2022-10-09 10:54:17Z : PB = 507727872 : In   : ------------ StyleCop.StyleCopThread.RunAnalyzers(document=[CsDocument], parser=[CsParser], analyzers=[<get_EnabledAnalyzers>d__20])
2022-10-09 10:54:17Z : PB = 510332928 : Out  : ------------ StyleCop.StyleCopThread.RunAnalyzers()
2022-10-09 10:54:17Z : PB = 510332928 : Out  : ----------- StyleCop.StyleCopThread.TestAndRunAnalyzers()=True
2022-10-09 10:54:17Z : PB = 510332928 : Out  : ---------- StyleCop.StyleCopThread.ParseAndAnalyzeDocument()
2022-10-09 10:54:17Z : PB = 510332928 : In   : ---------- StyleCop.StyleCopThread.ParseAndAnalyzeDocument(sourceCode=[CodeFile], documentStatus=[DocumentAnalysisStatus])
2022-10-09 10:54:17Z : PB = 510332928 : In   : ----------- StyleCop.CSharp.CsParser.ParseFile(sourceCode=[CodeFile], passNumber=0, document=<null>)
2022-10-09 10:54:17Z : PB = 510332928 : Out  : ----------- StyleCop.CSharp.CsParser.ParseFile()=False
2022-10-09 10:54:17Z : PB = 510332928 : In   : ----------- StyleCop.StyleCopThread.TestAndRunAnalyzers(document=[CsDocument], parser=[CsParser], analyzers=[<get_EnabledAnalyzers>d__20], passNumber=0)
2022-10-09 10:54:17Z : PB = 510332928 : In   : ------------ StyleCop.StyleCopThread.RunAnalyzers(document=[CsDocument], parser=[CsParser], analyzers=[<get_EnabledAnalyzers>d__20])
2022-10-09 10:54:17Z : PB = 513785856 : Out  : ------------ StyleCop.StyleCopThread.RunAnalyzers()
2022-10-09 10:54:17Z : PB = 513785856 : Out  : ----------- StyleCop.StyleCopThread.TestAndRunAnalyzers()=True
2022-10-09 10:54:17Z : PB = 513785856 : Out  : ---------- StyleCop.StyleCopThread.ParseAndAnalyzeDocument()
2022-10-09 10:54:17Z : PB = 513785856 : In   : ---------- StyleCop.StyleCopThread.ParseAndAnalyzeDocument(sourceCode=[CodeFile], documentStatus=[DocumentAnalysisStatus])
2022-10-09 10:54:17Z : PB = 513785856 : In   : ----------- StyleCop.CSharp.CsParser.ParseFile(sourceCode=[CodeFile], passNumber=0, document=<null>)
2022-10-09 10:54:17Z : PB = 513785856 : Out  : ----------- StyleCop.CSharp.CsParser.ParseFile()=False
2022-10-09 10:54:17Z : PB = 513785856 : In   : ----------- StyleCop.StyleCopThread.TestAndRunAnalyzers(document=[CsDocument], parser=[CsParser], analyzers=[<get_EnabledAnalyzers>d__20], passNumber=0)
2022-10-09 10:54:17Z : PB = 513785856 : In   : ------------ StyleCop.StyleCopThread.RunAnalyzers(document=[CsDocument], parser=[CsParser], analyzers=[<get_EnabledAnalyzers>d__20])
2022-10-09 10:54:17Z : PB = 518074368 : Out  : ------------ StyleCop.StyleCopThread.RunAnalyzers()
2022-10-09 10:54:17Z : PB = 518074368 : Out  : ----------- StyleCop.StyleCopThread.TestAndRunAnalyzers()=True
2022-10-09 10:54:17Z : PB = 518074368 : Out  : ---------- StyleCop.StyleCopThread.ParseAndAnalyzeDocument()
2022-10-09 10:54:17Z : PB = 518074368 : In   : ---------- StyleCop.StyleCopThread.ParseAndAnalyzeDocument(sourceCode=[CodeFile], documentStatus=[DocumentAnalysisStatus])
2022-10-09 10:54:17Z : PB = 518074368 : In   : ----------- StyleCop.CSharp.CsParser.ParseFile(sourceCode=[CodeFile], passNumber=0, document=<null>)
2022-10-09 10:54:17Z : PB = 518467584 : Out  : ----------- StyleCop.CSharp.CsParser.ParseFile()=False
2022-10-09 10:54:17Z : PB = 518467584 : In   : ----------- StyleCop.StyleCopThread.TestAndRunAnalyzers(document=[CsDocument], parser=[CsParser], analyzers=[<get_EnabledAnalyzers>d__20], passNumber=0)
2022-10-09 10:54:17Z : PB = 518467584 : In   : ------------ StyleCop.StyleCopThread.RunAnalyzers(document=[CsDocument], parser=[CsParser], analyzers=[<get_EnabledAnalyzers>d__20])
2022-10-09 10:54:17Z : PB = 519864320 : Out  : ------------ StyleCop.StyleCopThread.RunAnalyzers()
2022-10-09 10:54:17Z : PB = 519864320 : Out  : ----------- StyleCop.StyleCopThread.TestAndRunAnalyzers()=True
2022-10-09 10:54:17Z : PB = 519864320 : Out  : ---------- StyleCop.StyleCopThread.ParseAndAnalyzeDocument()
2022-10-09 10:54:17Z : PB = 519864320 : In   : ---------- StyleCop.StyleCopThread.ParseAndAnalyzeDocument(sourceCode=[CodeFile], documentStatus=[DocumentAnalysisStatus])
2022-10-09 10:54:17Z : PB = 519864320 : In   : ----------- StyleCop.CSharp.CsParser.ParseFile(sourceCode=[CodeFile], passNumber=0, document=<null>)
2022-10-09 10:54:17Z : PB = 519864320 : Out  : ----------- StyleCop.CSharp.CsParser.ParseFile()=False
2022-10-09 10:54:17Z : PB = 519864320 : In   : ----------- StyleCop.StyleCopThread.TestAndRunAnalyzers(document=[CsDocument], parser=[CsParser], analyzers=[<get_EnabledAnalyzers>d__20], passNumber=0)
2022-10-09 10:54:17Z : PB = 519864320 : In   : ------------ StyleCop.StyleCopThread.RunAnalyzers(document=[CsDocument], parser=[CsParser], analyzers=[<get_EnabledAnalyzers>d__20])
2022-10-09 10:54:17Z : PB = 523296768 : Out  : ------------ StyleCop.StyleCopThread.RunAnalyzers()
2022-10-09 10:54:17Z : PB = 523296768 : Out  : ----------- StyleCop.StyleCopThread.TestAndRunAnalyzers()=True
2022-10-09 10:54:17Z : PB = 523296768 : Out  : ---------- StyleCop.StyleCopThread.ParseAndAnalyzeDocument()
2022-10-09 10:54:17Z : PB = 523296768 : In   : ---------- StyleCop.StyleCopThread.ParseAndAnalyzeDocument(sourceCode=[CodeFile], documentStatus=[DocumentAnalysisStatus])
2022-10-09 10:54:17Z : PB = 523296768 : In   : ----------- StyleCop.CSharp.CsParser.ParseFile(sourceCode=[CodeFile], passNumber=0, document=<null>)
2022-10-09 10:54:17Z : PB = 523296768 : Out  : ----------- StyleCop.CSharp.CsParser.ParseFile()=False
2022-10-09 10:54:17Z : PB = 523296768 : In   : ----------- StyleCop.StyleCopThread.TestAndRunAnalyzers(document=[CsDocument], parser=[CsParser], analyzers=[<get_EnabledAnalyzers>d__20], passNumber=0)
2022-10-09 10:54:17Z : PB = 523296768 : In   : ------------ StyleCop.StyleCopThread.RunAnalyzers(document=[CsDocument], parser=[CsParser], analyzers=[<get_EnabledAnalyzers>d__20])
2022-10-09 10:54:17Z : PB = 528973824 : Out  : ------------ StyleCop.StyleCopThread.RunAnalyzers()
2022-10-09 10:54:17Z : PB = 529039360 : Out  : ----------- StyleCop.StyleCopThread.TestAndRunAnalyzers()=True
2022-10-09 10:54:17Z : PB = 529170432 : Out  : ---------- StyleCop.StyleCopThread.ParseAndAnalyzeDocument()
2022-10-09 10:54:17Z : PB = 529235968 : In   : ---------- StyleCop.StyleCopThread.ParseAndAnalyzeDocument(sourceCode=[CodeFile], documentStatus=[DocumentAnalysisStatus])
2022-10-09 10:54:17Z : PB = 529301504 : In   : ----------- StyleCop.CSharp.CsParser.ParseFile(sourceCode=[CodeFile], passNumber=0, document=<null>)
2022-10-09 10:54:17Z : PB = 529301504 : Out  : ----------- StyleCop.CSharp.CsParser.ParseFile()=False
2022-10-09 10:54:17Z : PB = 529301504 : In   : ----------- StyleCop.StyleCopThread.TestAndRunAnalyzers(document=[CsDocument], parser=[CsParser], analyzers=[<get_EnabledAnalyzers>d__20], passNumber=0)
2022-10-09 10:54:17Z : PB = 529301504 : In   : ------------ StyleCop.StyleCopThread.RunAnalyzers(document=[CsDocument], parser=[CsParser], analyzers=[<get_EnabledAnalyzers>d__20])
2022-10-09 10:54:18Z : PB = 532332544 : Out  : ------------ StyleCop.StyleCopThread.RunAnalyzers()
2022-10-09 10:54:18Z : PB = 532332544 : Out  : ----------- StyleCop.StyleCopThread.TestAndRunAnalyzers()=True
2022-10-09 10:54:18Z : PB = 532332544 : Out  : ---------- StyleCop.StyleCopThread.ParseAndAnalyzeDocument()
2022-10-09 10:54:18Z : PB = 532332544 : In   : ---------- StyleCop.StyleCopThread.ParseAndAnalyzeDocument(sourceCode=[CodeFile], documentStatus=[DocumentAnalysisStatus])
2022-10-09 10:54:18Z : PB = 532332544 : In   : ----------- StyleCop.CSharp.CsParser.ParseFile(sourceCode=[CodeFile], passNumber=0, document=<null>)
2022-10-09 10:54:18Z : PB = 532463616 : Out  : ----------- StyleCop.CSharp.CsParser.ParseFile()=False
2022-10-09 10:54:18Z : PB = 532594688 : In   : ----------- StyleCop.StyleCopThread.TestAndRunAnalyzers(document=[CsDocument], parser=[CsParser], analyzers=[<get_EnabledAnalyzers>d__20], passNumber=0)
2022-10-09 10:54:18Z : PB = 532660224 : In   : ------------ StyleCop.StyleCopThread.RunAnalyzers(document=[CsDocument], parser=[CsParser], analyzers=[<get_EnabledAnalyzers>d__20])
2022-10-09 10:54:18Z : PB = 536641536 : Out  : ------------ StyleCop.StyleCopThread.RunAnalyzers()
2022-10-09 10:54:18Z : PB = 536641536 : Out  : ----------- StyleCop.StyleCopThread.TestAndRunAnalyzers()=True
2022-10-09 10:54:18Z : PB = 536641536 : Out  : ---------- StyleCop.StyleCopThread.ParseAndAnalyzeDocument()
2022-10-09 10:54:18Z : PB = 536641536 : In   : ---------- StyleCop.StyleCopThread.ParseAndAnalyzeDocument(sourceCode=[CodeFile], documentStatus=[DocumentAnalysisStatus])
2022-10-09 10:54:18Z : PB = 536641536 : In   : ----------- StyleCop.CSharp.CsParser.ParseFile(sourceCode=[CodeFile], passNumber=0, document=<null>)
2022-10-09 10:54:18Z : PB = 536641536 : Out  : ----------- StyleCop.CSharp.CsParser.ParseFile()=False
2022-10-09 10:54:18Z : PB = 536641536 : In   : ----------- StyleCop.StyleCopThread.TestAndRunAnalyzers(document=[CsDocument], parser=[CsParser], analyzers=[<get_EnabledAnalyzers>d__20], passNumber=0)
2022-10-09 10:54:18Z : PB = 536641536 : In   : ------------ StyleCop.StyleCopThread.RunAnalyzers(document=[CsDocument], parser=[CsParser], analyzers=[<get_EnabledAnalyzers>d__20])
2022-10-09 10:54:18Z : PB = 537907200 : Out  : ------------ StyleCop.StyleCopThread.RunAnalyzers()
2022-10-09 10:54:18Z : PB = 537907200 : Out  : ----------- StyleCop.StyleCopThread.TestAndRunAnalyzers()=True
2022-10-09 10:54:18Z : PB = 537907200 : Out  : ---------- StyleCop.StyleCopThread.ParseAndAnalyzeDocument()
2022-10-09 10:54:18Z : PB = 537907200 : Out  : --------- StyleCop.StyleCopThread.DoWork()
2022-10-09 10:54:18Z : PB = 537907200 : Out  : -------- StyleCop.StyleCopCore.RunWorkerThreads()=True
2022-10-09 10:54:18Z : PB = 537907200 : Out  : ------- StyleCop.StyleCopCore.Analyze()
2022-10-09 10:54:18Z : PB = 537907200 : Out  : ------ StyleCop.StyleCopCore.FullAnalyze()
2022-10-09 10:54:18Z : PB = 537907200 : In   : ------ StyleCop.VisualStudio.AnalysisHelper.AnalyzeComplete(sender=[AnalysisThread], e=[EventArgs])
2022-10-09 10:54:18Z : PB = 537907200 : In   : ------- StyleCop.VisualStudio.AnalysisHelper.AnalyzeCompleteMain(sender=[AnalysisThread], e=[EventArgs])
2022-10-09 10:54:20Z : PB = 538984448 : Out  : ------- StyleCop.VisualStudio.AnalysisHelper.AnalyzeCompleteMain()
2022-10-09 10:54:20Z : PB = 538984448 : Out  : ------ StyleCop.VisualStudio.AnalysisHelper.AnalyzeComplete()
2022-10-09 10:54:20Z : PB = 538984448 : Out  : ----- StyleCop.VisualStudio.AnalysisThread.AnalyzeProc()
