Entering constructor for: ReviewPal.ReviewPal2013.DrSmellPackage
Entering Initialize() of: ReviewPal.ReviewPal2013.DrSmellPackage
2022-10-09 08:13:39Z : PB = 190308352 : In   : ---------------------------- StyleCop.StyleCopCore..ctor(environment=<null>, hostTag=<null>)
2022-10-09 08:13:39Z : PB = 189800448 : Out  : ---------------------------- StyleCop.StyleCopCore..ctor()
2022-10-09 08:13:39Z : PB = 191070208 : Out  : ------------------------- StyleCop.StyleCopCore.Initialize()
C:\Users\user\Documents\大學三年級\111-1-Windows-Programming\109590004\debug.log
2022-10-09 08:13:43Z : PB = 210345984 : In   : ---------------------------------- StyleCop.VisualStudio.AnalysisHelper.Analyze(full=True, type={Solution}, analysisFileManager=<missing>)
2022-10-09 08:13:43Z : PB = 212492288 : Out  : ---------------------------------- StyleCop.VisualStudio.AnalysisHelper.Analyze()
2022-10-09 08:13:43Z : PB = 212623360 : In   : ----- StyleCop.VisualStudio.AnalysisThread.AnalyzeProc()
2022-10-09 08:13:43Z : PB = 212754432 : In   : ------ StyleCop.StyleCopCore.FullAnalyze(projects=[List<CodeProject>: Count = 1])
2022-10-09 08:13:43Z : PB = 212983808 : In   : ------- StyleCop.StyleCopCore.Analyze(projects=[List<CodeProject>: Count = 1], ignoreCache=True, settingsPath=<null>)
2022-10-09 08:13:43Z : PB = 213721088 : In   : -------- StyleCop.StyleCopCore.RunWorkerThreads(data=[Data], count=1)
2022-10-09 08:13:43Z : PB = 213860352 : In   : --------- StyleCop.StyleCopThread.DoWork(sender=<null>)
2022-10-09 08:13:43Z : PB = 214069248 : In   : ---------- StyleCop.StyleCopThread.ParseAndAnalyzeDocument(sourceCode=[CodeFile], documentStatus=[DocumentAnalysisStatus])
2022-10-09 08:13:43Z : PB = 214220800 : In   : ----------- StyleCop.CSharp.CsParser.ParseFile(sourceCode=[CodeFile], passNumber=0, document=<null>)
2022-10-09 08:13:43Z : PB = 216064000 : Out  : ----------- StyleCop.CSharp.CsParser.ParseFile()=False
2022-10-09 08:13:43Z : PB = 216076288 : In   : ----------- StyleCop.StyleCopThread.TestAndRunAnalyzers(document=[CsDocument], parser=[CsParser], analyzers=[<get_EnabledAnalyzers>d__20], passNumber=0)
2022-10-09 08:13:43Z : PB = 216088576 : In   : ------------ StyleCop.StyleCopThread.RunAnalyzers(document=[CsDocument], parser=[CsParser], analyzers=[<get_EnabledAnalyzers>d__20])
2022-10-09 08:13:43Z : PB = 220610560 : Out  : ------------ StyleCop.StyleCopThread.RunAnalyzers()
2022-10-09 08:13:43Z : PB = 220610560 : Out  : ----------- StyleCop.StyleCopThread.TestAndRunAnalyzers()=True
2022-10-09 08:13:43Z : PB = 220631040 : Out  : ---------- StyleCop.StyleCopThread.ParseAndAnalyzeDocument()
2022-10-09 08:13:43Z : PB = 220631040 : In   : ---------- StyleCop.StyleCopThread.ParseAndAnalyzeDocument(sourceCode=[CodeFile], documentStatus=[DocumentAnalysisStatus])
2022-10-09 08:13:43Z : PB = 220631040 : In   : ----------- StyleCop.CSharp.CsParser.ParseFile(sourceCode=[CodeFile], passNumber=0, document=<null>)
2022-10-09 08:13:43Z : PB = 220631040 : Out  : ----------- StyleCop.CSharp.CsParser.ParseFile()=False
2022-10-09 08:13:43Z : PB = 220631040 : In   : ----------- StyleCop.StyleCopThread.TestAndRunAnalyzers(document=[CsDocument], parser=[CsParser], analyzers=[<get_EnabledAnalyzers>d__20], passNumber=0)
2022-10-09 08:13:43Z : PB = 220631040 : In   : ------------ StyleCop.StyleCopThread.RunAnalyzers(document=[CsDocument], parser=[CsParser], analyzers=[<get_EnabledAnalyzers>d__20])
2022-10-09 08:13:43Z : PB = 225607680 : Out  : ------------ StyleCop.StyleCopThread.RunAnalyzers()
2022-10-09 08:13:43Z : PB = 225615872 : Out  : ----------- StyleCop.StyleCopThread.TestAndRunAnalyzers()=True
2022-10-09 08:13:43Z : PB = 225615872 : Out  : ---------- StyleCop.StyleCopThread.ParseAndAnalyzeDocument()
2022-10-09 08:13:43Z : PB = 225619968 : In   : ---------- StyleCop.StyleCopThread.ParseAndAnalyzeDocument(sourceCode=[CodeFile], documentStatus=[DocumentAnalysisStatus])
2022-10-09 08:13:43Z : PB = 225628160 : In   : ----------- StyleCop.CSharp.CsParser.ParseFile(sourceCode=[CodeFile], passNumber=0, document=<null>)
2022-10-09 08:13:43Z : PB = 225193984 : Out  : ----------- StyleCop.CSharp.CsParser.ParseFile()=False
2022-10-09 08:13:43Z : PB = 225198080 : In   : ----------- StyleCop.StyleCopThread.TestAndRunAnalyzers(document=[CsDocument], parser=[CsParser], analyzers=[<get_EnabledAnalyzers>d__20], passNumber=0)
2022-10-09 08:13:43Z : PB = 225202176 : In   : ------------ StyleCop.StyleCopThread.RunAnalyzers(document=[CsDocument], parser=[CsParser], analyzers=[<get_EnabledAnalyzers>d__20])
2022-10-09 08:13:43Z : PB = 228667392 : Out  : ------------ StyleCop.StyleCopThread.RunAnalyzers()
2022-10-09 08:13:43Z : PB = 228667392 : Out  : ----------- StyleCop.StyleCopThread.TestAndRunAnalyzers()=True
2022-10-09 08:13:43Z : PB = 228667392 : Out  : ---------- StyleCop.StyleCopThread.ParseAndAnalyzeDocument()
2022-10-09 08:13:43Z : PB = 228667392 : In   : ---------- StyleCop.StyleCopThread.ParseAndAnalyzeDocument(sourceCode=[CodeFile], documentStatus=[DocumentAnalysisStatus])
2022-10-09 08:13:43Z : PB = 228667392 : In   : ----------- StyleCop.CSharp.CsParser.ParseFile(sourceCode=[CodeFile], passNumber=0, document=<null>)
2022-10-09 08:13:43Z : PB = 228667392 : Out  : ----------- StyleCop.CSharp.CsParser.ParseFile()=False
2022-10-09 08:13:43Z : PB = 228667392 : In   : ----------- StyleCop.StyleCopThread.TestAndRunAnalyzers(document=[CsDocument], parser=[CsParser], analyzers=[<get_EnabledAnalyzers>d__20], passNumber=0)
2022-10-09 08:13:43Z : PB = 228667392 : In   : ------------ StyleCop.StyleCopThread.RunAnalyzers(document=[CsDocument], parser=[CsParser], analyzers=[<get_EnabledAnalyzers>d__20])
2022-10-09 08:13:44Z : PB = 233586688 : Out  : ------------ StyleCop.StyleCopThread.RunAnalyzers()
2022-10-09 08:13:44Z : PB = 233586688 : Out  : ----------- StyleCop.StyleCopThread.TestAndRunAnalyzers()=True
2022-10-09 08:13:44Z : PB = 233586688 : Out  : ---------- StyleCop.StyleCopThread.ParseAndAnalyzeDocument()
2022-10-09 08:13:44Z : PB = 233586688 : In   : ---------- StyleCop.StyleCopThread.ParseAndAnalyzeDocument(sourceCode=[CodeFile], documentStatus=[DocumentAnalysisStatus])
2022-10-09 08:13:44Z : PB = 233586688 : In   : ----------- StyleCop.CSharp.CsParser.ParseFile(sourceCode=[CodeFile], passNumber=0, document=<null>)
2022-10-09 08:13:44Z : PB = 234418176 : Out  : ----------- StyleCop.CSharp.CsParser.ParseFile()=False
2022-10-09 08:13:44Z : PB = 234418176 : In   : ----------- StyleCop.StyleCopThread.TestAndRunAnalyzers(document=[CsDocument], parser=[CsParser], analyzers=[<get_EnabledAnalyzers>d__20], passNumber=0)
2022-10-09 08:13:44Z : PB = 234418176 : In   : ------------ StyleCop.StyleCopThread.RunAnalyzers(document=[CsDocument], parser=[CsParser], analyzers=[<get_EnabledAnalyzers>d__20])
2022-10-09 08:13:44Z : PB = 241111040 : Out  : ------------ StyleCop.StyleCopThread.RunAnalyzers()
2022-10-09 08:13:44Z : PB = 241111040 : Out  : ----------- StyleCop.StyleCopThread.TestAndRunAnalyzers()=True
2022-10-09 08:13:44Z : PB = 241111040 : Out  : ---------- StyleCop.StyleCopThread.ParseAndAnalyzeDocument()
2022-10-09 08:13:44Z : PB = 241111040 : In   : ---------- StyleCop.StyleCopThread.ParseAndAnalyzeDocument(sourceCode=[CodeFile], documentStatus=[DocumentAnalysisStatus])
2022-10-09 08:13:44Z : PB = 241111040 : In   : ----------- StyleCop.CSharp.CsParser.ParseFile(sourceCode=[CodeFile], passNumber=0, document=<null>)
2022-10-09 08:13:44Z : PB = 241123328 : Out  : ----------- StyleCop.CSharp.CsParser.ParseFile()=False
2022-10-09 08:13:44Z : PB = 241160192 : In   : ----------- StyleCop.StyleCopThread.TestAndRunAnalyzers(document=[CsDocument], parser=[CsParser], analyzers=[<get_EnabledAnalyzers>d__20], passNumber=0)
2022-10-09 08:13:44Z : PB = 241160192 : In   : ------------ StyleCop.StyleCopThread.RunAnalyzers(document=[CsDocument], parser=[CsParser], analyzers=[<get_EnabledAnalyzers>d__20])
2022-10-09 08:13:44Z : PB = 248320000 : Out  : ------------ StyleCop.StyleCopThread.RunAnalyzers()
2022-10-09 08:13:44Z : PB = 248070144 : Out  : ----------- StyleCop.StyleCopThread.TestAndRunAnalyzers()=True
2022-10-09 08:13:44Z : PB = 248070144 : Out  : ---------- StyleCop.StyleCopThread.ParseAndAnalyzeDocument()
2022-10-09 08:13:44Z : PB = 248070144 : In   : ---------- StyleCop.StyleCopThread.ParseAndAnalyzeDocument(sourceCode=[CodeFile], documentStatus=[DocumentAnalysisStatus])
2022-10-09 08:13:44Z : PB = 248217600 : In   : ----------- StyleCop.CSharp.CsParser.ParseFile(sourceCode=[CodeFile], passNumber=0, document=<null>)
2022-10-09 08:13:44Z : PB = 248127488 : Out  : ----------- StyleCop.CSharp.CsParser.ParseFile()=False
2022-10-09 08:13:44Z : PB = 248135680 : In   : ----------- StyleCop.StyleCopThread.TestAndRunAnalyzers(document=[CsDocument], parser=[CsParser], analyzers=[<get_EnabledAnalyzers>d__20], passNumber=0)
2022-10-09 08:13:44Z : PB = 248139776 : In   : ------------ StyleCop.StyleCopThread.RunAnalyzers(document=[CsDocument], parser=[CsParser], analyzers=[<get_EnabledAnalyzers>d__20])
2022-10-09 08:13:45Z : PB = 253607936 : Out  : ------------ StyleCop.StyleCopThread.RunAnalyzers()
2022-10-09 08:13:45Z : PB = 253607936 : Out  : ----------- StyleCop.StyleCopThread.TestAndRunAnalyzers()=True
2022-10-09 08:13:45Z : PB = 253607936 : Out  : ---------- StyleCop.StyleCopThread.ParseAndAnalyzeDocument()
2022-10-09 08:13:45Z : PB = 253607936 : In   : ---------- StyleCop.StyleCopThread.ParseAndAnalyzeDocument(sourceCode=[CodeFile], documentStatus=[DocumentAnalysisStatus])
2022-10-09 08:13:45Z : PB = 253607936 : In   : ----------- StyleCop.CSharp.CsParser.ParseFile(sourceCode=[CodeFile], passNumber=0, document=<null>)
2022-10-09 08:13:45Z : PB = 253620224 : Out  : ----------- StyleCop.CSharp.CsParser.ParseFile()=False
2022-10-09 08:13:45Z : PB = 253624320 : In   : ----------- StyleCop.StyleCopThread.TestAndRunAnalyzers(document=[CsDocument], parser=[CsParser], analyzers=[<get_EnabledAnalyzers>d__20], passNumber=0)
2022-10-09 08:13:45Z : PB = 253628416 : In   : ------------ StyleCop.StyleCopThread.RunAnalyzers(document=[CsDocument], parser=[CsParser], analyzers=[<get_EnabledAnalyzers>d__20])
2022-10-09 08:13:45Z : PB = 247947264 : Out  : ------------ StyleCop.StyleCopThread.RunAnalyzers()
2022-10-09 08:13:45Z : PB = 248012800 : Out  : ----------- StyleCop.StyleCopThread.TestAndRunAnalyzers()=True
2022-10-09 08:13:45Z : PB = 248143872 : Out  : ---------- StyleCop.StyleCopThread.ParseAndAnalyzeDocument()
2022-10-09 08:13:45Z : PB = 248209408 : In   : ---------- StyleCop.StyleCopThread.ParseAndAnalyzeDocument(sourceCode=[CodeFile], documentStatus=[DocumentAnalysisStatus])
2022-10-09 08:13:45Z : PB = 248274944 : In   : ----------- StyleCop.CSharp.CsParser.ParseFile(sourceCode=[CodeFile], passNumber=0, document=<null>)
2022-10-09 08:13:45Z : PB = 248279040 : Out  : ----------- StyleCop.CSharp.CsParser.ParseFile()=False
2022-10-09 08:13:45Z : PB = 248352768 : In   : ----------- StyleCop.StyleCopThread.TestAndRunAnalyzers(document=[CsDocument], parser=[CsParser], analyzers=[<get_EnabledAnalyzers>d__20], passNumber=0)
2022-10-09 08:13:45Z : PB = 248291328 : In   : ------------ StyleCop.StyleCopThread.RunAnalyzers(document=[CsDocument], parser=[CsParser], analyzers=[<get_EnabledAnalyzers>d__20])
2022-10-09 08:13:45Z : PB = 247111680 : Out  : ------------ StyleCop.StyleCopThread.RunAnalyzers()
2022-10-09 08:13:45Z : PB = 247111680 : Out  : ----------- StyleCop.StyleCopThread.TestAndRunAnalyzers()=True
2022-10-09 08:13:45Z : PB = 247111680 : Out  : ---------- StyleCop.StyleCopThread.ParseAndAnalyzeDocument()
2022-10-09 08:13:45Z : PB = 247111680 : In   : ---------- StyleCop.StyleCopThread.ParseAndAnalyzeDocument(sourceCode=[CodeFile], documentStatus=[DocumentAnalysisStatus])
2022-10-09 08:13:45Z : PB = 247111680 : In   : ----------- StyleCop.CSharp.CsParser.ParseFile(sourceCode=[CodeFile], passNumber=0, document=<null>)
2022-10-09 08:13:45Z : PB = 245420032 : Out  : ----------- StyleCop.CSharp.CsParser.ParseFile()=False
2022-10-09 08:13:45Z : PB = 245420032 : In   : ----------- StyleCop.StyleCopThread.TestAndRunAnalyzers(document=[CsDocument], parser=[CsParser], analyzers=[<get_EnabledAnalyzers>d__20], passNumber=0)
2022-10-09 08:13:45Z : PB = 245420032 : In   : ------------ StyleCop.StyleCopThread.RunAnalyzers(document=[CsDocument], parser=[CsParser], analyzers=[<get_EnabledAnalyzers>d__20])
2022-10-09 08:13:45Z : PB = 245805056 : Out  : ------------ StyleCop.StyleCopThread.RunAnalyzers()
2022-10-09 08:13:45Z : PB = 245805056 : Out  : ----------- StyleCop.StyleCopThread.TestAndRunAnalyzers()=True
2022-10-09 08:13:45Z : PB = 245805056 : Out  : ---------- StyleCop.StyleCopThread.ParseAndAnalyzeDocument()
2022-10-09 08:13:45Z : PB = 245805056 : In   : ---------- StyleCop.StyleCopThread.ParseAndAnalyzeDocument(sourceCode=[CodeFile], documentStatus=[DocumentAnalysisStatus])
2022-10-09 08:13:45Z : PB = 245805056 : In   : ----------- StyleCop.CSharp.CsParser.ParseFile(sourceCode=[CodeFile], passNumber=0, document=<null>)
2022-10-09 08:13:45Z : PB = 245805056 : Out  : ----------- StyleCop.CSharp.CsParser.ParseFile()=False
2022-10-09 08:13:45Z : PB = 245805056 : In   : ----------- StyleCop.StyleCopThread.TestAndRunAnalyzers(document=[CsDocument], parser=[CsParser], analyzers=[<get_EnabledAnalyzers>d__20], passNumber=0)
2022-10-09 08:13:45Z : PB = 245805056 : In   : ------------ StyleCop.StyleCopThread.RunAnalyzers(document=[CsDocument], parser=[CsParser], analyzers=[<get_EnabledAnalyzers>d__20])
2022-10-09 08:13:45Z : PB = 241639424 : Out  : ------------ StyleCop.StyleCopThread.RunAnalyzers()
2022-10-09 08:13:45Z : PB = 241639424 : Out  : ----------- StyleCop.StyleCopThread.TestAndRunAnalyzers()=True
2022-10-09 08:13:45Z : PB = 241639424 : Out  : ---------- StyleCop.StyleCopThread.ParseAndAnalyzeDocument()
2022-10-09 08:13:45Z : PB = 241639424 : Out  : --------- StyleCop.StyleCopThread.DoWork()
2022-10-09 08:13:45Z : PB = 241639424 : Out  : -------- StyleCop.StyleCopCore.RunWorkerThreads()=True
2022-10-09 08:13:45Z : PB = 241651712 : Out  : ------- StyleCop.StyleCopCore.Analyze()
2022-10-09 08:13:45Z : PB = 241651712 : Out  : ------ StyleCop.StyleCopCore.FullAnalyze()
2022-10-09 08:13:45Z : PB = 241651712 : In   : ------ StyleCop.VisualStudio.AnalysisHelper.AnalyzeComplete(sender=[AnalysisThread], e=[EventArgs])
2022-10-09 08:13:45Z : PB = 241651712 : In   : ------- StyleCop.VisualStudio.AnalysisHelper.AnalyzeCompleteMain(sender=[AnalysisThread], e=[EventArgs])
2022-10-09 08:13:47Z : PB = 233242624 : Out  : ------- StyleCop.VisualStudio.AnalysisHelper.AnalyzeCompleteMain()
2022-10-09 08:13:47Z : PB = 233242624 : Out  : ------ StyleCop.VisualStudio.AnalysisHelper.AnalyzeComplete()
2022-10-09 08:13:47Z : PB = 233242624 : Out  : ----- StyleCop.VisualStudio.AnalysisThread.AnalyzeProc()
ResolveFWLinkAccountManager statusCode is redirect: 'True'
ResolveFWLinkAccountManager resovled fwlink from 'https://go.microsoft.com/fwlink/?LinkID=415837' to 'https://app.vssps.visualstudio.com/'
