FeatureEnvyDetector	WARN	Finded Feature Envy
FeatureEnvyDetector	WARN	at C:\Users\User\Documents\大學三年級\111-1-Windows-Programming\HW2\Library109590004\Forms\BookBorrowingForm.cs Line 30
FeatureEnvyDetector	WARN	 Library109590004.BookBorrowingForm envy Library109590004.BookBorrowingFormPresentationModel
FeatureEnvyDetector	WARN	use list:
FeatureEnvyDetector	WARN		GetCategoryName
FeatureEnvyDetector	WARN		GetCategoryCount
FeatureEnvyDetector	WARN	Finded Feature Envy
FeatureEnvyDetector	WARN	at C:\Users\User\Documents\大學三年級\111-1-Windows-Programming\HW2\Library109590004\Forms\BookBorrowingForm.cs Line 31
FeatureEnvyDetector	WARN	 Library109590004.BookBorrowingForm envy Library109590004.BookBorrowingFormPresentationModel
FeatureEnvyDetector	WARN	use list:
FeatureEnvyDetector	WARN		GetBookCount
FeatureEnvyDetector	WARN		GetCategoryCount
FeatureEnvyDetector	WARN	Finded Feature Envy
FeatureEnvyDetector	WARN	at C:\Users\User\Documents\大學三年級\111-1-Windows-Programming\HW2\Library109590004\Forms\BookBorrowingForm.cs Line 35
FeatureEnvyDetector	WARN	 Library109590004.BookBorrowingForm envy Library109590004.BookBorrowingFormPresentationModel
FeatureEnvyDetector	WARN	use list:
FeatureEnvyDetector	WARN		GetBookButtonLocation
FeatureEnvyDetector	WARN		GetBookCount
FeatureEnvyDetector	WARN		GetCategoryCount
FeatureEnvyDetector	WARN	Finded Feature Envy
FeatureEnvyDetector	WARN	at C:\Users\User\Documents\大學三年級\111-1-Windows-Programming\HW2\Library109590004\Forms\BookBorrowingForm.cs Line 36
FeatureEnvyDetector	WARN	 Library109590004.BookBorrowingForm envy Library109590004.BookBorrowingFormPresentationModel
FeatureEnvyDetector	WARN	use list:
FeatureEnvyDetector	WARN		GetBookNumber
FeatureEnvyDetector	WARN		GetBookCount
FeatureEnvyDetector	WARN		GetCategoryCount
FeatureEnvyDetector	WARN	Finded Feature Envy
FeatureEnvyDetector	WARN	at C:\Users\User\Documents\大學三年級\111-1-Windows-Programming\HW2\Library109590004\Forms\BookBorrowingForm.cs Line 37
FeatureEnvyDetector	WARN	 Library109590004.BookBorrowingForm envy Library109590004.BookBorrowingFormPresentationModel
FeatureEnvyDetector	WARN	use list:
FeatureEnvyDetector	WARN		GetBookButtonSize
FeatureEnvyDetector	WARN		GetBookCount
FeatureEnvyDetector	WARN		GetCategoryCount
FeatureEnvyDetector	WARN	Finded Feature Envy
FeatureEnvyDetector	WARN	at C:\Users\User\Documents\大學三年級\111-1-Windows-Programming\HW2\Library109590004\Forms\BookBorrowingForm.cs Line 38
FeatureEnvyDetector	WARN	 Library109590004.BookBorrowingForm envy Library109590004.BookBorrowingFormPresentationModel
FeatureEnvyDetector	WARN	use list:
FeatureEnvyDetector	WARN		GetBookTag
FeatureEnvyDetector	WARN		GetBookCount
FeatureEnvyDetector	WARN		GetCategoryCount
FeatureEnvyDetector	WARN	Finded Feature Envy
FeatureEnvyDetector	WARN	at C:\Users\User\Documents\大學三年級\111-1-Windows-Programming\HW2\Library109590004\Forms\BookBorrowingForm.cs Line 39
FeatureEnvyDetector	WARN	 Library109590004.BookBorrowingForm envy Library109590004.BookBorrowingFormPresentationModel
FeatureEnvyDetector	WARN	use list:
FeatureEnvyDetector	WARN		GetCategoryName
FeatureEnvyDetector	WARN		GetBookCount
FeatureEnvyDetector	WARN		GetCategoryCount
FeatureEnvyDetector	WARN	Finded Feature Envy
FeatureEnvyDetector	WARN	at C:\Users\User\Documents\大學三年級\111-1-Windows-Programming\HW2\Library109590004\Forms\BookBorrowingForm.cs Line 41
FeatureEnvyDetector	WARN	 Library109590004.BookBorrowingForm envy Library109590004.BookBorrowingFormPresentationModel
FeatureEnvyDetector	WARN	use list:
FeatureEnvyDetector	WARN		GetCategoryName
FeatureEnvyDetector	WARN		GetBookCount
FeatureEnvyDetector	WARN		GetCategoryCount
FeatureEnvyDetector	WARN	Finded Feature Envy
FeatureEnvyDetector	WARN	at C:\Users\User\Documents\大學三年級\111-1-Windows-Programming\HW2\Library109590004\Forms\BookBorrowingForm.cs Line 43
FeatureEnvyDetector	WARN	 Library109590004.BookBorrowingForm envy Library109590004.BookBorrowingFormPresentationModel
FeatureEnvyDetector	WARN	use list:
FeatureEnvyDetector	WARN		GetCategoryName
FeatureEnvyDetector	WARN		GetCategoryCount
FeatureEnvyDetector	WARN	Finded Feature Envy
FeatureEnvyDetector	WARN	at C:\Users\User\Documents\大學三年級\111-1-Windows-Programming\HW2\Library109590004\Forms\BookBorrowingForm.cs Line 31
FeatureEnvyDetector	WARN	 Library109590004.BookBorrowingForm envy Library109590004.BookBorrowingFormPresentationModel
FeatureEnvyDetector	WARN	use list:
FeatureEnvyDetector	WARN		GetCategoryName
FeatureEnvyDetector	WARN		GetCategoryCount
FeatureEnvyDetector	WARN	Finded Feature Envy
FeatureEnvyDetector	WARN	at C:\Users\User\Documents\大學三年級\111-1-Windows-Programming\HW2\Library109590004\Forms\BookBorrowingForm.cs Line 32
FeatureEnvyDetector	WARN	 Library109590004.BookBorrowingForm envy Library109590004.BookBorrowingFormPresentationModel
FeatureEnvyDetector	WARN	use list:
FeatureEnvyDetector	WARN		GetBookCount
FeatureEnvyDetector	WARN		GetCategoryCount
FeatureEnvyDetector	WARN	Finded Feature Envy
FeatureEnvyDetector	WARN	at C:\Users\User\Documents\大學三年級\111-1-Windows-Programming\HW2\Library109590004\Forms\BookBorrowingForm.cs Line 36
FeatureEnvyDetector	WARN	 Library109590004.BookBorrowingForm envy Library109590004.BookBorrowingFormPresentationModel
FeatureEnvyDetector	WARN	use list:
FeatureEnvyDetector	WARN		GetBookButtonLocation
FeatureEnvyDetector	WARN		GetBookCount
FeatureEnvyDetector	WARN		GetCategoryCount
FeatureEnvyDetector	WARN	Finded Feature Envy
FeatureEnvyDetector	WARN	at C:\Users\User\Documents\大學三年級\111-1-Windows-Programming\HW2\Library109590004\Forms\BookBorrowingForm.cs Line 37
FeatureEnvyDetector	WARN	 Library109590004.BookBorrowingForm envy Library109590004.BookBorrowingFormPresentationModel
FeatureEnvyDetector	WARN	use list:
FeatureEnvyDetector	WARN		GetBookNumber
FeatureEnvyDetector	WARN		GetBookCount
FeatureEnvyDetector	WARN		GetCategoryCount
FeatureEnvyDetector	WARN	Finded Feature Envy
FeatureEnvyDetector	WARN	at C:\Users\User\Documents\大學三年級\111-1-Windows-Programming\HW2\Library109590004\Forms\BookBorrowingForm.cs Line 38
FeatureEnvyDetector	WARN	 Library109590004.BookBorrowingForm envy Library109590004.BookBorrowingFormPresentationModel
FeatureEnvyDetector	WARN	use list:
FeatureEnvyDetector	WARN		GetBookButtonSize
FeatureEnvyDetector	WARN		GetBookCount
FeatureEnvyDetector	WARN		GetCategoryCount
FeatureEnvyDetector	WARN	Finded Feature Envy
FeatureEnvyDetector	WARN	at C:\Users\User\Documents\大學三年級\111-1-Windows-Programming\HW2\Library109590004\Forms\BookBorrowingForm.cs Line 39
FeatureEnvyDetector	WARN	 Library109590004.BookBorrowingForm envy Library109590004.BookBorrowingFormPresentationModel
FeatureEnvyDetector	WARN	use list:
FeatureEnvyDetector	WARN		GetBookTag
FeatureEnvyDetector	WARN		GetBookCount
FeatureEnvyDetector	WARN		GetCategoryCount
FeatureEnvyDetector	WARN	Finded Feature Envy
FeatureEnvyDetector	WARN	at C:\Users\User\Documents\大學三年級\111-1-Windows-Programming\HW2\Library109590004\Forms\BookBorrowingForm.cs Line 40
FeatureEnvyDetector	WARN	 Library109590004.BookBorrowingForm envy Library109590004.BookBorrowingFormPresentationModel
FeatureEnvyDetector	WARN	use list:
FeatureEnvyDetector	WARN		GetCategoryName
FeatureEnvyDetector	WARN		GetBookCount
FeatureEnvyDetector	WARN		GetCategoryCount
FeatureEnvyDetector	WARN	Finded Feature Envy
FeatureEnvyDetector	WARN	at C:\Users\User\Documents\大學三年級\111-1-Windows-Programming\HW2\Library109590004\Forms\BookBorrowingForm.cs Line 42
FeatureEnvyDetector	WARN	 Library109590004.BookBorrowingForm envy Library109590004.BookBorrowingFormPresentationModel
FeatureEnvyDetector	WARN	use list:
FeatureEnvyDetector	WARN		GetCategoryName
FeatureEnvyDetector	WARN		GetBookCount
FeatureEnvyDetector	WARN		GetCategoryCount
FeatureEnvyDetector	WARN	Finded Feature Envy
FeatureEnvyDetector	WARN	at C:\Users\User\Documents\大學三年級\111-1-Windows-Programming\HW2\Library109590004\Forms\BookBorrowingForm.cs Line 44
FeatureEnvyDetector	WARN	 Library109590004.BookBorrowingForm envy Library109590004.BookBorrowingFormPresentationModel
FeatureEnvyDetector	WARN	use list:
FeatureEnvyDetector	WARN		GetCategoryName
FeatureEnvyDetector	WARN		GetCategoryCount
FeatureEnvyDetector	WARN	Finded Feature Envy
FeatureEnvyDetector	WARN	at C:\Users\User\Documents\大學三年級\111-1-Windows-Programming\HW2\Library109590004\Forms\BookBorrowingForm.cs Line 32
FeatureEnvyDetector	WARN	 Library109590004.BookBorrowingForm envy Library109590004.BookBorrowingFormPresentationModel
FeatureEnvyDetector	WARN	use list:
FeatureEnvyDetector	WARN		GetBookCount
FeatureEnvyDetector	WARN		GetCategoryCount
FeatureEnvyDetector	WARN	Finded Feature Envy
FeatureEnvyDetector	WARN	at C:\Users\User\Documents\大學三年級\111-1-Windows-Programming\HW2\Library109590004\Forms\BookBorrowingForm.cs Line 33
FeatureEnvyDetector	WARN	 Library109590004.BookBorrowingForm envy Library109590004.BookBorrowingFormPresentationModel
FeatureEnvyDetector	WARN	use list:
FeatureEnvyDetector	WARN		GetCategoryName
FeatureEnvyDetector	WARN		GetCategoryCount
FeatureEnvyDetector	WARN	Finded Feature Envy
FeatureEnvyDetector	WARN	at C:\Users\User\Documents\大學三年級\111-1-Windows-Programming\HW2\Library109590004\Forms\BookBorrowingForm.cs Line 34
FeatureEnvyDetector	WARN	 Library109590004.BookBorrowingForm envy Library109590004.BookBorrowingFormPresentationModel
FeatureEnvyDetector	WARN	use list:
FeatureEnvyDetector	WARN		GetBookCount
FeatureEnvyDetector	WARN		GetCategoryCount
FeatureEnvyDetector	WARN	Finded Feature Envy
FeatureEnvyDetector	WARN	at C:\Users\User\Documents\大學三年級\111-1-Windows-Programming\HW2\Library109590004\Forms\BookBorrowingForm.cs Line 38
FeatureEnvyDetector	WARN	 Library109590004.BookBorrowingForm envy Library109590004.BookBorrowingFormPresentationModel
FeatureEnvyDetector	WARN	use list:
FeatureEnvyDetector	WARN		GetBookButtonLocation
FeatureEnvyDetector	WARN		GetBookCount
FeatureEnvyDetector	WARN		GetCategoryCount
FeatureEnvyDetector	WARN	Finded Feature Envy
FeatureEnvyDetector	WARN	at C:\Users\User\Documents\大學三年級\111-1-Windows-Programming\HW2\Library109590004\Forms\BookBorrowingForm.cs Line 39
FeatureEnvyDetector	WARN	 Library109590004.BookBorrowingForm envy Library109590004.BookBorrowingFormPresentationModel
FeatureEnvyDetector	WARN	use list:
FeatureEnvyDetector	WARN		GetBookNumber
FeatureEnvyDetector	WARN		GetBookCount
FeatureEnvyDetector	WARN		GetCategoryCount
FeatureEnvyDetector	WARN	Finded Feature Envy
FeatureEnvyDetector	WARN	at C:\Users\User\Documents\大學三年級\111-1-Windows-Programming\HW2\Library109590004\Forms\BookBorrowingForm.cs Line 40
FeatureEnvyDetector	WARN	 Library109590004.BookBorrowingForm envy Library109590004.BookBorrowingFormPresentationModel
FeatureEnvyDetector	WARN	use list:
FeatureEnvyDetector	WARN		GetBookButtonSize
FeatureEnvyDetector	WARN		GetBookCount
FeatureEnvyDetector	WARN		GetCategoryCount
FeatureEnvyDetector	WARN	Finded Feature Envy
FeatureEnvyDetector	WARN	at C:\Users\User\Documents\大學三年級\111-1-Windows-Programming\HW2\Library109590004\Forms\BookBorrowingForm.cs Line 41
FeatureEnvyDetector	WARN	 Library109590004.BookBorrowingForm envy Library109590004.BookBorrowingFormPresentationModel
FeatureEnvyDetector	WARN	use list:
FeatureEnvyDetector	WARN		GetBookTag
FeatureEnvyDetector	WARN		GetBookCount
FeatureEnvyDetector	WARN		GetCategoryCount
FeatureEnvyDetector	WARN	Finded Feature Envy
FeatureEnvyDetector	WARN	at C:\Users\User\Documents\大學三年級\111-1-Windows-Programming\HW2\Library109590004\Forms\BookBorrowingForm.cs Line 42
FeatureEnvyDetector	WARN	 Library109590004.BookBorrowingForm envy Library109590004.BookBorrowingFormPresentationModel
FeatureEnvyDetector	WARN	use list:
FeatureEnvyDetector	WARN		GetCategoryName
FeatureEnvyDetector	WARN		GetBookCount
FeatureEnvyDetector	WARN		GetCategoryCount
FeatureEnvyDetector	WARN	Finded Feature Envy
FeatureEnvyDetector	WARN	at C:\Users\User\Documents\大學三年級\111-1-Windows-Programming\HW2\Library109590004\Forms\BookBorrowingForm.cs Line 44
FeatureEnvyDetector	WARN	 Library109590004.BookBorrowingForm envy Library109590004.BookBorrowingFormPresentationModel
FeatureEnvyDetector	WARN	use list:
FeatureEnvyDetector	WARN		GetCategoryName
FeatureEnvyDetector	WARN		GetBookCount
FeatureEnvyDetector	WARN		GetCategoryCount
FeatureEnvyDetector	WARN	Finded Feature Envy
FeatureEnvyDetector	WARN	at C:\Users\User\Documents\大學三年級\111-1-Windows-Programming\HW2\Library109590004\Forms\BookBorrowingForm.cs Line 46
FeatureEnvyDetector	WARN	 Library109590004.BookBorrowingForm envy Library109590004.BookBorrowingFormPresentationModel
FeatureEnvyDetector	WARN	use list:
FeatureEnvyDetector	WARN		GetCategoryName
FeatureEnvyDetector	WARN		GetCategoryCount
FeatureEnvyDetector	WARN	Finded Feature Envy
FeatureEnvyDetector	WARN	at C:\Users\User\Documents\大學三年級\111-1-Windows-Programming\HW2\Library109590004\Forms\BookBorrowingForm.cs Line 32
FeatureEnvyDetector	WARN	 Library109590004.BookBorrowingForm envy Library109590004.BookBorrowingFormPresentationModel
FeatureEnvyDetector	WARN	use list:
FeatureEnvyDetector	WARN		GetBookCount
FeatureEnvyDetector	WARN		GetCategoryCount
FeatureEnvyDetector	WARN	Finded Feature Envy
FeatureEnvyDetector	WARN	at C:\Users\User\Documents\大學三年級\111-1-Windows-Programming\HW2\Library109590004\Forms\BookBorrowingForm.cs Line 33
FeatureEnvyDetector	WARN	 Library109590004.BookBorrowingForm envy Library109590004.BookBorrowingFormPresentationModel
FeatureEnvyDetector	WARN	use list:
FeatureEnvyDetector	WARN		GetCategoryName
FeatureEnvyDetector	WARN		GetCategoryCount
FeatureEnvyDetector	WARN	Finded Feature Envy
FeatureEnvyDetector	WARN	at C:\Users\User\Documents\大學三年級\111-1-Windows-Programming\HW2\Library109590004\Forms\BookBorrowingForm.cs Line 34
FeatureEnvyDetector	WARN	 Library109590004.BookBorrowingForm envy Library109590004.BookBorrowingFormPresentationModel
FeatureEnvyDetector	WARN	use list:
FeatureEnvyDetector	WARN		GetBookCount
FeatureEnvyDetector	WARN		GetCategoryCount
FeatureEnvyDetector	WARN	Finded Feature Envy
FeatureEnvyDetector	WARN	at C:\Users\User\Documents\大學三年級\111-1-Windows-Programming\HW2\Library109590004\Forms\BookBorrowingForm.cs Line 38
FeatureEnvyDetector	WARN	 Library109590004.BookBorrowingForm envy Library109590004.BookBorrowingFormPresentationModel
FeatureEnvyDetector	WARN	use list:
FeatureEnvyDetector	WARN		GetBookButtonLocation
FeatureEnvyDetector	WARN		GetBookCount
FeatureEnvyDetector	WARN		GetCategoryCount
FeatureEnvyDetector	WARN	Finded Feature Envy
FeatureEnvyDetector	WARN	at C:\Users\User\Documents\大學三年級\111-1-Windows-Programming\HW2\Library109590004\Forms\BookBorrowingForm.cs Line 39
FeatureEnvyDetector	WARN	 Library109590004.BookBorrowingForm envy Library109590004.BookBorrowingFormPresentationModel
FeatureEnvyDetector	WARN	use list:
FeatureEnvyDetector	WARN		GetBookNumber
FeatureEnvyDetector	WARN		GetBookCount
FeatureEnvyDetector	WARN		GetCategoryCount
FeatureEnvyDetector	WARN	Finded Feature Envy
FeatureEnvyDetector	WARN	at C:\Users\User\Documents\大學三年級\111-1-Windows-Programming\HW2\Library109590004\Forms\BookBorrowingForm.cs Line 40
FeatureEnvyDetector	WARN	 Library109590004.BookBorrowingForm envy Library109590004.BookBorrowingFormPresentationModel
FeatureEnvyDetector	WARN	use list:
FeatureEnvyDetector	WARN		GetBookButtonSize
FeatureEnvyDetector	WARN		GetBookCount
FeatureEnvyDetector	WARN		GetCategoryCount
FeatureEnvyDetector	WARN	Finded Feature Envy
FeatureEnvyDetector	WARN	at C:\Users\User\Documents\大學三年級\111-1-Windows-Programming\HW2\Library109590004\Forms\BookBorrowingForm.cs Line 41
FeatureEnvyDetector	WARN	 Library109590004.BookBorrowingForm envy Library109590004.BookBorrowingFormPresentationModel
FeatureEnvyDetector	WARN	use list:
FeatureEnvyDetector	WARN		GetBookTag
FeatureEnvyDetector	WARN		GetBookCount
FeatureEnvyDetector	WARN		GetCategoryCount
FeatureEnvyDetector	WARN	Finded Feature Envy
FeatureEnvyDetector	WARN	at C:\Users\User\Documents\大學三年級\111-1-Windows-Programming\HW2\Library109590004\Forms\BookBorrowingForm.cs Line 42
FeatureEnvyDetector	WARN	 Library109590004.BookBorrowingForm envy Library109590004.BookBorrowingFormPresentationModel
FeatureEnvyDetector	WARN	use list:
FeatureEnvyDetector	WARN		GetCategoryName
FeatureEnvyDetector	WARN		GetBookCount
FeatureEnvyDetector	WARN		GetCategoryCount
FeatureEnvyDetector	WARN	Finded Feature Envy
FeatureEnvyDetector	WARN	at C:\Users\User\Documents\大學三年級\111-1-Windows-Programming\HW2\Library109590004\Forms\BookBorrowingForm.cs Line 44
FeatureEnvyDetector	WARN	 Library109590004.BookBorrowingForm envy Library109590004.BookBorrowingFormPresentationModel
FeatureEnvyDetector	WARN	use list:
FeatureEnvyDetector	WARN		GetCategoryName
FeatureEnvyDetector	WARN		GetBookCount
FeatureEnvyDetector	WARN		GetCategoryCount
FeatureEnvyDetector	WARN	Finded Feature Envy
FeatureEnvyDetector	WARN	at C:\Users\User\Documents\大學三年級\111-1-Windows-Programming\HW2\Library109590004\Forms\BookBorrowingForm.cs Line 46
FeatureEnvyDetector	WARN	 Library109590004.BookBorrowingForm envy Library109590004.BookBorrowingFormPresentationModel
FeatureEnvyDetector	WARN	use list:
FeatureEnvyDetector	WARN		GetCategoryName
FeatureEnvyDetector	WARN		GetCategoryCount
FeatureEnvyDetector	WARN	Finded Feature Envy
FeatureEnvyDetector	WARN	at C:\Users\User\Documents\大學三年級\111-1-Windows-Programming\HW2\Library109590004\Forms\BookBorrowingForm.cs Line 32
FeatureEnvyDetector	WARN	 Library109590004.BookBorrowingForm envy Library109590004.BookBorrowingFormPresentationModel
FeatureEnvyDetector	WARN	use list:
FeatureEnvyDetector	WARN		GetBookCount
FeatureEnvyDetector	WARN		GetCategoryCount
FeatureEnvyDetector	WARN	Finded Feature Envy
FeatureEnvyDetector	WARN	at C:\Users\User\Documents\大學三年級\111-1-Windows-Programming\HW2\Library109590004\Forms\BookBorrowingForm.cs Line 33
FeatureEnvyDetector	WARN	 Library109590004.BookBorrowingForm envy Library109590004.BookBorrowingFormPresentationModel
FeatureEnvyDetector	WARN	use list:
FeatureEnvyDetector	WARN		GetCategoryName
FeatureEnvyDetector	WARN		GetCategoryCount
FeatureEnvyDetector	WARN	Finded Feature Envy
FeatureEnvyDetector	WARN	at C:\Users\User\Documents\大學三年級\111-1-Windows-Programming\HW2\Library109590004\Forms\BookBorrowingForm.cs Line 34
FeatureEnvyDetector	WARN	 Library109590004.BookBorrowingForm envy Library109590004.BookBorrowingFormPresentationModel
FeatureEnvyDetector	WARN	use list:
FeatureEnvyDetector	WARN		GetBookCount
FeatureEnvyDetector	WARN		GetCategoryCount
FeatureEnvyDetector	WARN	Finded Feature Envy
FeatureEnvyDetector	WARN	at C:\Users\User\Documents\大學三年級\111-1-Windows-Programming\HW2\Library109590004\Forms\BookBorrowingForm.cs Line 38
FeatureEnvyDetector	WARN	 Library109590004.BookBorrowingForm envy Library109590004.BookBorrowingFormPresentationModel
FeatureEnvyDetector	WARN	use list:
FeatureEnvyDetector	WARN		GetBookButtonLocation
FeatureEnvyDetector	WARN		GetBookCount
FeatureEnvyDetector	WARN		GetCategoryCount
FeatureEnvyDetector	WARN	Finded Feature Envy
FeatureEnvyDetector	WARN	at C:\Users\User\Documents\大學三年級\111-1-Windows-Programming\HW2\Library109590004\Forms\BookBorrowingForm.cs Line 39
FeatureEnvyDetector	WARN	 Library109590004.BookBorrowingForm envy Library109590004.BookBorrowingFormPresentationModel
FeatureEnvyDetector	WARN	use list:
FeatureEnvyDetector	WARN		GetBookNumber
FeatureEnvyDetector	WARN		GetBookCount
FeatureEnvyDetector	WARN		GetCategoryCount
FeatureEnvyDetector	WARN	Finded Feature Envy
FeatureEnvyDetector	WARN	at C:\Users\User\Documents\大學三年級\111-1-Windows-Programming\HW2\Library109590004\Forms\BookBorrowingForm.cs Line 40
FeatureEnvyDetector	WARN	 Library109590004.BookBorrowingForm envy Library109590004.BookBorrowingFormPresentationModel
FeatureEnvyDetector	WARN	use list:
FeatureEnvyDetector	WARN		GetBookButtonSize
FeatureEnvyDetector	WARN		GetBookCount
FeatureEnvyDetector	WARN		GetCategoryCount
FeatureEnvyDetector	WARN	Finded Feature Envy
FeatureEnvyDetector	WARN	at C:\Users\User\Documents\大學三年級\111-1-Windows-Programming\HW2\Library109590004\Forms\BookBorrowingForm.cs Line 41
FeatureEnvyDetector	WARN	 Library109590004.BookBorrowingForm envy Library109590004.BookBorrowingFormPresentationModel
FeatureEnvyDetector	WARN	use list:
FeatureEnvyDetector	WARN		GetBookTag
FeatureEnvyDetector	WARN		GetBookCount
FeatureEnvyDetector	WARN		GetCategoryCount
FeatureEnvyDetector	WARN	Finded Feature Envy
FeatureEnvyDetector	WARN	at C:\Users\User\Documents\大學三年級\111-1-Windows-Programming\HW2\Library109590004\Forms\BookBorrowingForm.cs Line 42
FeatureEnvyDetector	WARN	 Library109590004.BookBorrowingForm envy Library109590004.BookBorrowingFormPresentationModel
FeatureEnvyDetector	WARN	use list:
FeatureEnvyDetector	WARN		GetCategoryName
FeatureEnvyDetector	WARN		GetBookCount
FeatureEnvyDetector	WARN		GetCategoryCount
FeatureEnvyDetector	WARN	Finded Feature Envy
FeatureEnvyDetector	WARN	at C:\Users\User\Documents\大學三年級\111-1-Windows-Programming\HW2\Library109590004\Forms\BookBorrowingForm.cs Line 44
FeatureEnvyDetector	WARN	 Library109590004.BookBorrowingForm envy Library109590004.BookBorrowingFormPresentationModel
FeatureEnvyDetector	WARN	use list:
FeatureEnvyDetector	WARN		GetCategoryName
FeatureEnvyDetector	WARN		GetBookCount
FeatureEnvyDetector	WARN		GetCategoryCount
FeatureEnvyDetector	WARN	Finded Feature Envy
FeatureEnvyDetector	WARN	at C:\Users\User\Documents\大學三年級\111-1-Windows-Programming\HW2\Library109590004\Forms\BookBorrowingForm.cs Line 46
FeatureEnvyDetector	WARN	 Library109590004.BookBorrowingForm envy Library109590004.BookBorrowingFormPresentationModel
FeatureEnvyDetector	WARN	use list:
FeatureEnvyDetector	WARN		GetCategoryName
FeatureEnvyDetector	WARN		GetCategoryCount
FeatureEnvyDetector	WARN	Finded Feature Envy
FeatureEnvyDetector	WARN	at C:\Users\User\Documents\大學三年級\111-1-Windows-Programming\HW2\Library109590004\Forms\BookBorrowingForm.cs Line 33
FeatureEnvyDetector	WARN	 Library109590004.BookBorrowingForm envy Library109590004.BookBorrowingFormPresentationModel
FeatureEnvyDetector	WARN	use list:
FeatureEnvyDetector	WARN		GetCategoryName
FeatureEnvyDetector	WARN		GetCategoryCount
FeatureEnvyDetector	WARN	Finded Feature Envy
FeatureEnvyDetector	WARN	at C:\Users\User\Documents\大學三年級\111-1-Windows-Programming\HW2\Library109590004\Forms\BookBorrowingForm.cs Line 34
FeatureEnvyDetector	WARN	 Library109590004.BookBorrowingForm envy Library109590004.BookBorrowingFormPresentationModel
FeatureEnvyDetector	WARN	use list:
FeatureEnvyDetector	WARN		GetCategoeyBooksCount
FeatureEnvyDetector	WARN		GetCategoryCount
FeatureEnvyDetector	WARN	Finded Feature Envy
FeatureEnvyDetector	WARN	at C:\Users\User\Documents\大學三年級\111-1-Windows-Programming\HW2\Library109590004\Forms\BookBorrowingForm.cs Line 38
FeatureEnvyDetector	WARN	 Library109590004.BookBorrowingForm envy Library109590004.BookBorrowingFormPresentationModel
FeatureEnvyDetector	WARN	use list:
FeatureEnvyDetector	WARN		GetBookButtonLocation
FeatureEnvyDetector	WARN		GetCategoeyBooksCount
FeatureEnvyDetector	WARN		GetCategoryCount
FeatureEnvyDetector	WARN	Finded Feature Envy
FeatureEnvyDetector	WARN	at C:\Users\User\Documents\大學三年級\111-1-Windows-Programming\HW2\Library109590004\Forms\BookBorrowingForm.cs Line 39
FeatureEnvyDetector	WARN	 Library109590004.BookBorrowingForm envy Library109590004.BookBorrowingFormPresentationModel
FeatureEnvyDetector	WARN	use list:
FeatureEnvyDetector	WARN		GetBookNumber
FeatureEnvyDetector	WARN		GetCategoeyBooksCount
FeatureEnvyDetector	WARN		GetCategoryCount
FeatureEnvyDetector	WARN	Finded Feature Envy
FeatureEnvyDetector	WARN	at C:\Users\User\Documents\大學三年級\111-1-Windows-Programming\HW2\Library109590004\Forms\BookBorrowingForm.cs Line 40
FeatureEnvyDetector	WARN	 Library109590004.BookBorrowingForm envy Library109590004.BookBorrowingFormPresentationModel
FeatureEnvyDetector	WARN	use list:
FeatureEnvyDetector	WARN		GetBookButtonSize
FeatureEnvyDetector	WARN		GetCategoeyBooksCount
FeatureEnvyDetector	WARN		GetCategoryCount
FeatureEnvyDetector	WARN	Finded Feature Envy
FeatureEnvyDetector	WARN	at C:\Users\User\Documents\大學三年級\111-1-Windows-Programming\HW2\Library109590004\Forms\BookBorrowingForm.cs Line 41
FeatureEnvyDetector	WARN	 Library109590004.BookBorrowingForm envy Library109590004.BookBorrowingFormPresentationModel
FeatureEnvyDetector	WARN	use list:
FeatureEnvyDetector	WARN		GetBookTag
FeatureEnvyDetector	WARN		GetCategoeyBooksCount
FeatureEnvyDetector	WARN		GetCategoryCount
FeatureEnvyDetector	WARN	Finded Feature Envy
FeatureEnvyDetector	WARN	at C:\Users\User\Documents\大學三年級\111-1-Windows-Programming\HW2\Library109590004\Forms\BookBorrowingForm.cs Line 42
FeatureEnvyDetector	WARN	 Library109590004.BookBorrowingForm envy Library109590004.BookBorrowingFormPresentationModel
FeatureEnvyDetector	WARN	use list:
FeatureEnvyDetector	WARN		GetCategoryName
FeatureEnvyDetector	WARN		GetCategoeyBooksCount
FeatureEnvyDetector	WARN		GetCategoryCount
FeatureEnvyDetector	WARN	Finded Feature Envy
FeatureEnvyDetector	WARN	at C:\Users\User\Documents\大學三年級\111-1-Windows-Programming\HW2\Library109590004\Forms\BookBorrowingForm.cs Line 44
FeatureEnvyDetector	WARN	 Library109590004.BookBorrowingForm envy Library109590004.BookBorrowingFormPresentationModel
FeatureEnvyDetector	WARN	use list:
FeatureEnvyDetector	WARN		GetCategoryName
FeatureEnvyDetector	WARN		GetCategoeyBooksCount
FeatureEnvyDetector	WARN		GetCategoryCount
FeatureEnvyDetector	WARN	Finded Feature Envy
FeatureEnvyDetector	WARN	at C:\Users\User\Documents\大學三年級\111-1-Windows-Programming\HW2\Library109590004\Forms\BookBorrowingForm.cs Line 46
FeatureEnvyDetector	WARN	 Library109590004.BookBorrowingForm envy Library109590004.BookBorrowingFormPresentationModel
FeatureEnvyDetector	WARN	use list:
FeatureEnvyDetector	WARN		GetCategoryName
FeatureEnvyDetector	WARN		GetCategoryCount
FeatureEnvyDetector	WARN	Finded Feature Envy
FeatureEnvyDetector	WARN	at C:\Users\User\Documents\大學三年級\111-1-Windows-Programming\HW2\Library109590004\Forms\BookBorrowingForm.cs Line 33
FeatureEnvyDetector	WARN	 Library109590004.BookBorrowingForm envy Library109590004.BookBorrowingFormPresentationModel
FeatureEnvyDetector	WARN	use list:
FeatureEnvyDetector	WARN		GetCategoryName
FeatureEnvyDetector	WARN		GetCategoryCount
FeatureEnvyDetector	WARN	Finded Feature Envy
FeatureEnvyDetector	WARN	at C:\Users\User\Documents\大學三年級\111-1-Windows-Programming\HW2\Library109590004\Forms\BookBorrowingForm.cs Line 34
FeatureEnvyDetector	WARN	 Library109590004.BookBorrowingForm envy Library109590004.BookBorrowingFormPresentationModel
FeatureEnvyDetector	WARN	use list:
FeatureEnvyDetector	WARN		GetCategoryBooksCount
FeatureEnvyDetector	WARN		GetCategoryCount
FeatureEnvyDetector	WARN	Finded Feature Envy
FeatureEnvyDetector	WARN	at C:\Users\User\Documents\大學三年級\111-1-Windows-Programming\HW2\Library109590004\Forms\BookBorrowingForm.cs Line 38
FeatureEnvyDetector	WARN	 Library109590004.BookBorrowingForm envy Library109590004.BookBorrowingFormPresentationModel
FeatureEnvyDetector	WARN	use list:
FeatureEnvyDetector	WARN		GetBookButtonLocation
FeatureEnvyDetector	WARN		GetCategoryBooksCount
FeatureEnvyDetector	WARN		GetCategoryCount
FeatureEnvyDetector	WARN	Finded Feature Envy
FeatureEnvyDetector	WARN	at C:\Users\User\Documents\大學三年級\111-1-Windows-Programming\HW2\Library109590004\Forms\BookBorrowingForm.cs Line 39
FeatureEnvyDetector	WARN	 Library109590004.BookBorrowingForm envy Library109590004.BookBorrowingFormPresentationModel
FeatureEnvyDetector	WARN	use list:
FeatureEnvyDetector	WARN		GetBookNumber
FeatureEnvyDetector	WARN		GetCategoryBooksCount
FeatureEnvyDetector	WARN		GetCategoryCount
FeatureEnvyDetector	WARN	Finded Feature Envy
FeatureEnvyDetector	WARN	at C:\Users\User\Documents\大學三年級\111-1-Windows-Programming\HW2\Library109590004\Forms\BookBorrowingForm.cs Line 40
FeatureEnvyDetector	WARN	 Library109590004.BookBorrowingForm envy Library109590004.BookBorrowingFormPresentationModel
FeatureEnvyDetector	WARN	use list:
FeatureEnvyDetector	WARN		GetBookButtonSize
FeatureEnvyDetector	WARN		GetCategoryBooksCount
FeatureEnvyDetector	WARN		GetCategoryCount
FeatureEnvyDetector	WARN	Finded Feature Envy
FeatureEnvyDetector	WARN	at C:\Users\User\Documents\大學三年級\111-1-Windows-Programming\HW2\Library109590004\Forms\BookBorrowingForm.cs Line 41
FeatureEnvyDetector	WARN	 Library109590004.BookBorrowingForm envy Library109590004.BookBorrowingFormPresentationModel
FeatureEnvyDetector	WARN	use list:
FeatureEnvyDetector	WARN		GetBookTag
FeatureEnvyDetector	WARN		GetCategoryBooksCount
FeatureEnvyDetector	WARN		GetCategoryCount
FeatureEnvyDetector	WARN	Finded Feature Envy
FeatureEnvyDetector	WARN	at C:\Users\User\Documents\大學三年級\111-1-Windows-Programming\HW2\Library109590004\Forms\BookBorrowingForm.cs Line 42
FeatureEnvyDetector	WARN	 Library109590004.BookBorrowingForm envy Library109590004.BookBorrowingFormPresentationModel
FeatureEnvyDetector	WARN	use list:
FeatureEnvyDetector	WARN		GetCategoryName
FeatureEnvyDetector	WARN		GetCategoryBooksCount
FeatureEnvyDetector	WARN		GetCategoryCount
FeatureEnvyDetector	WARN	Finded Feature Envy
FeatureEnvyDetector	WARN	at C:\Users\User\Documents\大學三年級\111-1-Windows-Programming\HW2\Library109590004\Forms\BookBorrowingForm.cs Line 44
FeatureEnvyDetector	WARN	 Library109590004.BookBorrowingForm envy Library109590004.BookBorrowingFormPresentationModel
FeatureEnvyDetector	WARN	use list:
FeatureEnvyDetector	WARN		GetCategoryName
FeatureEnvyDetector	WARN		GetCategoryBooksCount
FeatureEnvyDetector	WARN		GetCategoryCount
FeatureEnvyDetector	WARN	Finded Feature Envy
FeatureEnvyDetector	WARN	at C:\Users\User\Documents\大學三年級\111-1-Windows-Programming\HW2\Library109590004\Forms\BookBorrowingForm.cs Line 46
FeatureEnvyDetector	WARN	 Library109590004.BookBorrowingForm envy Library109590004.BookBorrowingFormPresentationModel
FeatureEnvyDetector	WARN	use list:
FeatureEnvyDetector	WARN		GetCategoryName
FeatureEnvyDetector	WARN		GetCategoryCount
FeatureEnvyDetector	WARN	Finded Feature Envy
FeatureEnvyDetector	WARN	at C:\Users\User\Documents\大學三年級\111-1-Windows-Programming\HW2\Library109590004\Forms\BookBorrowingForm.cs Line 33
FeatureEnvyDetector	WARN	 Library109590004.BookBorrowingForm envy Library109590004.BookBorrowingFormPresentationModel
FeatureEnvyDetector	WARN	use list:
FeatureEnvyDetector	WARN		GetCategoryName
FeatureEnvyDetector	WARN		GetCategoryCount
FeatureEnvyDetector	WARN	Finded Feature Envy
FeatureEnvyDetector	WARN	at C:\Users\User\Documents\大學三年級\111-1-Windows-Programming\HW2\Library109590004\Forms\BookBorrowingForm.cs Line 34
FeatureEnvyDetector	WARN	 Library109590004.BookBorrowingForm envy Library109590004.BookBorrowingFormPresentationModel
FeatureEnvyDetector	WARN	use list:
FeatureEnvyDetector	WARN		GetCategoryBooksCount
FeatureEnvyDetector	WARN		GetCategoryCount
FeatureEnvyDetector	WARN	Finded Feature Envy
FeatureEnvyDetector	WARN	at C:\Users\User\Documents\大學三年級\111-1-Windows-Programming\HW2\Library109590004\Forms\BookBorrowingForm.cs Line 38
FeatureEnvyDetector	WARN	 Library109590004.BookBorrowingForm envy Library109590004.BookBorrowingFormPresentationModel
FeatureEnvyDetector	WARN	use list:
FeatureEnvyDetector	WARN		GetBookButtonLocation
FeatureEnvyDetector	WARN		GetCategoryBooksCount
FeatureEnvyDetector	WARN		GetCategoryCount
FeatureEnvyDetector	WARN	Finded Feature Envy
FeatureEnvyDetector	WARN	at C:\Users\User\Documents\大學三年級\111-1-Windows-Programming\HW2\Library109590004\Forms\BookBorrowingForm.cs Line 39
FeatureEnvyDetector	WARN	 Library109590004.BookBorrowingForm envy Library109590004.BookBorrowingFormPresentationModel
FeatureEnvyDetector	WARN	use list:
FeatureEnvyDetector	WARN		GetBookNumber
FeatureEnvyDetector	WARN		GetCategoryBooksCount
FeatureEnvyDetector	WARN		GetCategoryCount
FeatureEnvyDetector	WARN	Finded Feature Envy
FeatureEnvyDetector	WARN	at C:\Users\User\Documents\大學三年級\111-1-Windows-Programming\HW2\Library109590004\Forms\BookBorrowingForm.cs Line 40
FeatureEnvyDetector	WARN	 Library109590004.BookBorrowingForm envy Library109590004.BookBorrowingFormPresentationModel
FeatureEnvyDetector	WARN	use list:
FeatureEnvyDetector	WARN		GetBookButtonSize
FeatureEnvyDetector	WARN		GetCategoryBooksCount
FeatureEnvyDetector	WARN		GetCategoryCount
FeatureEnvyDetector	WARN	Finded Feature Envy
FeatureEnvyDetector	WARN	at C:\Users\User\Documents\大學三年級\111-1-Windows-Programming\HW2\Library109590004\Forms\BookBorrowingForm.cs Line 41
FeatureEnvyDetector	WARN	 Library109590004.BookBorrowingForm envy Library109590004.BookBorrowingFormPresentationModel
FeatureEnvyDetector	WARN	use list:
FeatureEnvyDetector	WARN		GetBookTag
FeatureEnvyDetector	WARN		GetCategoryBooksCount
FeatureEnvyDetector	WARN		GetCategoryCount
FeatureEnvyDetector	WARN	Finded Feature Envy
FeatureEnvyDetector	WARN	at C:\Users\User\Documents\大學三年級\111-1-Windows-Programming\HW2\Library109590004\Forms\BookBorrowingForm.cs Line 42
FeatureEnvyDetector	WARN	 Library109590004.BookBorrowingForm envy Library109590004.BookBorrowingFormPresentationModel
FeatureEnvyDetector	WARN	use list:
FeatureEnvyDetector	WARN		GetCategoryName
FeatureEnvyDetector	WARN		GetCategoryBooksCount
FeatureEnvyDetector	WARN		GetCategoryCount
FeatureEnvyDetector	WARN	Finded Feature Envy
FeatureEnvyDetector	WARN	at C:\Users\User\Documents\大學三年級\111-1-Windows-Programming\HW2\Library109590004\Forms\BookBorrowingForm.cs Line 44
FeatureEnvyDetector	WARN	 Library109590004.BookBorrowingForm envy Library109590004.BookBorrowingFormPresentationModel
FeatureEnvyDetector	WARN	use list:
FeatureEnvyDetector	WARN		GetCategoryName
FeatureEnvyDetector	WARN		GetCategoryBooksCount
FeatureEnvyDetector	WARN		GetCategoryCount
FeatureEnvyDetector	WARN	Finded Feature Envy
FeatureEnvyDetector	WARN	at C:\Users\User\Documents\大學三年級\111-1-Windows-Programming\HW2\Library109590004\Forms\BookBorrowingForm.cs Line 46
FeatureEnvyDetector	WARN	 Library109590004.BookBorrowingForm envy Library109590004.BookBorrowingFormPresentationModel
FeatureEnvyDetector	WARN	use list:
FeatureEnvyDetector	WARN		GetCategoryName
FeatureEnvyDetector	WARN		GetCategoryCount
FeatureEnvyDetector	WARN	Finded Feature Envy
FeatureEnvyDetector	WARN	at C:\Users\User\Documents\大學三年級\111-1-Windows-Programming\HW2\Library109590004\Forms\BookBorrowingForm.cs Line 33
FeatureEnvyDetector	WARN	 Library109590004.BookBorrowingForm envy Library109590004.BookBorrowingFormPresentationModel
FeatureEnvyDetector	WARN	use list:
FeatureEnvyDetector	WARN		GetCategoryName
FeatureEnvyDetector	WARN		GetCategoryCount
FeatureEnvyDetector	WARN	Finded Feature Envy
FeatureEnvyDetector	WARN	at C:\Users\User\Documents\大學三年級\111-1-Windows-Programming\HW2\Library109590004\Forms\BookBorrowingForm.cs Line 34
FeatureEnvyDetector	WARN	 Library109590004.BookBorrowingForm envy Library109590004.BookBorrowingFormPresentationModel
FeatureEnvyDetector	WARN	use list:
FeatureEnvyDetector	WARN		GetCategoryBooksCount
FeatureEnvyDetector	WARN		GetCategoryCount
FeatureEnvyDetector	WARN	Finded Feature Envy
FeatureEnvyDetector	WARN	at C:\Users\User\Documents\大學三年級\111-1-Windows-Programming\HW2\Library109590004\Forms\BookBorrowingForm.cs Line 38
FeatureEnvyDetector	WARN	 Library109590004.BookBorrowingForm envy Library109590004.BookBorrowingFormPresentationModel
FeatureEnvyDetector	WARN	use list:
FeatureEnvyDetector	WARN		GetBookButtonLocation
FeatureEnvyDetector	WARN		GetCategoryBooksCount
FeatureEnvyDetector	WARN		GetCategoryCount
FeatureEnvyDetector	WARN	Finded Feature Envy
FeatureEnvyDetector	WARN	at C:\Users\User\Documents\大學三年級\111-1-Windows-Programming\HW2\Library109590004\Forms\BookBorrowingForm.cs Line 39
FeatureEnvyDetector	WARN	 Library109590004.BookBorrowingForm envy Library109590004.BookBorrowingFormPresentationModel
FeatureEnvyDetector	WARN	use list:
FeatureEnvyDetector	WARN		GetBookNumber
FeatureEnvyDetector	WARN		GetCategoryBooksCount
FeatureEnvyDetector	WARN		GetCategoryCount
FeatureEnvyDetector	WARN	Finded Feature Envy
FeatureEnvyDetector	WARN	at C:\Users\User\Documents\大學三年級\111-1-Windows-Programming\HW2\Library109590004\Forms\BookBorrowingForm.cs Line 40
FeatureEnvyDetector	WARN	 Library109590004.BookBorrowingForm envy Library109590004.BookBorrowingFormPresentationModel
FeatureEnvyDetector	WARN	use list:
FeatureEnvyDetector	WARN		GetBookButtonSize
FeatureEnvyDetector	WARN		GetCategoryBooksCount
FeatureEnvyDetector	WARN		GetCategoryCount
FeatureEnvyDetector	WARN	Finded Feature Envy
FeatureEnvyDetector	WARN	at C:\Users\User\Documents\大學三年級\111-1-Windows-Programming\HW2\Library109590004\Forms\BookBorrowingForm.cs Line 41
FeatureEnvyDetector	WARN	 Library109590004.BookBorrowingForm envy Library109590004.BookBorrowingFormPresentationModel
FeatureEnvyDetector	WARN	use list:
FeatureEnvyDetector	WARN		GetBookTag
FeatureEnvyDetector	WARN		GetCategoryBooksCount
FeatureEnvyDetector	WARN		GetCategoryCount
FeatureEnvyDetector	WARN	Finded Feature Envy
FeatureEnvyDetector	WARN	at C:\Users\User\Documents\大學三年級\111-1-Windows-Programming\HW2\Library109590004\Forms\BookBorrowingForm.cs Line 42
FeatureEnvyDetector	WARN	 Library109590004.BookBorrowingForm envy Library109590004.BookBorrowingFormPresentationModel
FeatureEnvyDetector	WARN	use list:
FeatureEnvyDetector	WARN		GetCategoryName
FeatureEnvyDetector	WARN		GetCategoryBooksCount
FeatureEnvyDetector	WARN		GetCategoryCount
FeatureEnvyDetector	WARN	Finded Feature Envy
FeatureEnvyDetector	WARN	at C:\Users\User\Documents\大學三年級\111-1-Windows-Programming\HW2\Library109590004\Forms\BookBorrowingForm.cs Line 44
FeatureEnvyDetector	WARN	 Library109590004.BookBorrowingForm envy Library109590004.BookBorrowingFormPresentationModel
FeatureEnvyDetector	WARN	use list:
FeatureEnvyDetector	WARN		GetCategoryName
FeatureEnvyDetector	WARN		GetCategoryBooksCount
FeatureEnvyDetector	WARN		GetCategoryCount
FeatureEnvyDetector	WARN	Finded Feature Envy
FeatureEnvyDetector	WARN	at C:\Users\User\Documents\大學三年級\111-1-Windows-Programming\HW2\Library109590004\Forms\BookBorrowingForm.cs Line 46
FeatureEnvyDetector	WARN	 Library109590004.BookBorrowingForm envy Library109590004.BookBorrowingFormPresentationModel
FeatureEnvyDetector	WARN	use list:
FeatureEnvyDetector	WARN		GetCategoryName
FeatureEnvyDetector	WARN		GetCategoryCount
FeatureEnvyDetector	WARN	Finded Feature Envy
FeatureEnvyDetector	WARN	at C:\Users\User\Documents\大學三年級\111-1-Windows-Programming\HW2\Library109590004\Forms\BookBorrowingForm.cs Line 34
FeatureEnvyDetector	WARN	 Library109590004.BookBorrowingForm envy Library109590004.BookBorrowingFormPresentationModel
FeatureEnvyDetector	WARN	use list:
FeatureEnvyDetector	WARN		GetCategoryBooksCount
FeatureEnvyDetector	WARN		GetCategoryCount
FeatureEnvyDetector	WARN	Finded Feature Envy
FeatureEnvyDetector	WARN	at C:\Users\User\Documents\大學三年級\111-1-Windows-Programming\HW2\Library109590004\Forms\BookBorrowingForm.cs Line 38
FeatureEnvyDetector	WARN	 Library109590004.BookBorrowingForm envy Library109590004.BookBorrowingFormPresentationModel
FeatureEnvyDetector	WARN	use list:
FeatureEnvyDetector	WARN		GetBookButtonLocation
FeatureEnvyDetector	WARN		GetCategoryBooksCount
FeatureEnvyDetector	WARN		GetCategoryCount
FeatureEnvyDetector	WARN	Finded Feature Envy
FeatureEnvyDetector	WARN	at C:\Users\User\Documents\大學三年級\111-1-Windows-Programming\HW2\Library109590004\Forms\BookBorrowingForm.cs Line 39
FeatureEnvyDetector	WARN	 Library109590004.BookBorrowingForm envy Library109590004.BookBorrowingFormPresentationModel
FeatureEnvyDetector	WARN	use list:
FeatureEnvyDetector	WARN		GetBookNumber
FeatureEnvyDetector	WARN		GetCategoryBooksCount
FeatureEnvyDetector	WARN		GetCategoryCount
FeatureEnvyDetector	WARN	Finded Feature Envy
FeatureEnvyDetector	WARN	at C:\Users\User\Documents\大學三年級\111-1-Windows-Programming\HW2\Library109590004\Forms\BookBorrowingForm.cs Line 40
FeatureEnvyDetector	WARN	 Library109590004.BookBorrowingForm envy Library109590004.BookBorrowingFormPresentationModel
FeatureEnvyDetector	WARN	use list:
FeatureEnvyDetector	WARN		GetBookButtonSize
FeatureEnvyDetector	WARN		GetCategoryBooksCount
FeatureEnvyDetector	WARN		GetCategoryCount
FeatureEnvyDetector	WARN	Finded Feature Envy
FeatureEnvyDetector	WARN	at C:\Users\User\Documents\大學三年級\111-1-Windows-Programming\HW2\Library109590004\Forms\BookBorrowingForm.cs Line 41
FeatureEnvyDetector	WARN	 Library109590004.BookBorrowingForm envy Library109590004.BookBorrowingFormPresentationModel
FeatureEnvyDetector	WARN	use list:
FeatureEnvyDetector	WARN		GetBookTag
FeatureEnvyDetector	WARN		GetCategoryBooksCount
FeatureEnvyDetector	WARN		GetCategoryCount
FeatureEnvyDetector	WARN	Finded Feature Envy
FeatureEnvyDetector	WARN	at C:\Users\User\Documents\大學三年級\111-1-Windows-Programming\HW2\Library109590004\Forms\BookBorrowingForm.cs Line 38
FeatureEnvyDetector	WARN	 Library109590004.BookBorrowingForm envy Library109590004.BookBorrowingFormPresentationModel
FeatureEnvyDetector	WARN	use list:
FeatureEnvyDetector	WARN		GetBookButtonLocation
FeatureEnvyDetector	WARN		GetCategoryCount
FeatureEnvyDetector	WARN	Finded Feature Envy
FeatureEnvyDetector	WARN	at C:\Users\User\Documents\大學三年級\111-1-Windows-Programming\HW2\Library109590004\Forms\BookBorrowingForm.cs Line 39
FeatureEnvyDetector	WARN	 Library109590004.BookBorrowingForm envy Library109590004.BookBorrowingFormPresentationModel
FeatureEnvyDetector	WARN	use list:
FeatureEnvyDetector	WARN		GetBookNumber
FeatureEnvyDetector	WARN		GetCategoryCount
FeatureEnvyDetector	WARN	Finded Feature Envy
FeatureEnvyDetector	WARN	at C:\Users\User\Documents\大學三年級\111-1-Windows-Programming\HW2\Library109590004\Forms\BookBorrowingForm.cs Line 40
FeatureEnvyDetector	WARN	 Library109590004.BookBorrowingForm envy Library109590004.BookBorrowingFormPresentationModel
FeatureEnvyDetector	WARN	use list:
FeatureEnvyDetector	WARN		GetBookButtonSize
FeatureEnvyDetector	WARN		GetCategoryCount
FeatureEnvyDetector	WARN	Finded Feature Envy
FeatureEnvyDetector	WARN	at C:\Users\User\Documents\大學三年級\111-1-Windows-Programming\HW2\Library109590004\Forms\BookBorrowingForm.cs Line 41
FeatureEnvyDetector	WARN	 Library109590004.BookBorrowingForm envy Library109590004.BookBorrowingFormPresentationModel
FeatureEnvyDetector	WARN	use list:
FeatureEnvyDetector	WARN		GetBookTag
FeatureEnvyDetector	WARN		GetCategoryCount
FeatureEnvyDetector	WARN	Finded Feature Envy
FeatureEnvyDetector	WARN	at C:\Users\User\Documents\大學三年級\111-1-Windows-Programming\HW2\Library109590004\Forms\BookBorrowingForm.cs Line 38
FeatureEnvyDetector	WARN	 Library109590004.BookBorrowingForm envy Library109590004.BookBorrowingFormPresentationModel
FeatureEnvyDetector	WARN	use list:
FeatureEnvyDetector	WARN		GetBookButtonLocation
FeatureEnvyDetector	WARN		GetCategoryCount
FeatureEnvyDetector	WARN	Finded Feature Envy
FeatureEnvyDetector	WARN	at C:\Users\User\Documents\大學三年級\111-1-Windows-Programming\HW2\Library109590004\Forms\BookBorrowingForm.cs Line 39
FeatureEnvyDetector	WARN	 Library109590004.BookBorrowingForm envy Library109590004.BookBorrowingFormPresentationModel
FeatureEnvyDetector	WARN	use list:
FeatureEnvyDetector	WARN		GetBookNumber
FeatureEnvyDetector	WARN		GetCategoryCount
FeatureEnvyDetector	WARN	Finded Feature Envy
FeatureEnvyDetector	WARN	at C:\Users\User\Documents\大學三年級\111-1-Windows-Programming\HW2\Library109590004\Forms\BookBorrowingForm.cs Line 40
FeatureEnvyDetector	WARN	 Library109590004.BookBorrowingForm envy Library109590004.BookBorrowingFormPresentationModel
FeatureEnvyDetector	WARN	use list:
FeatureEnvyDetector	WARN		GetBookButtonSize
FeatureEnvyDetector	WARN		GetCategoryCount
FeatureEnvyDetector	WARN	Finded Feature Envy
FeatureEnvyDetector	WARN	at C:\Users\User\Documents\大學三年級\111-1-Windows-Programming\HW2\Library109590004\Forms\BookBorrowingForm.cs Line 41
FeatureEnvyDetector	WARN	 Library109590004.BookBorrowingForm envy Library109590004.BookBorrowingFormPresentationModel
FeatureEnvyDetector	WARN	use list:
FeatureEnvyDetector	WARN		GetBookTag
FeatureEnvyDetector	WARN		GetCategoryCount
